Log file open, 06/23/16 03:24:22
LogInit:Display: Running engine for game: LoseOrDie_Multi
LogPlatformFile: Not using cached read wrapper
LogInit:Display: RandInit(-358171537) SRandInit(-358171536).
LogTaskGraph: Started task graph with 4 named threads and 7 total threads with 1 sets of task threads.
LogStats: Stats thread started at 0.067392
LogInit: Version: 4.12.3-3013449+++UE4+Release-4.12
LogInit: API Version: 2992821
LogInit: Net Version: 3013449
LogDevObjectVersion: Number of dev versions registered: 13
LogDevObjectVersion:   Dev-Blueprints (B0D832E4-1F89-4F0D-ACCF-7EB736FD4AA2): 3
LogDevObjectVersion:   Dev-Build (E1C64328-A22C-4D53-A36C-8E866417BD8C): 0
LogDevObjectVersion:   Dev-Core (375EC13C-06E4-48FB-B500-84F0262A717E): 1
LogDevObjectVersion:   Dev-Editor (E4B068ED-F494-42E9-A231-DA0B2E46BB41): 2
LogDevObjectVersion:   Dev-Framework (CFFC743F-43B0-4480-9391-14DF171D2073): 6
LogDevObjectVersion:   Dev-Mobile (B02B49B5-BB20-44E9-A304-32B752E40360): 0
LogDevObjectVersion:   Dev-Networking (A4E4105C-59A1-49B5-A7C5-40C4547EDFEE): 0
LogDevObjectVersion:   Dev-Online (39C831C9-5AE6-47DC-9A44-9C173E1C8E7C): 0
LogDevObjectVersion:   Dev-Physics (78F01B33-EBEA-4F98-B9B4-84EACCB95AA2): 0
LogDevObjectVersion:   Dev-Platform (6631380F-2D4D-43E0-8009-CF276956A95A): 0
LogDevObjectVersion:   Dev-Rendering (12F88B9F-8875-4AFC-A67C-D90C383ABD29): 2
LogDevObjectVersion:   Dev-Sequencer (7B5AE74C-D270-4C10-A958-57980B212A5A): 0
LogDevObjectVersion:   Dev-VR (D7296918-1DD6-4BDD-9DE2-64A83CC13884): 0
LogInit: Compiled (64-bit): Jun 14 2016 17:53:16
LogInit: Compiled with Visual C++: 19.00.23026.00
LogInit: Build Configuration: Development
LogInit: Branch Name: ++UE4+Release-4.12
LogInit: Command line:  
LogInit: Base directory: C:/Program Files/Epic Games/4.12/Engine/Binaries/Win64/
LogInit: Installed Engine Build: 1
LogInit: Using libcurl 7.41.0
LogInit:  - built for x86_64-pc-win32
LogInit:  - supports SSL with WinSSL
LogInit:  - other features:
LogInit:      CURL_VERSION_SSL
LogInit:      CURL_VERSION_IPV6
LogInit:      CURL_VERSION_ASYNCHDNS
LogInit:      CURL_VERSION_LARGEFILE
LogInit:      CURL_VERSION_IDN
LogInit:  CurlRequestOptions (configurable via config and command line):
LogInit:  - bVerifyPeer = true  - Libcurl will verify peer certificate
LogInit:  - bUseHttpProxy = false  - Libcurl will NOT use HTTP proxy
LogInit:  - bDontReuseConnections = false  - Libcurl will reuse connections
LogInit:  - CertBundlePath = nullptr  - Libcurl will use whatever was configured at build time.
LogInit: Presizing for max 8388607 objects, including 0 objects not considered by GC, pre-allocating 0 bytes for permanent pool.
LogInit: Object subsystem initialized
[2016.06.23-06.24.22:945][  0]LogInit: Selected Device Profile: [Windows]
[2016.06.23-06.24.22:945][  0]LogInit: Applying CVar settings loaded from the selected device profile: [Windows]
[2016.06.23-06.24.22:955][  0]LogInit: Computer: RKANEHISA-PC
[2016.06.23-06.24.22:955][  0]LogInit: User: RKanehisa
[2016.06.23-06.24.22:955][  0]LogInit: CPU Page size=65536, Cores=4
[2016.06.23-06.24.22:955][  0]LogInit: High frequency timer resolution =3.215390 MHz
[2016.06.23-06.24.22:955][  0]LogMemory: Memory total: Physical=11.9GB (12GB approx)
[2016.06.23-06.24.22:955][  0]LogMemory: Platform Memory Stats for Windows
[2016.06.23-06.24.22:955][  0]LogMemory: Process Physical Memory: 191.04 MB used, 191.04 MB peak
[2016.06.23-06.24.22:955][  0]LogMemory: Process Virtual Memory: 196.30 MB used, 196.30 MB peak
[2016.06.23-06.24.22:955][  0]LogMemory: Physical Memory: 6651.99 MB used, 12141.12 MB total
[2016.06.23-06.24.22:955][  0]LogMemory: Virtual Memory: 523.84 MB used, 8388608.00 MB total
[2016.06.23-06.24.23:394][  0]LogD3D11RHI: D3D11 adapters:
[2016.06.23-06.24.23:410][  0]LogD3D11RHI:    0. 'NVIDIA GeForce GTX 750 Ti' (Feature Level 11_0)
[2016.06.23-06.24.23:410][  0]LogD3D11RHI:       1992/0/2048 MB DedicatedVideo/DedicatedSystem/SharedSystem, Outputs:1, VendorId:0x10de
[2016.06.23-06.24.23:415][  0]LogD3D11RHI:    1. 'Intel(R) HD Graphics' (Feature Level 10_0)
[2016.06.23-06.24.23:415][  0]LogD3D11RHI:       128/0/1632 MB DedicatedVideo/DedicatedSystem/SharedSystem, Outputs:0, VendorId:0x8086
[2016.06.23-06.24.23:415][  0]LogD3D11RHI: Chosen D3D11 Adapter: 0
[2016.06.23-06.24.23:419][  0]LogD3D11RHI: Creating new Direct3DDevice
[2016.06.23-06.24.23:419][  0]LogD3D11RHI:     GPU DeviceId: 0x1380 (for the marketing name, search the web for "GPU Device Id")
[2016.06.23-06.24.23:419][  0]LogWindows: EnumDisplayDevices:
[2016.06.23-06.24.23:420][  0]LogWindows:    0. 'NVIDIA GeForce GTX 750 Ti' (P:1 D:1)
[2016.06.23-06.24.23:420][  0]LogWindows:    1. 'NVIDIA GeForce GTX 750 Ti' (P:0 D:0)
[2016.06.23-06.24.23:420][  0]LogWindows:    2. 'NVIDIA GeForce GTX 750 Ti' (P:0 D:0)
[2016.06.23-06.24.23:420][  0]LogWindows:    3. 'NVIDIA GeForce GTX 750 Ti' (P:0 D:0)
[2016.06.23-06.24.23:420][  0]LogWindows:    4. 'Intel(R) HD Graphics' (P:0 D:0)
[2016.06.23-06.24.23:420][  0]LogWindows:    5. 'Intel(R) HD Graphics' (P:0 D:0)
[2016.06.23-06.24.23:420][  0]LogWindows:    6. 'RDPDD Chained DD' (P:0 D:0)
[2016.06.23-06.24.23:420][  0]LogWindows:    7. 'RDP Encoder Mirror Driver' (P:0 D:0)
[2016.06.23-06.24.23:420][  0]LogWindows:    8. 'RDP Reflector Display Driver' (P:0 D:0)
[2016.06.23-06.24.23:421][  0]LogWindows: DebugString: PrimaryIsNotTheChoosenAdapter PrimaryIsNotTheChoosenAdapter GetVideoDriverDetailsInvalid PrimaryIsNotTheChoosenAdapter GetVideoDriverDetailsInvalid PrimaryIsNotTheChoosenAdapter GetVideoDriverDetailsInvalid PrimaryIsNotTheChoosenAdapter FoundDriverCount:4 
[2016.06.23-06.24.23:421][  0]LogD3D11RHI:     Adapter Name: NVIDIA GeForce GTX 750 Ti
[2016.06.23-06.24.23:421][  0]LogD3D11RHI:   Driver Version: 368.39 (internal:10.18.13.6839, unified:368.39)
[2016.06.23-06.24.23:421][  0]LogD3D11RHI:      Driver Date: 6-2-2016
[2016.06.23-06.24.23:421][  0]LogRHI: Texture pool is 1361 MB (70% of 1945 MB)
[2016.06.23-06.24.23:426][  0]LogD3D11RHI: Async texture creation enabled
[2016.06.23-06.24.23:441][  0]LogD3D11RHI: GPU Timing Frequency: 1000.000000 (Debug: 2 2)
[2016.06.23-06.24.23:441][  0]LogShaderCompilers: Guid format shader working directory is -1 characters bigger than the processId version (F:/Meus documentos/Unreal Projects/LoseOrDie_Multi/Intermediate/Shaders/WorkingDirectory/9460/).
[2016.06.23-06.24.23:441][  0]LogShaderCompilers: Cleaned the shader compiler working directory 'C:/Users/RKANEH~1/AppData/Local/Temp/UnrealShaderWorkingDir/31E87C1B460AA91F7BA4928F75FF41C3/'.
[2016.06.23-06.24.23:441][  0]LogShaderCompilers:Display: Using Local Shader Compiler.
[2016.06.23-06.24.25:505][  0]LogTemp:Display: Loaded TP AllDesktopTargetPlatform
[2016.06.23-06.24.25:514][  0]LogTemp:Display: Loaded TP WindowsClientTargetPlatform
[2016.06.23-06.24.25:524][  0]LogTemp:Display: Loaded TP WindowsNoEditorTargetPlatform
[2016.06.23-06.24.25:533][  0]LogTemp:Display: Loaded TP WindowsServerTargetPlatform
[2016.06.23-06.24.25:542][  0]LogTemp:Display: Loaded TP WindowsTargetPlatform
[2016.06.23-06.24.25:550][  0]LogTemp:Display: Loaded TP AndroidTargetPlatform
[2016.06.23-06.24.25:559][  0]LogTemp:Display: Loaded TP Android_ASTCTargetPlatform
[2016.06.23-06.24.25:567][  0]LogTemp:Display: Loaded TP Android_ATCTargetPlatform
[2016.06.23-06.24.25:575][  0]LogTemp:Display: Loaded TP Android_DXTTargetPlatform
[2016.06.23-06.24.25:583][  0]LogTemp:Display: Loaded TP Android_ETC1TargetPlatform
[2016.06.23-06.24.25:591][  0]LogTemp:Display: Loaded TP Android_ETC2TargetPlatform
[2016.06.23-06.24.25:608][  0]LogTemp:Display: Loaded TP Android_MultiTargetPlatform
[2016.06.23-06.24.25:608][  0]LogTemp:Display: Loaded TP Android_PVRTCTargetPlatform
[2016.06.23-06.24.25:610][  0]LogTemp:Display: Loaded TP HTML5TargetPlatform
[2016.06.23-06.24.25:631][  0]LogTemp:Display: Loaded TP IOSTargetPlatform
[2016.06.23-06.24.25:639][  0]LogTemp:Display: Loaded TP TVOSTargetPlatform
[2016.06.23-06.24.25:647][  0]LogTemp:Display: Loaded TP LinuxNoEditorTargetPlatform
[2016.06.23-06.24.25:655][  0]LogTemp:Display: Loaded TP LinuxServerTargetPlatform
[2016.06.23-06.24.25:663][  0]LogTemp:Display: Loaded TP LinuxTargetPlatform
[2016.06.23-06.24.25:663][  0]LogTargetPlatformManager:Display: Building Assets For Windows
[2016.06.23-06.24.25:737][  0]LogDerivedDataCache:Display: Max Cache Size: 512 MB
[2016.06.23-06.24.25:793][  0]LogDerivedDataCache: Loaded boot cache 0.06s 48MB C:/Users/RKanehisa/AppData/Local/UnrealEngine/4.12/DerivedDataCache/Boot.ddc.
[2016.06.23-06.24.25:794][  0]LogDerivedDataCache:Display: Loaded Boot cache: C:/Users/RKanehisa/AppData/Local/UnrealEngine/4.12/DerivedDataCache/Boot.ddc
[2016.06.23-06.24.25:794][  0]LogDerivedDataCache: FDerivedDataBackendGraph:  Pak pak cache file F:/Meus documentos/Unreal Projects/LoseOrDie_Multi/DerivedDataCache/DDC.ddp not found, will not use a pak cache.
[2016.06.23-06.24.25:794][  0]LogDerivedDataCache: Unable to find inner node Pak for hierarchical cache Hierarchy.
[2016.06.23-06.24.25:794][  0]LogDerivedDataCache: FDerivedDataBackendGraph:  CompressedPak pak cache file F:/Meus documentos/Unreal Projects/LoseOrDie_Multi/DerivedDataCache/Compressed.ddp not found, will not use a pak cache.
[2016.06.23-06.24.25:794][  0]LogDerivedDataCache: Unable to find inner node CompressedPak for hierarchical cache Hierarchy.
[2016.06.23-06.24.25:810][  0]LogDerivedDataCache:Display: Pak cache opened for reading ../../../Engine/DerivedDataCache/Compressed.ddp.
[2016.06.23-06.24.25:821][  0]LogDerivedDataCache: Using Local data cache path C:/Users/RKanehisa/AppData/Local/UnrealEngine/Common/DerivedDataCache: Writable
[2016.06.23-06.24.26:004][  0]LogInit: Selected Device Profile: [Windows]
[2016.06.23-06.24.26:004][  0]LogContentStreaming: Texture pool size is 0.00 MB
[2016.06.23-06.24.26:160][  0]LogMeshUtilities: No automatic mesh reduction module available
[2016.06.23-06.24.26:160][  0]LogMeshUtilities: No automatic mesh merging module available
[2016.06.23-06.24.26:160][  0]LogMeshUtilities: No distributed automatic mesh merging module available
[2016.06.23-06.24.26:405][  0]LogAssetRegistry: FAssetRegistry took 0.0201 seconds to start up
[2016.06.23-06.24.26:452][  0]LogPackageLocalizationCache: Processed 4 localized package path(s) for 1 prioritized culture(s) in 0.044529 seconds
[2016.06.23-06.24.26:457][  0]LogUObjectArray: 28739 objects as part of root set at end of initial load.
[2016.06.23-06.24.26:457][  0]LogUObjectAllocator: 5855632 out of 0 bytes used by permanent object pool.
[2016.06.23-06.24.26:457][  0]LogUObjectArray: CloseDisregardForGC: 0/0 objects in disregard for GC pool
[2016.06.23-06.24.26:463][  0]LogInit: WinSock: version 1.1 (2.2), MaxSocks=32767, MaxUdp=65467
[2016.06.23-06.24.26:659][  0]LogSlate: SlateFontCache - WITH_FREETYPE: 1, WITH_HARFBUZZ: 1
[2016.06.23-06.24.26:659][  0]LogSlate: SlateFontCache - WITH_FREETYPE: 1, WITH_HARFBUZZ: 1
[2016.06.23-06.24.27:261][  0]LogUdpMessaging: Initializing bridge on interface 0.0.0.0:0 to multicast group 230.0.0.1:6666.
[2016.06.23-06.24.27:457][  0]SourceControl: Info Source control is disabled
[2016.06.23-06.24.27:486][  0]SourceControl: Info Source control is disabled
[2016.06.23-06.24.27:492][  0]SourceControl: Info Source control is disabled
[2016.06.23-06.24.27:499][  0]SourceControl: Info Source control is disabled
[2016.06.23-06.24.27:704][  0]LogEngine: Initializing Engine...
[2016.06.23-06.24.27:706][  0]LogHMD: SteamVR failed to initialize.  Err: 110
[2016.06.23-06.24.27:708][  0]LogHMD: SteamVR failed to initialize.  Err: 110
[2016.06.23-06.24.27:849][  0]LogAIModule: Creating AISystem for world NewWorld
[2016.06.23-06.24.27:858][  0]LogInit: XAudio2 using 'Speakers (3- Logitech G930 Gaming Headset)' : 2 channels at 44.1 kHz using 16 bits per sample (channel mask 0x3)
[2016.06.23-06.24.27:872][  0]LogInit: FAudioDevice initialized.
[2016.06.23-06.24.27:898][  0]LogDerivedDataCache: Saved boot cache 0.03s 48MB C:/Users/RKanehisa/AppData/Local/UnrealEngine/4.12/DerivedDataCache/Boot.ddc.
[2016.06.23-06.24.27:910][  0]LogInit: Texture streaming: Enabled
[2016.06.23-06.24.27:940][  0]LogInit: Transaction tracking system initialized
[2016.06.23-06.24.27:966][  0]BlueprintLog: New page: Editor Load
[2016.06.23-06.24.28:057][  0]LocalizationService: Info Localization service is disabled
[2016.06.23-06.24.28:132][  0]LogConsoleResponse:Display: 
[2016.06.23-06.24.28:235][  0]LogCook:Display: Max memory allowance for cook 8192mb
[2016.06.23-06.24.28:235][  0]LogCook:Display: Mobile HDR setting 1
[2016.06.23-06.24.28:330][  0]LogFileCache: Scanning file cache for directory 'F:/Meus documentos/Unreal Projects/LoseOrDie_Multi/Content/' took 0.01s
[2016.06.23-06.24.28:330][  0]SourceControl: Info Source control is disabled
[2016.06.23-06.24.28:330][  0]Cmd: MAP LOAD FILE="F:/Meus documentos/Unreal Projects/LoseOrDie_Multi/Content/Maps/MultiplayerLevel.umap" TEMPLATE=0 SHOWPROGRESS=1 FEATURELEVEL=3
[2016.06.23-06.24.28:331][  0]LightingResults: New page: Lighting Build
[2016.06.23-06.24.28:333][  0]MapCheck: New page: Map Check
[2016.06.23-06.24.28:333][  0]LightingResults: New page: Lighting Build
[2016.06.23-06.24.29:097][  0]LogAIModule: Creating AISystem for world MultiplayerLevel
[2016.06.23-06.24.29:102][  0]LogEditorServer: Finished looking for orphan Actors (0.000 secs)
[2016.06.23-06.24.29:102][  0]Cmd: MAP CHECKDEP NOCLEARLOG
[2016.06.23-06.24.29:146][  0]MapCheck: Info Map check complete: 0 Error(s), 0 Warning(s), took 43.608ms to complete.
[2016.06.23-06.24.29:146][  0]LogFileHelpers: Loading map 'MultiplayerLevel' took 0.816
[2016.06.23-06.24.29:263][  0]LogCollectionManager: Loaded 0 collections in 0.001388 seconds
[2016.06.23-06.24.29:299][  0]LogFileCache: Scanning file cache for directory 'F:/Meus documentos/Unreal Projects/LoseOrDie_Multi/Saved/Collections/' took 0.01s
[2016.06.23-06.24.29:299][  0]LogFileCache: Scanning file cache for directory 'F:/Meus documentos/Unreal Projects/LoseOrDie_Multi/Content/Developers/RKanehisa/Collections/' took 0.01s
[2016.06.23-06.24.29:299][  0]LogFileCache: Scanning file cache for directory 'F:/Meus documentos/Unreal Projects/LoseOrDie_Multi/Content/Collections/' took 0.01s
[2016.06.23-06.24.29:299][  0]LogCollectionManager: Rebuilt the GUID cache for 0 collections in 0.000002 seconds
[2016.06.23-06.24.29:308][  0]LogContentBrowser: Native class hierarchy populated in 0.0086 seconds. Added 2066 classes and 378 folders.
[2016.06.23-06.24.29:311][  0]LogStats: UGameplayTagsManager::ConstructGameplayTagTree: Construct from data asset -  0.000 s
[2016.06.23-06.24.29:311][  0]LogStats: UGameplayTagsManager::ConstructGameplayTagTree: GameplayTagTreeChangedEvent.Broadcast -  0.000 s
[2016.06.23-06.24.29:312][  0]LogContentBrowser: Native class hierarchy updated for 'GameplayTags' in 0.0004 seconds. Added 12 classes and 0 folders.
[2016.06.23-06.24.29:315][  0]LogContentBrowser: Native class hierarchy updated for 'WidgetCarousel' in 0.0003 seconds. Added 0 classes and 0 folders.
[2016.06.23-06.24.29:349][  0]LogContentBrowser: Native class hierarchy updated for 'AddContentDialog' in 0.0004 seconds. Added 0 classes and 0 folders.
[2016.06.23-06.24.29:354][  0]LogContentBrowser: Native class hierarchy updated for 'SceneOutliner' in 0.0004 seconds. Added 1 classes and 2 folders.
[2016.06.23-06.24.29:368][  0]LogCrashTracker: Crashtracker disabled due to settings.
[2016.06.23-06.24.29:373][  0]LogUObjectGlobals:Warning: Failed to find object 'Class None.'
[2016.06.23-06.24.29:398][  0]LogContentBrowser: Native class hierarchy updated for 'HierarchicalLODOutliner' in 0.0004 seconds. Added 1 classes and 2 folders.
[2016.06.23-06.24.29:398][  0]LogLoad: Full Startup: 7.04 seconds (BP compile: 0.20 seconds)
[2016.06.23-06.24.29:398][  0]LogExternalProfiler: Found external profiler: VSPerf
[2016.06.23-06.24.29:398][  0]LogExternalProfiler: Using external profiler: VSPerf
[2016.06.23-06.24.29:737][  0]LogOcInput: OculusInput pre-init called
[2016.06.23-06.24.29:756][  0]LogContentStreaming: Texture pool size now 1000 MB
[2016.06.23-06.24.29:906][  0]LogRenderer: Reallocating scene render targets to support 1056x556 (Frame:2).
[2016.06.23-06.24.30:407][  2]LogAssetRegistry: Asset discovery search completed in 4.0230 seconds
[2016.06.23-06.24.30:407][  2]LogCollectionManager: Rebuilt the object cache for 0 collections in 0.000001 seconds (found 0 objects)
[2016.06.23-06.24.30:407][  2]LogCollectionManager: Fixed up redirectors for 0 collections in 0.000023 seconds (updated 0 objects)
[2016.06.23-06.24.51:992][983]LogEditorFactories: Performing atomic reimport of [F:/Meus documentos/Unreal Projects/CubeNormals.png]
[2016.06.23-06.24.51:992][983]LogFactory: FactoryCreateFile: Texture2D with ReimportTextureFactory (0 0 F:/Meus documentos/Unreal Projects/CubeNormals.png)
[2016.06.23-06.24.52:041][983]LogTexture:Display: Building textures: CubeNormals (BC5)
[2016.06.23-06.24.52:179][983]LogEditorFactories: -- imported successfully
[2016.06.23-06.24.56:479][399]LogMaterial: Missing cached shader map for material M_Cube, compiling. 
[2016.06.23-06.24.56:579][399]LogMaterial: Missing cached shader map for material M_Cube, compiling. 
[2016.06.23-06.24.56:586][399]LogMaterial: 0.00 seconds spent updating 1 materials, 1 interfaces, 0 instances, 0 with static permutations.
[2016.06.23-06.24.56:610][399]LogMaterial: Missing cached shader map for material FMatExpressionPreview MaterialExpressionConstant3Vector_0, compiling. 
[2016.06.23-06.24.56:613][399]LogMaterial: Missing cached shader map for material FMatExpressionPreview MaterialExpressionTextureSample_4, compiling. 
[2016.06.23-06.24.56:617][399]LogMaterial: Missing cached shader map for material FMatExpressionPreview MaterialExpressionTextureSample_2, compiling. 
[2016.06.23-06.24.56:620][399]LogMaterial: Missing cached shader map for material FMatExpressionPreview MaterialExpressionConstant3Vector_1, compiling. 
[2016.06.23-06.24.59:021][585]MaterialEditorStats: Info Base pass shader with only dynamic lighting: 45 instructions
[2016.06.23-06.24.59:021][585]MaterialEditorStats: Info Vertex shader: 31 instructions
[2016.06.23-06.24.59:021][585]MaterialEditorStats: Info Texture samplers: 2/16
[2016.06.23-06.25.10:130][560]LogMaterial: Missing cached shader map for material M_Cube, compiling. 
[2016.06.23-06.25.10:137][560]LogMaterial: 0.00 seconds spent updating 1 materials, 1 interfaces, 0 instances, 0 with static permutations.
[2016.06.23-06.25.10:140][560]LogMaterial: Missing cached shader map for material M_Cube, compiling. 
[2016.06.23-06.25.10:146][560]LogMaterial: 0.00 seconds spent updating 1 materials, 1 interfaces, 0 instances, 0 with static permutations.
[2016.06.23-06.25.10:170][560]LogMaterial: Missing cached shader map for material FMatExpressionPreview MaterialExpressionTextureSample_4, compiling. 
[2016.06.23-06.25.11:662][653]MaterialEditorStats: Info Base pass shader with only dynamic lighting: 45 instructions
[2016.06.23-06.25.11:662][653]MaterialEditorStats: Info Vertex shader: 31 instructions
[2016.06.23-06.25.11:662][653]MaterialEditorStats: Info Texture samplers: 2/16
[2016.06.23-06.25.13:010][776]LogMaterial: Missing cached shader map for material M_Cube, compiling. 
[2016.06.23-06.25.13:017][776]LogMaterial: 0.00 seconds spent updating 1 materials, 1 interfaces, 0 instances, 0 with static permutations.
[2016.06.23-06.25.14:451][872]MaterialEditorStats: Info Base pass shader with only dynamic lighting: 45 instructions
[2016.06.23-06.25.14:451][872]MaterialEditorStats: Info Vertex shader: 31 instructions
[2016.06.23-06.25.14:451][872]MaterialEditorStats: Info Texture samplers: 2/16
[2016.06.23-06.25.16:612][ 66]LogMaterial: Missing cached shader map for material M_Cube, compiling. 
[2016.06.23-06.25.16:618][ 66]LogMaterial: 0.00 seconds spent updating 1 materials, 1 interfaces, 0 instances, 0 with static permutations.
[2016.06.23-06.25.18:193][166]MaterialEditorStats: Info Base pass shader with only dynamic lighting: 46 instructions
[2016.06.23-06.25.18:193][166]MaterialEditorStats: Info Vertex shader: 31 instructions
[2016.06.23-06.25.18:193][166]MaterialEditorStats: Info Texture samplers: 2/16
[2016.06.23-06.25.24:544][735]LogMaterial: Missing cached shader map for material M_Cube, compiling. 
[2016.06.23-06.25.24:552][735]LogMaterial: 0.00 seconds spent updating 1 materials, 1 interfaces, 0 instances, 0 with static permutations.
[2016.06.23-06.25.26:008][831]MaterialEditorStats: Info Base pass shader with only dynamic lighting: 46 instructions
[2016.06.23-06.25.26:008][831]MaterialEditorStats: Info Vertex shader: 31 instructions
[2016.06.23-06.25.26:008][831]MaterialEditorStats: Info Texture samplers: 2/16
[2016.06.23-06.25.32:106][385]LogMaterial: Missing cached shader map for material M_Cube, compiling. 
[2016.06.23-06.25.32:114][385]LogMaterial: 0.00 seconds spent updating 1 materials, 1 interfaces, 0 instances, 0 with static permutations.
[2016.06.23-06.25.32:138][385]LogMaterial: Missing cached shader map for material FMatExpressionPreview MaterialExpressionTextureSample_4, compiling. 
[2016.06.23-06.25.33:746][496]MaterialEditorStats: Info Base pass shader with only dynamic lighting: 45 instructions
[2016.06.23-06.25.33:746][496]MaterialEditorStats: Info Vertex shader: 31 instructions
[2016.06.23-06.25.33:746][496]MaterialEditorStats: Info Texture samplers: 2/16
[2016.06.23-06.25.34:566][569]LogMaterial: Missing cached shader map for material M_Cube, compiling. 
[2016.06.23-06.25.34:573][569]LogMaterial: 0.00 seconds spent updating 1 materials, 1 interfaces, 0 instances, 0 with static permutations.
[2016.06.23-06.25.35:956][652]MaterialEditorStats: Info Base pass shader with only dynamic lighting: 45 instructions
[2016.06.23-06.25.35:956][652]MaterialEditorStats: Info Vertex shader: 31 instructions
[2016.06.23-06.25.35:956][652]MaterialEditorStats: Info Texture samplers: 2/16
[2016.06.23-06.28.59:892][ 89]LogMaterial: Missing cached shader map for material M_Cube, compiling. 
[2016.06.23-06.28.59:899][ 89]LogMaterial: 0.00 seconds spent updating 1 materials, 1 interfaces, 0 instances, 0 with static permutations.
[2016.06.23-06.29.01:509][200]MaterialEditorStats: Info Base pass shader with only dynamic lighting: 45 instructions
[2016.06.23-06.29.01:509][200]MaterialEditorStats: Info Vertex shader: 31 instructions
[2016.06.23-06.29.01:509][200]MaterialEditorStats: Info Texture samplers: 2/16
[2016.06.23-06.31.14:919][568]LogEditorFactories: Performing atomic reimport of [F:/Meus documentos/Unreal Projects/Cube.fbx]
[2016.06.23-06.31.14:953][568]LogFbx: Loading FBX Scene from F:/Meus documentos/Unreal Projects/Cube.fbx
[2016.06.23-06.31.14:958][568]LogFbx: FBX Scene Loaded Succesfully
[2016.06.23-06.31.14:960][568]LogFbx:Warning: Warning Warning: No smoothing group information was found in this FBX scene.  Please make sure to enable the 'Export Smoothing Groups' option in the FBX Exporter plug-in before exporting the file.  Even for tools that don't support smoothing groups, the FBX Exporter will generate appropriate smoothing data at export-time so that correct vertex normals can be inferred while importing.
[2016.06.23-06.31.14:962][568]LogFbx:Warning: Triangulating static mesh Cube
[2016.06.23-06.31.15:005][568]LogStaticMesh: Building static mesh Cube...
[2016.06.23-06.31.15:007][568]LogStaticMesh: Built static mesh [0.00s] /Game/Assets/Legacy/Meshes/Cube.Cube
[2016.06.23-06.31.15:020][568]LogEditorFactories: -- imported successfully
[2016.06.23-06.31.17:345][699]LogRenderer: Reallocating scene render targets to support 1252x892 (Frame:12819).
[2016.06.23-06.33.47:526][431]LogEditorFactories: Performing atomic reimport of [F:/Meus documentos/Unreal Projects/Cube.fbx]
[2016.06.23-06.33.47:559][431]LogFbx: Loading FBX Scene from F:/Meus documentos/Unreal Projects/Cube.fbx
[2016.06.23-06.33.47:565][431]LogFbx: FBX Scene Loaded Succesfully
[2016.06.23-06.33.47:566][431]LogFbx:Warning: Warning Warning: No smoothing group information was found in this FBX scene.  Please make sure to enable the 'Export Smoothing Groups' option in the FBX Exporter plug-in before exporting the file.  Even for tools that don't support smoothing groups, the FBX Exporter will generate appropriate smoothing data at export-time so that correct vertex normals can be inferred while importing.
[2016.06.23-06.33.47:567][431]LogFbx:Warning: Triangulating static mesh Cube
[2016.06.23-06.33.47:599][431]LogStaticMesh: Building static mesh Cube...
[2016.06.23-06.33.47:603][431]LogStaticMesh: Built static mesh [0.00s] /Game/Assets/Legacy/Meshes/Cube.Cube
[2016.06.23-06.33.47:610][431]LogEditorFactories: -- imported successfully
[2016.06.23-06.34.14:439][576]LogMaterial: Missing cached shader map for material M_Cube, compiling. 
[2016.06.23-06.34.14:446][576]LogMaterial: 0.00 seconds spent updating 1 materials, 1 interfaces, 0 instances, 0 with static permutations.
[2016.06.23-06.34.15:962][728]MaterialEditorStats: Info Base pass shader with only dynamic lighting: 45 instructions
[2016.06.23-06.34.15:962][728]MaterialEditorStats: Info Vertex shader: 31 instructions
[2016.06.23-06.34.15:962][728]MaterialEditorStats: Info Texture samplers: 2/16
[2016.06.23-06.34.16:549][798]LogMaterial: Missing cached shader map for material M_Cube, compiling. 
[2016.06.23-06.34.16:556][798]LogMaterial: 0.00 seconds spent updating 1 materials, 1 interfaces, 0 instances, 0 with static permutations.
[2016.06.23-06.34.17:823][933]MaterialEditorStats: Info Base pass shader with only dynamic lighting: 45 instructions
[2016.06.23-06.34.17:823][933]MaterialEditorStats: Info Vertex shader: 31 instructions
[2016.06.23-06.34.17:823][933]MaterialEditorStats: Info Texture samplers: 2/16
[2016.06.23-06.34.22:636][510]LogMaterial: Missing cached shader map for material M_Cube, compiling. 
[2016.06.23-06.34.22:643][510]LogMaterial: 0.00 seconds spent updating 1 materials, 1 interfaces, 0 instances, 0 with static permutations.
[2016.06.23-06.34.23:986][652]MaterialEditorStats: Info Base pass shader with only dynamic lighting: 45 instructions
[2016.06.23-06.34.23:986][652]MaterialEditorStats: Info Vertex shader: 31 instructions
[2016.06.23-06.34.23:986][652]MaterialEditorStats: Info Texture samplers: 2/16
[2016.06.23-06.34.33:038][736]LogMaterial: Missing cached shader map for material M_Cube, compiling. 
[2016.06.23-06.34.33:045][736]LogMaterial: 0.00 seconds spent updating 1 materials, 1 interfaces, 0 instances, 0 with static permutations.
[2016.06.23-06.34.34:346][878]MaterialEditorStats: Info Base pass shader with only dynamic lighting: 45 instructions
[2016.06.23-06.34.34:346][878]MaterialEditorStats: Info Vertex shader: 31 instructions
[2016.06.23-06.34.34:346][878]MaterialEditorStats: Info Texture samplers: 2/16
[2016.06.23-06.34.36:597][146]LogMaterial: Missing cached shader map for material M_Cube, compiling. 
[2016.06.23-06.34.36:604][146]LogMaterial: 0.00 seconds spent updating 1 materials, 1 interfaces, 0 instances, 0 with static permutations.
[2016.06.23-06.34.37:887][274]MaterialEditorStats: Info Base pass shader with only dynamic lighting: 45 instructions
[2016.06.23-06.34.37:887][274]MaterialEditorStats: Info Vertex shader: 31 instructions
[2016.06.23-06.34.37:887][274]MaterialEditorStats: Info Texture samplers: 2/16
[2016.06.23-06.34.46:738][328]LogMaterial: Missing cached shader map for material M_Cube, compiling. 
[2016.06.23-06.34.46:745][328]LogMaterial: 0.00 seconds spent updating 1 materials, 1 interfaces, 0 instances, 0 with static permutations.
[2016.06.23-06.34.47:944][438]MaterialEditorStats: Info Base pass shader with only dynamic lighting: 45 instructions
[2016.06.23-06.34.47:944][438]MaterialEditorStats: Info Vertex shader: 31 instructions
[2016.06.23-06.34.47:944][438]MaterialEditorStats: Info Texture samplers: 2/16
[2016.06.23-06.34.52:801][ 20]LogMaterial: Missing cached shader map for material M_Cube, compiling. 
[2016.06.23-06.34.52:808][ 20]LogMaterial: 0.00 seconds spent updating 1 materials, 1 interfaces, 0 instances, 0 with static permutations.
[2016.06.23-06.34.54:048][150]MaterialEditorStats: Info Base pass shader with only dynamic lighting: 45 instructions
[2016.06.23-06.34.54:048][150]MaterialEditorStats: Info Vertex shader: 31 instructions
[2016.06.23-06.34.54:048][150]MaterialEditorStats: Info Texture samplers: 2/16
[2016.06.23-06.34.57:677][585]LogMaterial: Missing cached shader map for material M_Cube, compiling. 
[2016.06.23-06.34.57:684][585]LogMaterial: 0.00 seconds spent updating 1 materials, 1 interfaces, 0 instances, 0 with static permutations.
[2016.06.23-06.34.58:852][695]MaterialEditorStats: Info Base pass shader with only dynamic lighting: 45 instructions
[2016.06.23-06.34.58:852][695]MaterialEditorStats: Info Vertex shader: 31 instructions
[2016.06.23-06.34.58:852][695]MaterialEditorStats: Info Texture samplers: 2/16
[2016.06.23-06.35.02:013][ 72]LogMaterial: Missing cached shader map for material M_Cube, compiling. 
[2016.06.23-06.35.02:020][ 72]LogMaterial: 0.00 seconds spent updating 1 materials, 1 interfaces, 0 instances, 0 with static permutations.
[2016.06.23-06.35.03:144][170]MaterialEditorStats: Info Base pass shader with only dynamic lighting: 45 instructions
[2016.06.23-06.35.03:144][170]MaterialEditorStats: Info Vertex shader: 31 instructions
[2016.06.23-06.35.03:144][170]MaterialEditorStats: Info Texture samplers: 2/16
[2016.06.23-06.35.03:698][235]LogMaterial: Missing cached shader map for material M_Cube, compiling. 
[2016.06.23-06.35.03:705][235]LogMaterial: 0.00 seconds spent updating 1 materials, 1 interfaces, 0 instances, 0 with static permutations.
[2016.06.23-06.35.05:013][373]MaterialEditorStats: Info Base pass shader with only dynamic lighting: 45 instructions
[2016.06.23-06.35.05:013][373]MaterialEditorStats: Info Vertex shader: 31 instructions
[2016.06.23-06.35.05:013][373]MaterialEditorStats: Info Texture samplers: 2/16
[2016.06.23-06.35.10:881][ 74]LogMaterial: Missing cached shader map for material M_Cube, compiling. 
[2016.06.23-06.35.10:888][ 74]LogMaterial: 0.00 seconds spent updating 1 materials, 1 interfaces, 0 instances, 0 with static permutations.
[2016.06.23-06.35.12:164][212]MaterialEditorStats: Info Base pass shader with only dynamic lighting: 45 instructions
[2016.06.23-06.35.12:164][212]MaterialEditorStats: Info Vertex shader: 31 instructions
[2016.06.23-06.35.12:164][212]MaterialEditorStats: Info Texture samplers: 2/16
[2016.06.23-06.35.14:863][534]LogMaterial: Missing cached shader map for material M_Cube, compiling. 
[2016.06.23-06.35.14:870][534]LogMaterial: 0.00 seconds spent updating 1 materials, 1 interfaces, 0 instances, 0 with static permutations.
[2016.06.23-06.35.16:165][671]MaterialEditorStats: Info Base pass shader with only dynamic lighting: 45 instructions
[2016.06.23-06.35.16:165][671]MaterialEditorStats: Info Vertex shader: 31 instructions
[2016.06.23-06.35.16:165][671]MaterialEditorStats: Info Texture samplers: 2/16
[2016.06.23-06.35.22:878][472]LogMaterial: Missing cached shader map for material M_Cube, compiling. 
[2016.06.23-06.35.22:886][472]LogMaterial: 0.00 seconds spent updating 1 materials, 1 interfaces, 0 instances, 0 with static permutations.
[2016.06.23-06.35.24:225][612]LogMaterial: Missing cached shader map for material M_Cube, compiling. 
[2016.06.23-06.35.24:232][612]LogMaterial: 0.00 seconds spent updating 1 materials, 1 interfaces, 0 instances, 0 with static permutations.
[2016.06.23-06.35.26:181][799]MaterialEditorStats: Info Base pass shader with only dynamic lighting: 45 instructions
[2016.06.23-06.35.26:181][799]MaterialEditorStats: Info Vertex shader: 31 instructions
[2016.06.23-06.35.26:181][799]MaterialEditorStats: Info Texture samplers: 2/16
[2016.06.23-06.35.39:798][424]LogMaterial: Missing cached shader map for material M_Cube, compiling. 
[2016.06.23-06.35.39:806][424]LogMaterial: 0.00 seconds spent updating 1 materials, 1 interfaces, 0 instances, 0 with static permutations.
[2016.06.23-06.35.41:062][555]MaterialEditorStats: Info Base pass shader with only dynamic lighting: 45 instructions
[2016.06.23-06.35.41:063][555]MaterialEditorStats: Info Vertex shader: 31 instructions
[2016.06.23-06.35.41:063][555]MaterialEditorStats: Info Texture samplers: 2/16
[2016.06.23-06.35.46:316][184]LogMaterial: Missing cached shader map for material M_Cube, compiling. 
[2016.06.23-06.35.46:323][184]LogMaterial: 0.00 seconds spent updating 1 materials, 1 interfaces, 0 instances, 0 with static permutations.
[2016.06.23-06.35.47:562][309]MaterialEditorStats: Info Base pass shader with only dynamic lighting: 45 instructions
[2016.06.23-06.35.47:562][309]MaterialEditorStats: Info Vertex shader: 31 instructions
[2016.06.23-06.35.47:562][309]MaterialEditorStats: Info Texture samplers: 2/16
[2016.06.23-06.35.52:376][886]LogMaterial: Missing cached shader map for material M_Cube, compiling. 
[2016.06.23-06.35.52:383][886]LogMaterial: 0.00 seconds spent updating 1 materials, 1 interfaces, 0 instances, 0 with static permutations.
[2016.06.23-06.35.53:614][ 15]MaterialEditorStats: Info Base pass shader with only dynamic lighting: 45 instructions
[2016.06.23-06.35.53:614][ 15]MaterialEditorStats: Info Vertex shader: 31 instructions
[2016.06.23-06.35.53:614][ 15]MaterialEditorStats: Info Texture samplers: 2/16
[2016.06.23-06.35.56:317][338]LogMaterial: Missing cached shader map for material M_Cube, compiling. 
[2016.06.23-06.35.56:324][338]LogMaterial: 0.00 seconds spent updating 1 materials, 1 interfaces, 0 instances, 0 with static permutations.
[2016.06.23-06.35.57:563][466]MaterialEditorStats: Info Base pass shader with only dynamic lighting: 45 instructions
[2016.06.23-06.35.57:564][466]MaterialEditorStats: Info Vertex shader: 31 instructions
[2016.06.23-06.35.57:564][466]MaterialEditorStats: Info Texture samplers: 2/16
[2016.06.23-06.36.04:671][317]LogMaterial: Missing cached shader map for material M_Cube, compiling. 
[2016.06.23-06.36.04:678][317]LogMaterial: 0.00 seconds spent updating 1 materials, 1 interfaces, 0 instances, 0 with static permutations.
[2016.06.23-06.36.06:206][474]MaterialEditorStats: Info Base pass shader with only dynamic lighting: 45 instructions
[2016.06.23-06.36.06:206][474]MaterialEditorStats: Info Vertex shader: 31 instructions
[2016.06.23-06.36.06:206][474]MaterialEditorStats: Info Texture samplers: 2/16
[2016.06.23-06.36.25:029][728]LogMaterial: Missing cached shader map for material M_Cube, compiling. 
[2016.06.23-06.36.25:037][728]LogMaterial: 0.00 seconds spent updating 1 materials, 1 interfaces, 0 instances, 0 with static permutations.
[2016.06.23-06.36.26:266][850]MaterialEditorStats: Info Base pass shader with only dynamic lighting: 45 instructions
[2016.06.23-06.36.26:266][850]MaterialEditorStats: Info Vertex shader: 31 instructions
[2016.06.23-06.36.26:266][850]MaterialEditorStats: Info Texture samplers: 2/16
[2016.06.23-06.36.26:827][916]LogMaterial: Missing cached shader map for material M_Cube, compiling. 
[2016.06.23-06.36.26:834][916]LogMaterial: 0.00 seconds spent updating 1 materials, 1 interfaces, 0 instances, 0 with static permutations.
[2016.06.23-06.36.28:040][ 36]MaterialEditorStats: Info Base pass shader with only dynamic lighting: 45 instructions
[2016.06.23-06.36.28:040][ 36]MaterialEditorStats: Info Vertex shader: 31 instructions
[2016.06.23-06.36.28:040][ 36]MaterialEditorStats: Info Texture samplers: 2/16
[2016.06.23-06.36.32:124][525]LogMaterial: Missing cached shader map for material M_Cube, compiling. 
[2016.06.23-06.36.32:132][525]LogMaterial: 0.00 seconds spent updating 1 materials, 1 interfaces, 0 instances, 0 with static permutations.
[2016.06.23-06.36.33:339][645]MaterialEditorStats: Info Base pass shader with only dynamic lighting: 45 instructions
[2016.06.23-06.36.33:339][645]MaterialEditorStats: Info Vertex shader: 31 instructions
[2016.06.23-06.36.33:339][645]MaterialEditorStats: Info Texture samplers: 2/16
[2016.06.23-06.37.15:322][188]LogFileHelpers: Editor autosave (incl. sublevels) for '/Game/Maps/MultiplayerLevel' took 0.030
[2016.06.23-06.37.15:323][188]OBJ SavePackage: Generating thumbnails for [1] asset(s) in package [/Game/Assets/Legacy/Textures/CubeNormals] ([1] browsable assets)...
[2016.06.23-06.37.15:335][188]OBJ SavePackage:     Rendered thumbnail for [Texture2D /Game/Assets/Legacy/Textures/CubeNormals.CubeNormals]
[2016.06.23-06.37.15:335][188]OBJ SavePackage: Finished generating thumbnails for package [/Game/Assets/Legacy/Textures/CubeNormals]
[2016.06.23-06.37.15:368][188]LogSavePackage: Save=22.17ms
[2016.06.23-06.37.15:368][188]LogSavePackage: Moving 'F:/Meus documentos/Unreal Projects/LoseOrDie_Multi/Saved/CubeNormals_Auto15A22949C4A1878AD6364439BDAEAC5FE.tmp' to 'F:/Meus documentos/Unreal Projects/LoseOrDie_Multi/Saved/Autosaves/Game/Assets/Legacy/Textures/CubeNormals_Auto1.uasset'
[2016.06.23-06.37.15:369][188]LogSavePackage:Display: Finished SavePackage F:/Meus documentos/Unreal Projects/LoseOrDie_Multi/Saved/Autosaves/Game/Assets/Legacy/Textures/CubeNormals_Auto1.uasset
[2016.06.23-06.37.15:369][188]OBJ SavePackage: Generating thumbnails for [1] asset(s) in package [/Game/Assets/Legacy/Meshes/Cube] ([1] browsable assets)...
[2016.06.23-06.37.15:405][188]OBJ SavePackage:     Rendered thumbnail for [StaticMesh /Game/Assets/Legacy/Meshes/Cube.Cube]
[2016.06.23-06.37.15:405][188]OBJ SavePackage: Finished generating thumbnails for package [/Game/Assets/Legacy/Meshes/Cube]
[2016.06.23-06.37.15:426][188]LogSavePackage: Save=12.71ms
[2016.06.23-06.37.15:426][188]LogSavePackage: Moving 'F:/Meus documentos/Unreal Projects/LoseOrDie_Multi/Saved/Cube_Auto14C68182A41FC5CFA279B83B2BA166E3A.tmp' to 'F:/Meus documentos/Unreal Projects/LoseOrDie_Multi/Saved/Autosaves/Game/Assets/Legacy/Meshes/Cube_Auto1.uasset'
[2016.06.23-06.37.15:426][188]LogSavePackage:Display: Finished SavePackage F:/Meus documentos/Unreal Projects/LoseOrDie_Multi/Saved/Autosaves/Game/Assets/Legacy/Meshes/Cube_Auto1.uasset
[2016.06.23-06.37.15:426][188]LogFileHelpers: Auto-saving content packages took 0.103
[2016.06.23-06.37.54:175][594]LogMaterial: Missing cached shader map for material M_Cube, compiling. 
[2016.06.23-06.37.54:182][594]LogMaterial: 0.00 seconds spent updating 1 materials, 1 interfaces, 0 instances, 0 with static permutations.
[2016.06.23-06.37.55:753][761]MaterialEditorStats: Info Base pass shader with only dynamic lighting: 45 instructions
[2016.06.23-06.37.55:753][761]MaterialEditorStats: Info Vertex shader: 31 instructions
[2016.06.23-06.37.55:754][761]MaterialEditorStats: Info Texture samplers: 2/16
[2016.06.23-06.38.00:075][277]LogMaterial: Missing cached shader map for material M_Cube, compiling. 
[2016.06.23-06.38.00:082][277]LogMaterial: 0.00 seconds spent updating 1 materials, 1 interfaces, 0 instances, 0 with static permutations.
[2016.06.23-06.38.01:438][418]MaterialEditorStats: Info Base pass shader with only dynamic lighting: 45 instructions
[2016.06.23-06.38.01:438][418]MaterialEditorStats: Info Vertex shader: 31 instructions
[2016.06.23-06.38.01:438][418]MaterialEditorStats: Info Texture samplers: 2/16
[2016.06.23-06.38.04:374][769]LogMaterialEditor: Applying material M_Cube
[2016.06.23-06.38.04:752][769]LogMaterial: Missing cached shader map for material M_Cube, compiling. 
[2016.06.23-06.38.04:767][769]LogMaterial: 0.00 seconds spent updating 1 materials, 1 interfaces, 0 instances, 0 with static permutations.
[2016.06.23-06.38.04:799][769]LogMaterial: Missing cached shader map for material M_Cube, compiling. 
[2016.06.23-06.38.04:818][769]LogMaterial: Missing cached shader map for material M_Cube, compiling. 
[2016.06.23-06.38.04:830][769]LogMaterial: 0.00 seconds spent updating 1 materials, 1 interfaces, 0 instances, 0 with static permutations.
[2016.06.23-06.38.07:780][  3]MaterialEditorStats: Info Base pass shader with only dynamic lighting: 71 instructions
[2016.06.23-06.38.07:780][  3]MaterialEditorStats: Info Vertex shader: 31 instructions
[2016.06.23-06.38.07:780][  3]MaterialEditorStats: Info Texture samplers: 5/16
[2016.06.23-06.39.30:697][751]Cmd: OBJ SAVEPACKAGE PACKAGE="/Game/Assets/Legacy/Meshes/Cube" FILE="F:/Meus documentos/Unreal Projects/LoseOrDie_Multi/Content/Assets/Legacy/Meshes/Cube.uasset" SILENT=true
[2016.06.23-06.39.30:708][751]LogSavePackage: Save=5.29ms
[2016.06.23-06.39.30:708][751]LogSavePackage: Moving 'F:/Meus documentos/Unreal Projects/LoseOrDie_Multi/Saved/Cube7D89857342D128E170DF46804DB52AD1.tmp' to 'F:/Meus documentos/Unreal Projects/LoseOrDie_Multi/Content/Assets/Legacy/Meshes/Cube.uasset'
[2016.06.23-06.39.30:711][751]LogSavePackage:Display: Finished SavePackage F:/Meus documentos/Unreal Projects/LoseOrDie_Multi/Content/Assets/Legacy/Meshes/Cube.uasset
[2016.06.23-06.39.52:102][623]LogContentBrowser: Native class hierarchy updated for 'BlueprintGraph' in 0.0008 seconds. Added 111 classes and 0 folders.
[2016.06.23-06.40.31:397][343]LogMaterial: Missing cached shader map for material M_Cube, compiling. 
[2016.06.23-06.40.31:404][343]LogMaterial: 0.00 seconds spent updating 1 materials, 1 interfaces, 0 instances, 0 with static permutations.
[2016.06.23-06.40.31:406][343]LogMaterial: Missing cached shader map for material M_Cube, compiling. 
[2016.06.23-06.40.31:413][343]LogMaterial: 0.00 seconds spent updating 1 materials, 1 interfaces, 0 instances, 0 with static permutations.
[2016.06.23-06.40.31:437][343]LogMaterial: Missing cached shader map for material FMatExpressionPreview MaterialExpressionTextureSample_4, compiling. 
[2016.06.23-06.40.33:109][506]MaterialEditorStats: Info Base pass shader with only dynamic lighting: 45 instructions
[2016.06.23-06.40.33:109][506]MaterialEditorStats: Info Vertex shader: 31 instructions
[2016.06.23-06.40.33:109][506]MaterialEditorStats: Info Texture samplers: 2/16
[2016.06.23-06.40.34:081][620]LogMaterial: Missing cached shader map for material FMatExpressionPreview MaterialExpressionTextureCoordinate_0, compiling. 
[2016.06.23-06.40.37:088][974]LogMaterial: Missing cached shader map for material M_Cube, compiling. 
[2016.06.23-06.40.37:089][974]LogMaterial:Warning: Failed to compile Material /Engine/Transient.M_Cube for platform PCD3D_SM5, Default Material will be used in game.
[2016.06.23-06.40.37:089][974]LogMaterial:Warning: 	(Node TextureCoordinate) Only 8 texture coordinate sets can be used by this feature level, currently using 11
[2016.06.23-06.40.37:089][974]LogMaterial: 0.00 seconds spent updating 1 materials, 1 interfaces, 0 instances, 0 with static permutations.
[2016.06.23-06.40.37:116][974]LogMaterial: Missing cached shader map for material FMatExpressionPreview MaterialExpressionTextureCoordinate_0, compiling. 
[2016.06.23-06.40.37:117][974]MaterialEditorStats:Error: Error [SM5] (Node TextureCoordinate) Only 8 texture coordinate sets can be used by this feature level, currently using 11
[2016.06.23-06.40.41:791][530]LogMaterial: Missing cached shader map for material M_Cube, compiling. 
[2016.06.23-06.40.41:799][530]LogMaterial: 0.00 seconds spent updating 1 materials, 1 interfaces, 0 instances, 0 with static permutations.
[2016.06.23-06.40.41:826][530]LogMaterial: Missing cached shader map for material FMatExpressionPreview MaterialExpressionTextureCoordinate_0, compiling. 
[2016.06.23-06.40.43:144][649]MaterialEditorStats: Info Base pass shader with only dynamic lighting: 45 instructions
[2016.06.23-06.40.43:144][649]MaterialEditorStats: Info Vertex shader: 30 instructions
[2016.06.23-06.40.43:144][649]MaterialEditorStats: Info Texture samplers: 2/16
[2016.06.23-06.40.44:472][804]LogMaterial: Missing cached shader map for material M_Cube, compiling. 
[2016.06.23-06.40.44:479][804]LogMaterial: 0.00 seconds spent updating 1 materials, 1 interfaces, 0 instances, 0 with static permutations.
[2016.06.23-06.40.44:502][804]LogMaterial: Missing cached shader map for material FMatExpressionPreview MaterialExpressionTextureCoordinate_0, compiling. 
[2016.06.23-06.40.46:514][ 17]MaterialEditorStats: Info Base pass shader with only dynamic lighting: 46 instructions
[2016.06.23-06.40.46:514][ 17]MaterialEditorStats: Info Vertex shader: 30 instructions
[2016.06.23-06.40.46:514][ 17]MaterialEditorStats: Info Texture samplers: 2/16
[2016.06.23-06.40.52:775][764]LogMaterial: Missing cached shader map for material M_Cube, compiling. 
[2016.06.23-06.40.52:782][764]LogMaterial: 0.00 seconds spent updating 1 materials, 1 interfaces, 0 instances, 0 with static permutations.
[2016.06.23-06.40.52:808][764]LogMaterial: Missing cached shader map for material FMatExpressionPreview MaterialExpressionTextureCoordinate_0, compiling. 
[2016.06.23-06.40.54:798][978]MaterialEditorStats: Info Base pass shader with only dynamic lighting: 45 instructions
[2016.06.23-06.40.54:799][978]MaterialEditorStats: Info Vertex shader: 30 instructions
[2016.06.23-06.40.54:799][978]MaterialEditorStats: Info Texture samplers: 2/16
[2016.06.23-06.40.57:837][341]LogMaterial: Missing cached shader map for material M_Cube, compiling. 
[2016.06.23-06.40.57:845][341]LogMaterial: 0.00 seconds spent updating 1 materials, 1 interfaces, 0 instances, 0 with static permutations.
[2016.06.23-06.40.57:868][341]LogMaterial: Missing cached shader map for material FMatExpressionPreview MaterialExpressionTextureSample_4, compiling. 
[2016.06.23-06.40.59:156][457]MaterialEditorStats: Info Base pass shader with only dynamic lighting: 45 instructions
[2016.06.23-06.40.59:156][457]MaterialEditorStats: Info Vertex shader: 31 instructions
[2016.06.23-06.40.59:156][457]MaterialEditorStats: Info Texture samplers: 2/16
[2016.06.23-06.41.13:838][204]LogMaterial: Missing cached shader map for material M_Cube, compiling. 
[2016.06.23-06.41.13:845][204]LogMaterial: 0.00 seconds spent updating 1 materials, 1 interfaces, 0 instances, 0 with static permutations.
[2016.06.23-06.41.13:873][204]LogMaterial: Missing cached shader map for material FMatExpressionPreview MaterialExpressionTextureSample_4, compiling. 
[2016.06.23-06.41.15:740][415]MaterialEditorStats: Info Base pass shader with only dynamic lighting: 45 instructions
[2016.06.23-06.41.15:740][415]MaterialEditorStats: Info Vertex shader: 31 instructions
[2016.06.23-06.41.15:740][415]MaterialEditorStats: Info Texture samplers: 2/16
[2016.06.23-06.41.21:786][137]LogMaterial: Missing cached shader map for material M_Cube, compiling. 
[2016.06.23-06.41.21:793][137]LogMaterial: 0.00 seconds spent updating 1 materials, 1 interfaces, 0 instances, 0 with static permutations.
[2016.06.23-06.41.21:817][137]LogMaterial: Missing cached shader map for material FMatExpressionPreview MaterialExpressionTextureSample_4, compiling. 
[2016.06.23-06.41.23:577][322]MaterialEditorStats: Info Base pass shader with only dynamic lighting: 45 instructions
[2016.06.23-06.41.23:577][322]MaterialEditorStats: Info Vertex shader: 31 instructions
[2016.06.23-06.41.23:577][322]MaterialEditorStats: Info Texture samplers: 2/16
[2016.06.23-06.41.56:889][401]LogMaterial: Missing cached shader map for material M_Cube, compiling. 
[2016.06.23-06.41.56:896][401]LogMaterial: 0.00 seconds spent updating 1 materials, 1 interfaces, 0 instances, 0 with static permutations.
[2016.06.23-06.41.58:587][577]MaterialEditorStats: Info Base pass shader with only dynamic lighting: 45 instructions
[2016.06.23-06.41.58:587][577]MaterialEditorStats: Info Vertex shader: 31 instructions
[2016.06.23-06.41.58:587][577]MaterialEditorStats: Info Texture samplers: 2/16
[2016.06.23-06.41.59:482][684]LogMaterial: Missing cached shader map for material M_Cube, compiling. 
[2016.06.23-06.41.59:489][684]LogMaterial: 0.00 seconds spent updating 1 materials, 1 interfaces, 0 instances, 0 with static permutations.
[2016.06.23-06.42.01:379][902]MaterialEditorStats: Info Base pass shader with only dynamic lighting: 45 instructions
[2016.06.23-06.42.01:379][902]MaterialEditorStats: Info Vertex shader: 31 instructions
[2016.06.23-06.42.01:379][902]MaterialEditorStats: Info Texture samplers: 2/16
[2016.06.23-06.42.07:225][603]LogMaterial: Missing cached shader map for material M_Cube, compiling. 
[2016.06.23-06.42.07:232][603]LogMaterial: 0.00 seconds spent updating 1 materials, 1 interfaces, 0 instances, 0 with static permutations.
[2016.06.23-06.42.08:992][798]MaterialEditorStats: Info Base pass shader with only dynamic lighting: 45 instructions
[2016.06.23-06.42.08:992][798]MaterialEditorStats: Info Vertex shader: 31 instructions
[2016.06.23-06.42.08:992][798]MaterialEditorStats: Info Texture samplers: 2/16
[2016.06.23-06.42.11:236][ 67]LogMaterial: Missing cached shader map for material M_Cube, compiling. 
[2016.06.23-06.42.11:244][ 67]LogMaterial: 0.00 seconds spent updating 1 materials, 1 interfaces, 0 instances, 0 with static permutations.
[2016.06.23-06.42.12:949][254]MaterialEditorStats: Info Base pass shader with only dynamic lighting: 45 instructions
[2016.06.23-06.42.12:949][254]MaterialEditorStats: Info Vertex shader: 31 instructions
[2016.06.23-06.42.12:949][254]MaterialEditorStats: Info Texture samplers: 2/16
[2016.06.23-06.42.15:051][505]LogMaterial: Missing cached shader map for material M_Cube, compiling. 
[2016.06.23-06.42.15:058][505]LogMaterial: 0.00 seconds spent updating 1 materials, 1 interfaces, 0 instances, 0 with static permutations.
[2016.06.23-06.42.16:752][679]MaterialEditorStats: Info Base pass shader with only dynamic lighting: 45 instructions
[2016.06.23-06.42.16:752][679]MaterialEditorStats: Info Vertex shader: 31 instructions
[2016.06.23-06.42.16:752][679]MaterialEditorStats: Info Texture samplers: 2/16
[2016.06.23-06.42.19:776][ 37]LogMaterial: Missing cached shader map for material M_Cube, compiling. 
[2016.06.23-06.42.19:784][ 37]LogMaterial: 0.00 seconds spent updating 1 materials, 1 interfaces, 0 instances, 0 with static permutations.
[2016.06.23-06.42.21:589][241]MaterialEditorStats: Info Base pass shader with only dynamic lighting: 45 instructions
[2016.06.23-06.42.21:589][241]MaterialEditorStats: Info Vertex shader: 31 instructions
[2016.06.23-06.42.21:589][241]MaterialEditorStats: Info Texture samplers: 2/16
[2016.06.23-06.42.22:415][339]LogMaterial: Missing cached shader map for material M_Cube, compiling. 
[2016.06.23-06.42.22:422][339]LogMaterial: 0.00 seconds spent updating 1 materials, 1 interfaces, 0 instances, 0 with static permutations.
[2016.06.23-06.42.24:339][531]MaterialEditorStats: Info Base pass shader with only dynamic lighting: 45 instructions
[2016.06.23-06.42.24:339][531]MaterialEditorStats: Info Vertex shader: 31 instructions
[2016.06.23-06.42.24:339][531]MaterialEditorStats: Info Texture samplers: 2/16
[2016.06.23-06.42.27:269][882]LogMaterial: Missing cached shader map for material M_Cube, compiling. 
[2016.06.23-06.42.27:276][882]LogMaterial: 0.00 seconds spent updating 1 materials, 1 interfaces, 0 instances, 0 with static permutations.
[2016.06.23-06.42.28:972][ 62]MaterialEditorStats: Info Base pass shader with only dynamic lighting: 45 instructions
[2016.06.23-06.42.28:972][ 62]MaterialEditorStats: Info Vertex shader: 31 instructions
[2016.06.23-06.42.28:972][ 62]MaterialEditorStats: Info Texture samplers: 2/16
[2016.06.23-06.42.41:419][295]LogMaterial: Missing cached shader map for material M_Hologram, compiling. 
[2016.06.23-06.42.41:500][295]LogMaterial: Missing cached shader map for material M_Hologram, compiling. 
[2016.06.23-06.42.41:509][295]LogMaterial: 0.00 seconds spent updating 1 materials, 1 interfaces, 0 instances, 0 with static permutations.
[2016.06.23-06.42.41:535][295]LogMaterial: Missing cached shader map for material FMatExpressionPreview MaterialExpressionVectorParameter_0, compiling. 
[2016.06.23-06.42.45:114][691]MaterialEditorStats: Info Base pass shader with only dynamic lighting: 27 instructions
[2016.06.23-06.42.45:114][691]MaterialEditorStats: Info Base pass shader for self shadowed translucency: 64 instructions
[2016.06.23-06.42.45:114][691]MaterialEditorStats: Info Vertex shader: 66 instructions
[2016.06.23-06.42.45:114][691]MaterialEditorStats: Info Texture samplers: 4/16
[2016.06.23-06.42.52:564][580]LogMaterial: Missing cached shader map for material M_Cube, compiling. 
[2016.06.23-06.42.52:577][580]LogMaterial: Missing cached shader map for material M_Cube, compiling. 
[2016.06.23-06.42.52:585][580]LogMaterial: 0.00 seconds spent updating 1 materials, 1 interfaces, 0 instances, 0 with static permutations.
[2016.06.23-06.42.56:178][980]MaterialEditorStats: Info Base pass shader with only dynamic lighting: 34 instructions
[2016.06.23-06.42.56:178][980]MaterialEditorStats: Info Base pass shader for self shadowed translucency: 71 instructions
[2016.06.23-06.42.56:178][980]MaterialEditorStats: Info Vertex shader: 68 instructions
[2016.06.23-06.42.56:178][980]MaterialEditorStats: Info Texture samplers: 5/16
[2016.06.23-06.43.02:679][756]LogMaterial: Missing cached shader map for material M_Cube, compiling. 
[2016.06.23-06.43.02:692][756]LogMaterial: Missing cached shader map for material M_Cube, compiling. 
[2016.06.23-06.43.02:700][756]LogMaterial: 0.00 seconds spent updating 1 materials, 1 interfaces, 0 instances, 0 with static permutations.
[2016.06.23-06.43.07:393][243]MaterialEditorStats: Info Base pass shader with only dynamic lighting: 35 instructions
[2016.06.23-06.43.07:393][243]MaterialEditorStats: Info Base pass shader for self shadowed translucency: 72 instructions
[2016.06.23-06.43.07:393][243]MaterialEditorStats: Info Vertex shader: 68 instructions
[2016.06.23-06.43.07:393][243]MaterialEditorStats: Info Texture samplers: 5/16
[2016.06.23-06.43.16:004][271]LogMaterial: Missing cached shader map for material M_Cube, compiling. 
[2016.06.23-06.43.16:005][271]LogMaterial:Warning: Failed to compile Material /Engine/Transient.M_Cube for platform PCD3D_SM5, Default Material will be used in game.
[2016.06.23-06.43.16:005][271]LogMaterial:Warning: 	Dynamically lit translucency is not supported for BLEND_Modulate materials.
[2016.06.23-06.43.16:005][271]LogMaterial:Warning: 	Separate translucency with BLEND_Modulate is not supported. Consider using BLEND_Translucent with black emissive
[2016.06.23-06.43.16:009][271]LogMaterial: Missing cached shader map for material M_Cube, compiling. 
[2016.06.23-06.43.16:010][271]LogMaterial:Warning: Failed to compile Material /Engine/Transient.M_Cube for platform PCD3D_SM5, Default Material will be used in game.
[2016.06.23-06.43.16:010][271]LogMaterial:Warning: 	Dynamically lit translucency is not supported for BLEND_Modulate materials.
[2016.06.23-06.43.16:010][271]LogMaterial:Warning: 	Separate translucency with BLEND_Modulate is not supported. Consider using BLEND_Translucent with black emissive
[2016.06.23-06.43.16:010][271]LogMaterial: 0.00 seconds spent updating 1 materials, 1 interfaces, 0 instances, 0 with static permutations.
[2016.06.23-06.43.16:012][271]MaterialEditorStats:Error: Error [SM5] Dynamically lit translucency is not supported for BLEND_Modulate materials.
[2016.06.23-06.43.16:012][271]MaterialEditorStats:Error: Error [SM5] Separate translucency with BLEND_Modulate is not supported. Consider using BLEND_Translucent with black emissive
[2016.06.23-06.43.25:765][436]LogMaterial: Missing cached shader map for material M_Cube, compiling. 
[2016.06.23-06.43.25:776][436]LogMaterial: Missing cached shader map for material M_Cube, compiling. 
[2016.06.23-06.43.25:783][436]LogMaterial: 0.00 seconds spent updating 1 materials, 1 interfaces, 0 instances, 0 with static permutations.
[2016.06.23-06.43.27:517][620]MaterialEditorStats: Info Base pass shader with only dynamic lighting: 45 instructions
[2016.06.23-06.43.27:517][620]MaterialEditorStats: Info Vertex shader: 31 instructions
[2016.06.23-06.43.27:517][620]MaterialEditorStats: Info Texture samplers: 2/16
[2016.06.23-06.43.29:213][822]LogMaterial: Missing cached shader map for material M_Cube, compiling. 
[2016.06.23-06.43.29:220][822]LogMaterial: 0.00 seconds spent updating 1 materials, 1 interfaces, 0 instances, 0 with static permutations.
[2016.06.23-06.43.30:931][  2]MaterialEditorStats: Info Base pass shader with only dynamic lighting: 45 instructions
[2016.06.23-06.43.30:931][  2]MaterialEditorStats: Info Vertex shader: 31 instructions
[2016.06.23-06.43.30:931][  2]MaterialEditorStats: Info Texture samplers: 2/16
[2016.06.23-06.45.14:039][231]LogMaterial: Missing cached shader map for material M_Cube, compiling. 
[2016.06.23-06.45.14:047][231]LogMaterial: 0.00 seconds spent updating 1 materials, 1 interfaces, 0 instances, 0 with static permutations.
[2016.06.23-06.45.15:551][375]MaterialEditorStats: Info Base pass shader with only dynamic lighting: 45 instructions
[2016.06.23-06.45.15:551][375]MaterialEditorStats: Info Vertex shader: 31 instructions
[2016.06.23-06.45.15:551][375]MaterialEditorStats: Info Texture samplers: 2/16
[2016.06.23-06.45.18:649][744]LogMaterial: Missing cached shader map for material M_Cube, compiling. 
[2016.06.23-06.45.18:656][744]LogMaterial: 0.00 seconds spent updating 1 materials, 1 interfaces, 0 instances, 0 with static permutations.
[2016.06.23-06.45.20:003][872]MaterialEditorStats: Info Base pass shader with only dynamic lighting: 45 instructions
[2016.06.23-06.45.20:003][872]MaterialEditorStats: Info Vertex shader: 31 instructions
[2016.06.23-06.45.20:003][872]MaterialEditorStats: Info Texture samplers: 2/16
[2016.06.23-06.45.22:411][160]LogMaterial: Missing cached shader map for material M_Cube, compiling. 
[2016.06.23-06.45.22:418][160]LogMaterial: 0.00 seconds spent updating 1 materials, 1 interfaces, 0 instances, 0 with static permutations.
[2016.06.23-06.45.23:780][303]MaterialEditorStats: Info Base pass shader with only dynamic lighting: 45 instructions
[2016.06.23-06.45.23:780][303]MaterialEditorStats: Info Vertex shader: 31 instructions
[2016.06.23-06.45.23:780][303]MaterialEditorStats: Info Texture samplers: 2/16
[2016.06.23-06.45.27:976][805]LogMaterialEditor: Applying material M_Cube
[2016.06.23-06.45.28:351][805]LogMaterial: Missing cached shader map for material M_Cube, compiling. 
[2016.06.23-06.45.28:366][805]LogMaterial: 0.00 seconds spent updating 1 materials, 1 interfaces, 0 instances, 0 with static permutations.
[2016.06.23-06.45.28:389][805]LogMaterial: Missing cached shader map for material M_Cube, compiling. 
[2016.06.23-06.45.28:407][805]LogMaterial: Missing cached shader map for material M_Cube, compiling. 
[2016.06.23-06.45.28:420][805]LogMaterial: 0.00 seconds spent updating 1 materials, 1 interfaces, 0 instances, 0 with static permutations.
[2016.06.23-06.45.31:544][ 41]MaterialEditorStats: Info Base pass shader with only dynamic lighting: 71 instructions
[2016.06.23-06.45.31:545][ 41]MaterialEditorStats: Info Vertex shader: 31 instructions
[2016.06.23-06.45.31:545][ 41]MaterialEditorStats: Info Texture samplers: 5/16
[2016.06.23-06.45.46:209][786]Cmd: OBJ SAVEPACKAGE PACKAGE="/Game/Assets/Legacy/Meshes/Cube" FILE="F:/Meus documentos/Unreal Projects/LoseOrDie_Multi/Content/Assets/Legacy/Meshes/Cube.uasset" SILENT=true
[2016.06.23-06.45.46:223][786]LogSavePackage: Save=4.83ms
[2016.06.23-06.45.46:223][786]LogSavePackage: Moving 'F:/Meus documentos/Unreal Projects/LoseOrDie_Multi/Saved/Cube7739AA044B18479A04228F835FB48CA9.tmp' to 'F:/Meus documentos/Unreal Projects/LoseOrDie_Multi/Content/Assets/Legacy/Meshes/Cube.uasset'
[2016.06.23-06.45.46:223][786]LogSavePackage:Display: Finished SavePackage F:/Meus documentos/Unreal Projects/LoseOrDie_Multi/Content/Assets/Legacy/Meshes/Cube.uasset
[2016.06.23-06.45.48:331][970]Cmd: OBJ SAVEPACKAGE PACKAGE="/Game/Assets/Legacy/Textures/CubeNormals" FILE="F:/Meus documentos/Unreal Projects/LoseOrDie_Multi/Content/Assets/Legacy/Textures/CubeNormals.uasset" SILENT=true
[2016.06.23-06.45.48:411][970]LogSavePackage: Save=70.22ms
[2016.06.23-06.45.48:411][970]LogSavePackage: Moving 'F:/Meus documentos/Unreal Projects/LoseOrDie_Multi/Saved/CubeNormals40078DD147FF27A98D637D9268258D92.tmp' to 'F:/Meus documentos/Unreal Projects/LoseOrDie_Multi/Content/Assets/Legacy/Textures/CubeNormals.uasset'
[2016.06.23-06.45.48:413][970]LogSavePackage:Display: Finished SavePackage F:/Meus documentos/Unreal Projects/LoseOrDie_Multi/Content/Assets/Legacy/Textures/CubeNormals.uasset
[2016.06.23-06.45.48:433][970]Cmd: OBJ SAVEPACKAGE PACKAGE="/Game/Assets/Legacy/Materials/M_Cube" FILE="F:/Meus documentos/Unreal Projects/LoseOrDie_Multi/Content/Assets/Legacy/Materials/M_Cube.uasset" SILENT=true
[2016.06.23-06.45.48:456][970]LogSavePackage: Save=14.27ms
[2016.06.23-06.45.48:456][970]LogSavePackage: Moving 'F:/Meus documentos/Unreal Projects/LoseOrDie_Multi/Saved/M_CubeFA474FB643C215C7C6A81E9908276CF3.tmp' to 'F:/Meus documentos/Unreal Projects/LoseOrDie_Multi/Content/Assets/Legacy/Materials/M_Cube.uasset'
[2016.06.23-06.45.48:457][970]LogSavePackage:Display: Finished SavePackage F:/Meus documentos/Unreal Projects/LoseOrDie_Multi/Content/Assets/Legacy/Materials/M_Cube.uasset
[2016.06.23-06.45.55:931][596]Cmd: QUIT_EDITOR
[2016.06.23-06.45.55:982][596]LogExit: Preparing to exit.
[2016.06.23-06.45.56:511][596]LogExit: Editor shut down
[2016.06.23-06.45.56:512][596]LogExit: Transaction tracking system shut down
[2016.06.23-06.45.56:657][596]LogObj: Freed 0b from 0 cluster array pools.
[2016.06.23-06.45.56:657][596]LogExit: Object subsystem successfully closed.
[2016.06.23-06.45.56:666][596]LogD3D11RHI: Shutdown
[2016.06.23-06.45.56:666][596]LogD3D11RHI: CleanupD3DDevice
[2016.06.23-06.45.56:719][596]LogD3D11RHI: ~FD3D11DynamicRHI
[2016.06.23-06.45.56:730][596]LogModuleManager: Shutting down and abandoning module BlueprintGraph (218)
[2016.06.23-06.45.56:730][596]LogModuleManager: Shutting down and abandoning module StaticMeshEditor (217)
[2016.06.23-06.45.56:730][596]LogModuleManager: Shutting down and abandoning module MaterialEditor (216)
[2016.06.23-06.45.56:730][596]LogModuleManager: Shutting down and abandoning module HierarchicalLODOutliner (215)
[2016.06.23-06.45.56:730][596]LogModuleManager: Shutting down and abandoning module CrashTracker (214)
[2016.06.23-06.45.56:730][596]LogModuleManager: Shutting down and abandoning module SceneOutliner (213)
[2016.06.23-06.45.56:730][596]LogModuleManager: Shutting down and abandoning module WidgetCarousel (212)
[2016.06.23-06.45.56:730][596]LogModuleManager: Shutting down and abandoning module AddContentDialog (211)
[2016.06.23-06.45.56:731][596]LogModuleManager: Shutting down and abandoning module GameplayTags (210)
[2016.06.23-06.45.56:731][596]LogModuleManager: Shutting down and abandoning module EditorWidgets (209)
[2016.06.23-06.45.56:731][596]LogModuleManager: Shutting down and abandoning module CollectionManager (208)
[2016.06.23-06.45.56:731][596]LogModuleManager: Shutting down and abandoning module StatsViewer (207)
[2016.06.23-06.45.56:731][596]LogModuleManager: Shutting down and abandoning module FoliageEdit (206)
[2016.06.23-06.45.56:731][596]LogModuleManager: Shutting down and abandoning module LandscapeEditor (205)
[2016.06.23-06.45.56:731][596]LogModuleManager: Shutting down and abandoning module SceneDepthPickerMode (204)
[2016.06.23-06.45.56:731][596]LogModuleManager: Shutting down and abandoning module ActorPickerMode (203)
[2016.06.23-06.45.56:731][596]LogModuleManager: Shutting down and abandoning module GeometryMode (202)
[2016.06.23-06.45.56:732][596]LogModuleManager: Shutting down and abandoning module TextureAlignMode (201)
[2016.06.23-06.45.56:732][596]LogModuleManager: Shutting down and abandoning module BspMode (200)
[2016.06.23-06.45.56:732][596]LogModuleManager: Shutting down and abandoning module HardwareSurvey (199)
[2016.06.23-06.45.56:732][596]LogModuleManager: Shutting down and abandoning module SequenceRecorderSections (198)
[2016.06.23-06.45.56:732][596]LogModuleManager: Shutting down and abandoning module SequenceRecorder (197)
[2016.06.23-06.45.56:732][596]LogModuleManager: Shutting down and abandoning module AutomationWorker (196)
[2016.06.23-06.45.56:732][596]LogModuleManager: Shutting down and abandoning module MatineeToLevelSequence (195)
[2016.06.23-06.45.56:732][596]LogModuleManager: Shutting down and abandoning module PlacementMode (194)
[2016.06.23-06.45.56:732][596]LogModuleManager: Shutting down and abandoning module LevelSequenceEditor (193)
[2016.06.23-06.45.56:732][596]LogModuleManager: Shutting down and abandoning module CharacterAI (192)
[2016.06.23-06.45.56:732][596]LogModuleManager: Shutting down and abandoning module SmartSnapping (191)
[2016.06.23-06.45.56:732][596]LogModuleManager: Shutting down and abandoning module SessionServices (190)
[2016.06.23-06.45.56:732][596]LogModuleManager: Shutting down and abandoning module ViewportSnapping (189)
[2016.06.23-06.45.56:732][596]LogModuleManager: Shutting down and abandoning module LogVisualizer (188)
[2016.06.23-06.45.56:732][596]LogModuleManager: Shutting down and abandoning module GameProjectGeneration (187)
[2016.06.23-06.45.56:732][596]LogModuleManager: Shutting down and abandoning module IntroTutorials (186)
[2016.06.23-06.45.56:732][596]LogModuleManager: Shutting down and abandoning module EditorLiveStreaming (185)
[2016.06.23-06.45.56:732][596]LogModuleManager: Shutting down and abandoning module IOSPlatformEditor (184)
[2016.06.23-06.45.56:732][596]LogModuleManager: Shutting down and abandoning module HTML5PlatformEditor (183)
[2016.06.23-06.45.56:732][596]LogModuleManager: Shutting down and abandoning module AndroidDeviceDetection (182)
[2016.06.23-06.45.57:364][596]LogModuleManager: Shutting down and abandoning module AndroidPlatformEditor (181)
[2016.06.23-06.45.57:364][596]LogModuleManager: Shutting down and abandoning module IOSRuntimeSettings (180)
[2016.06.23-06.45.57:364][596]LogModuleManager: Shutting down and abandoning module AndroidRuntimeSettings (179)
[2016.06.23-06.45.57:364][596]LogModuleManager: Shutting down and abandoning module MergeActors (178)
[2016.06.23-06.45.57:364][596]LogModuleManager: Shutting down and abandoning module SizeMap (177)
[2016.06.23-06.45.57:364][596]LogModuleManager: Shutting down and abandoning module TreeMap (176)
[2016.06.23-06.45.57:364][596]LogModuleManager: Shutting down and abandoning module ReferenceViewer (175)
[2016.06.23-06.45.57:364][596]LogModuleManager: Shutting down and abandoning module LocalizationService (174)
[2016.06.23-06.45.57:364][596]LogModuleManager: Shutting down and abandoning module LocalizationDashboard (173)
[2016.06.23-06.45.57:364][596]LogModuleManager: Shutting down and abandoning module HardwareTargeting (172)
[2016.06.23-06.45.57:365][596]LogModuleManager: Shutting down and abandoning module DeviceProfileEditor (171)
[2016.06.23-06.45.57:365][596]LogModuleManager: Shutting down and abandoning module UndoHistory (170)
[2016.06.23-06.45.57:365][596]LogModuleManager: Shutting down and abandoning module UserFeedback (169)
[2016.06.23-06.45.57:365][596]LogModuleManager: Shutting down and abandoning module XmlParser (168)
[2016.06.23-06.45.57:365][596]LogModuleManager: Shutting down and abandoning module Blutility (167)
[2016.06.23-06.45.57:365][596]LogModuleManager: Shutting down and abandoning module ProjectTargetPlatformEditor (166)
[2016.06.23-06.45.57:365][596]LogModuleManager: Shutting down and abandoning module ProjectSettingsViewer (165)
[2016.06.23-06.45.57:365][596]LogModuleManager: Shutting down and abandoning module InputBindingEditor (164)
[2016.06.23-06.45.57:365][596]LogModuleManager: Shutting down and abandoning module EditorSettingsViewer (163)
[2016.06.23-06.45.57:365][596]LogModuleManager: Shutting down and abandoning module SettingsEditor (162)
[2016.06.23-06.45.57:365][596]LogModuleManager: Shutting down and abandoning module ProjectLauncher (161)
[2016.06.23-06.45.57:365][596]LogModuleManager: Shutting down and abandoning module SessionFrontend (160)
[2016.06.23-06.45.57:365][596]LogModuleManager: Shutting down and abandoning module ProfilerClient (159)
[2016.06.23-06.45.57:365][596]LogModuleManager: Shutting down and abandoning module TargetDeviceServices (158)
[2016.06.23-06.45.57:365][596]LogModuleManager: Shutting down and abandoning module DeviceManager (157)
[2016.06.23-06.45.57:416][596]LogModuleManager: Shutting down and abandoning module AutomationController (156)
[2016.06.23-06.45.57:416][596]LogModuleManager: Shutting down and abandoning module AutomationWindow (155)
[2016.06.23-06.45.57:416][596]LogModuleManager: Shutting down and abandoning module Layers (154)
[2016.06.23-06.45.57:416][596]LogModuleManager: Shutting down and abandoning module ComponentVisualizers (153)
[2016.06.23-06.45.57:416][596]LogModuleManager: Shutting down and abandoning module DetailCustomizations (152)
[2016.06.23-06.45.57:416][596]LogModuleManager: Shutting down and abandoning module PackagesDialog (151)
[2016.06.23-06.45.57:416][596]LogModuleManager: Shutting down and abandoning module Persona (150)
[2016.06.23-06.45.57:416][596]LogModuleManager: Shutting down and abandoning module Kismet (149)
[2016.06.23-06.45.57:416][596]LogModuleManager: Shutting down and abandoning module GraphEditor (148)
[2016.06.23-06.45.57:416][596]LogModuleManager: Shutting down and abandoning module ClassViewer (147)
[2016.06.23-06.45.57:416][596]LogModuleManager: Shutting down and abandoning module Toolbox (146)
[2016.06.23-06.45.57:416][596]LogModuleManager: Shutting down and abandoning module ModuleUI (145)
[2016.06.23-06.45.57:416][596]LogModuleManager: Shutting down and abandoning module MovieSceneTools (144)
[2016.06.23-06.45.57:416][596]LogModuleManager: Shutting down and abandoning module OutputLog (143)
[2016.06.23-06.45.57:416][596]LogModuleManager: Shutting down and abandoning module GammaUI (142)
[2016.06.23-06.45.57:416][596]LogModuleManager: Shutting down and abandoning module Documentation (141)
[2016.06.23-06.45.57:416][596]LogModuleManager: Shutting down and abandoning module StreamingPauseRendering (140)
[2016.06.23-06.45.57:416][596]LogModuleManager: Shutting down and abandoning module AnalyticsET (139)
[2016.06.23-06.45.57:416][596]LogModuleManager: Shutting down and abandoning module Analytics (138)
[2016.06.23-06.45.57:416][596]LogModuleManager: Shutting down and abandoning module PortalServices (137)
[2016.06.23-06.45.57:416][596]LogModuleManager: Shutting down and abandoning module PortalRpc (136)
[2016.06.23-06.45.57:416][596]LogModuleManager: Shutting down and abandoning module MessagingRpc (135)
[2016.06.23-06.45.57:416][596]LogModuleManager: Shutting down and abandoning module GameplayDebugger (134)
[2016.06.23-06.45.57:416][596]LogModuleManager: Shutting down and abandoning module AITestSuite (133)
[2016.06.23-06.45.57:416][596]LogModuleManager: Shutting down and abandoning module AIModule (132)
[2016.06.23-06.45.57:416][596]LogModuleManager: Shutting down and abandoning module ProfilerService (131)
[2016.06.23-06.45.57:530][596]LogModuleManager: Shutting down and abandoning module TaskGraph (130)
[2016.06.23-06.45.57:530][596]LogModuleManager: Shutting down and abandoning module SlateRemote (129)
[2016.06.23-06.45.57:530][596]LogModuleManager: Shutting down and abandoning module SteamVRController (128)
[2016.06.23-06.45.57:530][596]LogModuleManager: Shutting down and abandoning module SteamVR (127)
[2016.06.23-06.45.57:530][596]LogModuleManager: Shutting down and abandoning module ProceduralMeshComponent (126)
[2016.06.23-06.45.57:530][596]LogModuleManager: Shutting down and abandoning module OculusLibrary (125)
[2016.06.23-06.45.57:530][596]LogModuleManager: Shutting down and abandoning module OculusInput (124)
[2016.06.23-06.45.57:530][596]LogModuleManager: Shutting down and abandoning module CustomMeshComponent (123)
[2016.06.23-06.45.57:530][596]LogModuleManager: Shutting down and abandoning module CableComponent (122)
[2016.06.23-06.45.57:530][596]LogModuleManager: Shutting down and abandoning module ArchVisCharacter (121)
[2016.06.23-06.45.57:530][596]LogModuleManager: Shutting down and abandoning module MediaPlayerEditor (120)
[2016.06.23-06.45.57:530][596]LogModuleManager: Shutting down and abandoning module LowEntryExtendedStandardLibraryEditor (119)
[2016.06.23-06.45.57:530][596]LogModuleManager: Shutting down and abandoning module LowEntryExtendedStandardLibrary (118)
[2016.06.23-06.45.57:530][596]LogModuleManager: Shutting down and abandoning module HTML5Networking (117)
[2016.06.23-06.45.57:530][596]LogModuleManager: Shutting down and abandoning module SuperSearch (116)
[2016.06.23-06.45.57:530][596]LogModuleManager: Shutting down and abandoning module SuperSearchEditor (115)
[2016.06.23-06.45.57:530][596]LogModuleManager: Shutting down and abandoning module SpeedTreeImporter (114)
[2016.06.23-06.45.57:530][596]LogModuleManager: Shutting down and abandoning module PluginBrowser (113)
[2016.06.23-06.45.57:530][596]LogModuleManager: Shutting down and abandoning module EpicSurvey (112)
[2016.06.23-06.45.57:530][596]LogModuleManager: Shutting down and abandoning module DesktopPlatform (111)
[2016.06.23-06.45.57:530][596]LogModuleManager: Shutting down and abandoning module VisualStudioSourceCodeAccess (110)
[2016.06.23-06.45.57:530][596]LogModuleManager: Shutting down and abandoning module UObjectPlugin (109)
[2016.06.23-06.45.57:530][596]LogModuleManager: Shutting down and abandoning module SubversionSourceControl (108)
[2016.06.23-06.45.57:530][596]LogModuleManager: Shutting down and abandoning module PerforceSourceControl (107)
[2016.06.23-06.45.57:530][596]LogModuleManager: Shutting down and abandoning module SourceControl (106)
[2016.06.23-06.45.57:530][596]LogModuleManager: Shutting down and abandoning module GitSourceControl (105)
[2016.06.23-06.45.57:530][596]LogModuleManager: Shutting down and abandoning module LightPropagationVolumeEditor (104)
[2016.06.23-06.45.57:530][596]LogModuleManager: Shutting down and abandoning module PaperTiledImporter (103)
[2016.06.23-06.45.57:530][596]LogModuleManager: Shutting down and abandoning module PaperSpriteSheetImporter (102)
[2016.06.23-06.45.57:531][596]LogModuleManager: Shutting down and abandoning module MeshPaint (101)
[2016.06.23-06.45.57:531][596]LogModuleManager: Shutting down and abandoning module PixelInspectorModule (100)
[2016.06.23-06.45.57:531][596]LogModuleManager: Shutting down and abandoning module HotReload (99)
[2016.06.23-06.45.57:531][596]LogModuleManager: Shutting down and abandoning module MainFrame (98)
[2016.06.23-06.45.57:531][596]LogModuleManager: Shutting down and abandoning module LevelEditor (97)
[2016.06.23-06.45.57:532][596]LogModuleManager: Shutting down and abandoning module ContentBrowser (96)
[2016.06.23-06.45.57:532][596]LogModuleManager: Shutting down and abandoning module Paper2DEditor (95)
[2016.06.23-06.45.57:532][596]LogModuleManager: Shutting down and abandoning module UdpMessaging (94)
[2016.06.23-06.45.57:632][596]LogModuleManager: Shutting down and abandoning module LightPropagationVolumeRuntime (93)
[2016.06.23-06.45.57:632][596]LogModuleManager: Shutting down and abandoning module Paper2D (92)
[2016.06.23-06.45.57:632][596]LogModuleManager: Shutting down and abandoning module WindowsMoviePlayer (91)
[2016.06.23-06.45.57:632][596]LogModuleManager: Shutting down and abandoning module Media (90)
[2016.06.23-06.45.57:632][596]LogModuleManager: Shutting down and abandoning module WmfMedia (89)
[2016.06.23-06.45.57:632][596]LogModuleManager: Shutting down and abandoning module MediaAssets (88)
[2016.06.23-06.45.57:632][596]LogModuleManager: Shutting down and abandoning module GameLiveStreaming (87)
[2016.06.23-06.45.57:632][596]LogModuleManager: Shutting down and abandoning module GameplayTagsEditor (86)
[2016.06.23-06.45.57:632][596]LogModuleManager: Shutting down and abandoning module OnlineBlueprintSupport (85)
[2016.06.23-06.45.57:632][596]LogModuleManager: Shutting down and abandoning module VREditor (84)
[2016.06.23-06.45.57:632][596]LogModuleManager: Shutting down and abandoning module GameplayTasksEditor (83)
[2016.06.23-06.45.57:632][596]LogModuleManager: Shutting down and abandoning module PropertyEditor (82)
[2016.06.23-06.45.57:632][596]LogModuleManager: Shutting down and abandoning module BehaviorTreeEditor (81)
[2016.06.23-06.45.57:632][596]LogModuleManager: Shutting down and abandoning module FunctionalTesting (80)
[2016.06.23-06.45.57:632][596]LogModuleManager: Shutting down and abandoning module CollisionAnalyzer (79)
[2016.06.23-06.45.57:633][596]LogModuleManager: Shutting down and abandoning module Sequencer (78)
[2016.06.23-06.45.57:633][596]LogModuleManager: Shutting down and abandoning module WorkspaceMenuStructure (77)
[2016.06.23-06.45.57:633][596]LogModuleManager: Shutting down and abandoning module MessageLog (76)
[2016.06.23-06.45.57:633][596]LogModuleManager: Shutting down and abandoning module AssetTools (75)
[2016.06.23-06.45.57:633][596]LogModuleManager: Shutting down and abandoning module UMGEditor (74)
[2016.06.23-06.45.57:633][596]LogModuleManager: Shutting down and abandoning module UMG (73)
[2016.06.23-06.45.57:633][596]LogModuleManager: Shutting down and abandoning module SlateReflector (72)
[2016.06.23-06.45.57:633][596]LogModuleManager: Shutting down and abandoning module Slate (71)
[2016.06.23-06.45.57:633][596]LogModuleManager: Shutting down and abandoning module EditorStyle (70)
[2016.06.23-06.45.57:635][596]LogModuleManager: Shutting down and abandoning module SourceCodeAccess (69)
[2016.06.23-06.45.57:635][596]LogModuleManager: Shutting down and abandoning module HeadMountedDisplay (68)
[2016.06.23-06.45.57:635][596]LogModuleManager: Shutting down and abandoning module XAudio2 (67)
[2016.06.23-06.45.57:635][596]LogModuleManager: Shutting down and abandoning module Networking (65)
[2016.06.23-06.45.57:635][596]LogModuleManager: Shutting down and abandoning module Core (64)
[2016.06.23-06.45.57:635][596]LogModuleManager: Shutting down and abandoning module DirectoryWatcher (63)
[2016.06.23-06.45.57:635][596]LogModuleManager: Shutting down and abandoning module AssetRegistry (62)
[2016.06.23-06.45.57:769][596]LogModuleManager: Shutting down and abandoning module KismetCompiler (61)
[2016.06.23-06.45.57:769][596]LogModuleManager: Shutting down and abandoning module PhysXFormats (60)
[2016.06.23-06.45.57:769][596]LogModuleManager: Shutting down and abandoning module MeshUtilities (59)
[2016.06.23-06.45.57:769][596]LogModuleManager: Shutting down and abandoning module DerivedDataCache (58)
[2016.06.23-06.45.57:776][596]LogDerivedDataCache: Shutdown
[2016.06.23-06.45.57:776][596]LogModuleManager: Shutting down and abandoning module VulkanShaderFormat (57)
[2016.06.23-06.45.57:776][596]LogModuleManager: Shutting down and abandoning module ShaderFormatOpenGL (56)
[2016.06.23-06.45.57:776][596]LogModuleManager: Shutting down and abandoning module ShaderFormatD3D (55)
[2016.06.23-06.45.57:776][596]LogModuleManager: Shutting down and abandoning module MetalShaderFormat (54)
[2016.06.23-06.45.57:776][596]LogModuleManager: Shutting down and abandoning module TextureFormatUncompressed (53)
[2016.06.23-06.45.57:776][596]LogModuleManager: Shutting down and abandoning module TextureFormatPVR (52)
[2016.06.23-06.45.57:776][596]LogModuleManager: Shutting down and abandoning module TextureFormatIntelISPCTexComp (51)
[2016.06.23-06.45.57:776][596]LogModuleManager: Shutting down and abandoning module TextureFormatDXT (50)
[2016.06.23-06.45.57:776][596]LogModuleManager: Shutting down and abandoning module ImageWrapper (49)
[2016.06.23-06.45.57:776][596]LogModuleManager: Shutting down and abandoning module TextureFormatASTC (48)
[2016.06.23-06.45.57:776][596]LogModuleManager: Shutting down and abandoning module TextureFormatAndroid (47)
[2016.06.23-06.45.57:776][596]LogModuleManager: Shutting down and abandoning module AudioFormatOpus (46)
[2016.06.23-06.45.57:776][596]LogModuleManager: Shutting down and abandoning module AudioFormatOgg (45)
[2016.06.23-06.45.57:776][596]LogModuleManager: Shutting down and abandoning module AudioFormatADPCM (44)
[2016.06.23-06.45.57:776][596]LogModuleManager: Shutting down and abandoning module LinuxTargetPlatform (43)
[2016.06.23-06.45.57:776][596]LogModuleManager: Shutting down and abandoning module LinuxServerTargetPlatform (42)
[2016.06.23-06.45.57:776][596]LogModuleManager: Shutting down and abandoning module LinuxNoEditorTargetPlatform (41)
[2016.06.23-06.45.57:776][596]LogModuleManager: Shutting down and abandoning module TVOSTargetPlatform (40)
[2016.06.23-06.45.57:776][596]LogModuleManager: Shutting down and abandoning module Messaging (39)
[2016.06.23-06.45.57:776][596]LogModuleManager: Shutting down and abandoning module IOSTargetPlatform (38)
[2016.06.23-06.45.57:776][596]LogModuleManager: Shutting down and abandoning module HTML5TargetPlatform (37)
[2016.06.23-06.45.57:776][596]LogModuleManager: Shutting down and abandoning module Android_PVRTCTargetPlatform (36)
[2016.06.23-06.45.57:776][596]LogModuleManager: Shutting down and abandoning module Android_MultiTargetPlatform (35)
[2016.06.23-06.45.57:776][596]LogModuleManager: Shutting down and abandoning module Android_ETC2TargetPlatform (34)
[2016.06.23-06.45.57:777][596]LogModuleManager: Shutting down and abandoning module Android_ETC1TargetPlatform (33)
[2016.06.23-06.45.57:777][596]LogModuleManager: Shutting down and abandoning module Android_DXTTargetPlatform (32)
[2016.06.23-06.45.57:777][596]LogModuleManager: Shutting down and abandoning module Android_ATCTargetPlatform (31)
[2016.06.23-06.45.57:777][596]LogModuleManager: Shutting down and abandoning module Android_ASTCTargetPlatform (30)
[2016.06.23-06.45.57:777][596]LogModuleManager: Shutting down and abandoning module AndroidTargetPlatform (29)
[2016.06.23-06.45.57:777][596]LogModuleManager: Shutting down and abandoning module WindowsTargetPlatform (28)
[2016.06.23-06.45.57:777][596]LogModuleManager: Shutting down and abandoning module WindowsServerTargetPlatform (27)
[2016.06.23-06.45.57:777][596]LogModuleManager: Shutting down and abandoning module WindowsNoEditorTargetPlatform (26)
[2016.06.23-06.45.57:777][596]LogModuleManager: Shutting down and abandoning module WindowsClientTargetPlatform (25)
[2016.06.23-06.45.57:777][596]LogModuleManager: Shutting down and abandoning module AllDesktopTargetPlatform (24)
[2016.06.23-06.45.57:777][596]LogModuleManager: Shutting down and abandoning module TargetPlatform (23)
[2016.06.23-06.45.57:777][596]LogModuleManager: Shutting down and abandoning module InputCore (22)
[2016.06.23-06.45.57:777][596]LogModuleManager: Shutting down and abandoning module Settings (21)
[2016.06.23-06.45.57:777][596]LogModuleManager: Shutting down and abandoning module OnlineSubsystem (19)
[2016.06.23-06.45.57:777][596]LogModuleManager: Shutting down and abandoning module HTTP (18)
[2016.06.23-06.45.59:277][596]LogModuleManager: Shutting down and abandoning module XMPP (17)
[2016.06.23-06.45.59:278][596]LogModuleManager: Shutting down and abandoning module OculusRift (16)
[2016.06.23-06.45.59:278][596]LogModuleManager: Shutting down and abandoning module ExampleDeviceProfileSelector (15)
[2016.06.23-06.45.59:278][596]LogModuleManager: Shutting down and abandoning module TextureCompressor (14)
[2016.06.23-06.45.59:278][596]LogModuleManager: Shutting down and abandoning module ShaderCore (13)
[2016.06.23-06.45.59:278][596]LogModuleManager: Shutting down and abandoning module Landscape (12)
[2016.06.23-06.45.59:278][596]LogModuleManager: Shutting down and abandoning module SlateRHIRenderer (11)
[2016.06.23-06.45.59:280][596]LogModuleManager: Shutting down and abandoning module OpenGLDrv (10)
[2016.06.23-06.45.59:280][596]LogModuleManager: Shutting down and abandoning module D3D11RHI (9)
[2016.06.23-06.45.59:280][596]LogModuleManager: Shutting down and abandoning module AnimGraphRuntime (8)
[2016.06.23-06.45.59:280][596]LogModuleManager: Shutting down and abandoning module Renderer (7)
[2016.06.23-06.45.59:280][596]LogModuleManager: Shutting down and abandoning module Engine (6)
[2016.06.23-06.45.59:280][596]LogModuleManager: Shutting down and abandoning module CoreUObject (5)
[2016.06.23-06.45.59:280][596]LogModuleManager: Shutting down and abandoning module NetworkFile (4)
[2016.06.23-06.45.59:280][596]LogModuleManager: Shutting down and abandoning module StreamingFile (3)
[2016.06.23-06.45.59:280][596]LogModuleManager: Shutting down and abandoning module SandboxFile (2)
[2016.06.23-06.45.59:280][596]LogModuleManager: Shutting down and abandoning module PakFile (1)
[2016.06.23-06.45.59:281][596]LogExit: Exiting.
[2016.06.23-06.45.59:283][596]Log file closed, 06/23/16 03:45:59
