Log file open, 07/02/16 16:40:46
LogInit:Display: Running engine for game: LoseOrDie_Multi
LogPlatformFile: Not using cached read wrapper
LogInit:Display: RandInit(945855063) SRandInit(945855069).
LogTaskGraph: Started task graph with 4 named threads and 5 total threads with 1 sets of task threads.
LogStats: Stats thread started at 0.067919
LogInit: Version: 4.12.3-3013449+++UE4+Release-4.12
LogInit: API Version: 2992821
LogInit: Net Version: 3013449
LogDevObjectVersion: Number of dev versions registered: 13
LogDevObjectVersion:   Dev-Blueprints (B0D832E4-1F89-4F0D-ACCF-7EB736FD4AA2): 3
LogDevObjectVersion:   Dev-Build (E1C64328-A22C-4D53-A36C-8E866417BD8C): 0
LogDevObjectVersion:   Dev-Core (375EC13C-06E4-48FB-B500-84F0262A717E): 1
LogDevObjectVersion:   Dev-Editor (E4B068ED-F494-42E9-A231-DA0B2E46BB41): 2
LogDevObjectVersion:   Dev-Framework (CFFC743F-43B0-4480-9391-14DF171D2073): 6
LogDevObjectVersion:   Dev-Mobile (B02B49B5-BB20-44E9-A304-32B752E40360): 0
LogDevObjectVersion:   Dev-Networking (A4E4105C-59A1-49B5-A7C5-40C4547EDFEE): 0
LogDevObjectVersion:   Dev-Online (39C831C9-5AE6-47DC-9A44-9C173E1C8E7C): 0
LogDevObjectVersion:   Dev-Physics (78F01B33-EBEA-4F98-B9B4-84EACCB95AA2): 0
LogDevObjectVersion:   Dev-Platform (6631380F-2D4D-43E0-8009-CF276956A95A): 0
LogDevObjectVersion:   Dev-Rendering (12F88B9F-8875-4AFC-A67C-D90C383ABD29): 2
LogDevObjectVersion:   Dev-Sequencer (7B5AE74C-D270-4C10-A958-57980B212A5A): 0
LogDevObjectVersion:   Dev-VR (D7296918-1DD6-4BDD-9DE2-64A83CC13884): 0
LogInit: Compiled (64-bit): Jun 14 2016 17:53:16
LogInit: Compiled with Visual C++: 19.00.23026.00
LogInit: Build Configuration: Development
LogInit: Branch Name: ++UE4+Release-4.12
LogInit: Command line:  
LogInit: Base directory: C:/Program Files/Epic Games/4.12/Engine/Binaries/Win64/
LogInit: Installed Engine Build: 1
LogInit: Using libcurl 7.41.0
LogInit:  - built for x86_64-pc-win32
LogInit:  - supports SSL with WinSSL
LogInit:  - other features:
LogInit:      CURL_VERSION_SSL
LogInit:      CURL_VERSION_IPV6
LogInit:      CURL_VERSION_ASYNCHDNS
LogInit:      CURL_VERSION_LARGEFILE
LogInit:      CURL_VERSION_IDN
LogInit:  CurlRequestOptions (configurable via config and command line):
LogInit:  - bVerifyPeer = true  - Libcurl will verify peer certificate
LogInit:  - bUseHttpProxy = false  - Libcurl will NOT use HTTP proxy
LogInit:  - bDontReuseConnections = false  - Libcurl will reuse connections
LogInit:  - CertBundlePath = nullptr  - Libcurl will use whatever was configured at build time.
LogInit: Presizing for max 8388607 objects, including 0 objects not considered by GC, pre-allocating 0 bytes for permanent pool.
LogInit: Object subsystem initialized
[2016.07.02-19.40.46:953][  0]LogInit: Selected Device Profile: [Windows]
[2016.07.02-19.40.46:953][  0]LogInit: Applying CVar settings loaded from the selected device profile: [Windows]
[2016.07.02-19.40.47:007][  0]LogInit: Computer: RKANEHISA-PC
[2016.07.02-19.40.47:008][  0]LogInit: User: RKanehisa
[2016.07.02-19.40.47:008][  0]LogInit: CPU Page size=65536, Cores=2
[2016.07.02-19.40.47:008][  0]LogInit: High frequency timer resolution =1.753759 MHz
[2016.07.02-19.40.47:008][  0]LogMemory: Memory total: Physical=7.9GB (8GB approx)
[2016.07.02-19.40.47:008][  0]LogMemory: Platform Memory Stats for Windows
[2016.07.02-19.40.47:008][  0]LogMemory: Process Physical Memory: 192.23 MB used, 192.23 MB peak
[2016.07.02-19.40.47:008][  0]LogMemory: Process Virtual Memory: 196.45 MB used, 196.45 MB peak
[2016.07.02-19.40.47:008][  0]LogMemory: Physical Memory: 3909.97 MB used, 8096.39 MB total
[2016.07.02-19.40.47:008][  0]LogMemory: Virtual Memory: 529.40 MB used, 8388608.00 MB total
[2016.07.02-19.40.49:124][  0]LogD3D11RHI: D3D11 adapters:
[2016.07.02-19.40.49:186][  0]LogD3D11RHI:    0. 'NVIDIA GeForce GT 750M' (Feature Level 11_0)
[2016.07.02-19.40.49:186][  0]LogD3D11RHI:       1991/0/2048 MB DedicatedVideo/DedicatedSystem/SharedSystem, Outputs:1, VendorId:0x10de
[2016.07.02-19.40.49:218][  0]LogD3D11RHI:    1. 'NVIDIA GeForce GT 750M' (Feature Level 11_0)
[2016.07.02-19.40.49:218][  0]LogD3D11RHI:       1991/0/2048 MB DedicatedVideo/DedicatedSystem/SharedSystem, Outputs:0, VendorId:0x10de
[2016.07.02-19.40.49:218][  0]LogD3D11RHI: Chosen D3D11 Adapter: 0
[2016.07.02-19.40.49:231][  0]LogD3D11RHI: Creating new Direct3DDevice
[2016.07.02-19.40.49:231][  0]LogD3D11RHI:     GPU DeviceId: 0xfe4 (for the marketing name, search the web for "GPU Device Id")
[2016.07.02-19.40.49:231][  0]LogWindows: EnumDisplayDevices:
[2016.07.02-19.40.49:231][  0]LogWindows:    0. 'Intel(R) HD Graphics Family' (P:1 D:1)
[2016.07.02-19.40.49:231][  0]LogWindows:    1. 'Intel(R) HD Graphics Family' (P:0 D:0)
[2016.07.02-19.40.49:232][  0]LogWindows:    2. 'Intel(R) HD Graphics Family' (P:0 D:0)
[2016.07.02-19.40.49:232][  0]LogWindows:    3. 'NVIDIA GeForce GT 750M' (P:0 D:0)
[2016.07.02-19.40.49:232][  0]LogWindows:    4. 'RDPDD Chained DD' (P:0 D:0)
[2016.07.02-19.40.49:233][  0]LogWindows:    5. 'RDP Encoder Mirror Driver' (P:0 D:0)
[2016.07.02-19.40.49:233][  0]LogWindows:    6. 'RDP Reflector Display Driver' (P:0 D:0)
[2016.07.02-19.40.49:234][  0]LogWindows: DebugString: PrimaryIsNotTheChoosenAdapter PrimaryIsNotTheChoosenAdapter PrimaryIsNotTheChoosenAdapter GetVideoDriverDetailsInvalid PrimaryIsNotTheChoosenAdapter GetVideoDriverDetailsInvalid PrimaryIsNotTheChoosenAdapter GetVideoDriverDetailsInvalid PrimaryIsNotTheChoosenAdapter 
[2016.07.02-19.40.49:234][  0]LogD3D11RHI:     Adapter Name: NVIDIA GeForce GT 750M
[2016.07.02-19.40.49:234][  0]LogD3D11RHI:   Driver Version: 368.39 (internal:10.18.13.6839, unified:368.39)
[2016.07.02-19.40.49:234][  0]LogD3D11RHI:      Driver Date: 6-2-2016
[2016.07.02-19.40.49:234][  0]LogRHI: Texture pool is 1361 MB (70% of 1945 MB)
[2016.07.02-19.40.49:269][  0]LogD3D11RHI: Async texture creation enabled
[2016.07.02-19.40.49:289][  0]LogD3D11RHI: GPU Timing Frequency: 1000.000000 (Debug: 2 2)
[2016.07.02-19.40.49:290][  0]LogShaderCompilers: Guid format shader working directory is -12 characters bigger than the processId version (D:/Home/Documents/Unreal Engine Projects/LoseOrDieMultiplayer/Intermediate/Shaders/WorkingDirectory/5532/).
[2016.07.02-19.40.49:290][  0]LogShaderCompilers: Cleaned the shader compiler working directory 'C:/Users/RKANEH~1/AppData/Local/Temp/UnrealShaderWorkingDir/F544B911471C0F907A05A99FDBF987DC/'.
[2016.07.02-19.40.49:290][  0]LogShaderCompilers:Display: Using Local Shader Compiler.
[2016.07.02-19.40.55:785][  0]LogTemp:Display: Loaded TP AllDesktopTargetPlatform
[2016.07.02-19.40.55:805][  0]LogTemp:Display: Loaded TP WindowsClientTargetPlatform
[2016.07.02-19.40.55:830][  0]LogTemp:Display: Loaded TP WindowsNoEditorTargetPlatform
[2016.07.02-19.40.55:856][  0]LogTemp:Display: Loaded TP WindowsServerTargetPlatform
[2016.07.02-19.40.55:877][  0]LogTemp:Display: Loaded TP WindowsTargetPlatform
[2016.07.02-19.40.55:900][  0]LogTemp:Display: Loaded TP AndroidTargetPlatform
[2016.07.02-19.40.55:924][  0]LogTemp:Display: Loaded TP Android_ASTCTargetPlatform
[2016.07.02-19.40.55:947][  0]LogTemp:Display: Loaded TP Android_ATCTargetPlatform
[2016.07.02-19.40.55:968][  0]LogTemp:Display: Loaded TP Android_DXTTargetPlatform
[2016.07.02-19.40.55:990][  0]LogTemp:Display: Loaded TP Android_ETC1TargetPlatform
[2016.07.02-19.40.56:009][  0]LogTemp:Display: Loaded TP Android_ETC2TargetPlatform
[2016.07.02-19.40.56:051][  0]LogTemp:Display: Loaded TP Android_MultiTargetPlatform
[2016.07.02-19.40.56:051][  0]LogTemp:Display: Loaded TP Android_PVRTCTargetPlatform
[2016.07.02-19.40.56:053][  0]LogTemp:Display: Loaded TP HTML5TargetPlatform
[2016.07.02-19.40.56:140][  0]LogTemp:Display: Loaded TP IOSTargetPlatform
[2016.07.02-19.40.56:160][  0]LogTemp:Display: Loaded TP TVOSTargetPlatform
[2016.07.02-19.40.56:181][  0]LogTemp:Display: Loaded TP LinuxNoEditorTargetPlatform
[2016.07.02-19.40.56:199][  0]LogTemp:Display: Loaded TP LinuxServerTargetPlatform
[2016.07.02-19.40.56:227][  0]LogTemp:Display: Loaded TP LinuxTargetPlatform
[2016.07.02-19.40.56:227][  0]LogTargetPlatformManager:Display: Building Assets For Windows
[2016.07.02-19.40.56:809][  0]LogDerivedDataCache:Display: Max Cache Size: 512 MB
[2016.07.02-19.40.57:010][  0]LogDerivedDataCache: Loaded boot cache 0.20s 49MB C:/Users/RKanehisa/AppData/Local/UnrealEngine/4.12/DerivedDataCache/Boot.ddc.
[2016.07.02-19.40.57:010][  0]LogDerivedDataCache:Display: Loaded Boot cache: C:/Users/RKanehisa/AppData/Local/UnrealEngine/4.12/DerivedDataCache/Boot.ddc
[2016.07.02-19.40.57:010][  0]LogDerivedDataCache: FDerivedDataBackendGraph:  Pak pak cache file D:/Home/Documents/Unreal Engine Projects/LoseOrDieMultiplayer/DerivedDataCache/DDC.ddp not found, will not use a pak cache.
[2016.07.02-19.40.57:010][  0]LogDerivedDataCache: Unable to find inner node Pak for hierarchical cache Hierarchy.
[2016.07.02-19.40.57:010][  0]LogDerivedDataCache: FDerivedDataBackendGraph:  CompressedPak pak cache file D:/Home/Documents/Unreal Engine Projects/LoseOrDieMultiplayer/DerivedDataCache/Compressed.ddp not found, will not use a pak cache.
[2016.07.02-19.40.57:010][  0]LogDerivedDataCache: Unable to find inner node CompressedPak for hierarchical cache Hierarchy.
[2016.07.02-19.40.57:053][  0]LogDerivedDataCache:Display: Pak cache opened for reading ../../../Engine/DerivedDataCache/Compressed.ddp.
[2016.07.02-19.40.57:065][  0]LogDerivedDataCache: Using Local data cache path C:/Users/RKanehisa/AppData/Local/UnrealEngine/Common/DerivedDataCache: Writable
[2016.07.02-19.41.01:733][  0]LogInit: Selected Device Profile: [Windows]
[2016.07.02-19.41.01:737][  0]LogContentStreaming: Texture pool size is 0.00 MB
[2016.07.02-19.41.02:471][  0]LogMeshUtilities: No automatic mesh reduction module available
[2016.07.02-19.41.02:471][  0]LogMeshUtilities: No automatic mesh merging module available
[2016.07.02-19.41.02:471][  0]LogMeshUtilities: No distributed automatic mesh merging module available
[2016.07.02-19.41.04:005][  0]LogAssetRegistry: FAssetRegistry took 0.0408 seconds to start up
[2016.07.02-19.41.04:091][  0]LogPackageLocalizationCache: Processed 3 localized package path(s) for 1 prioritized culture(s) in 0.076692 seconds
[2016.07.02-19.41.04:102][  0]LogUObjectArray: 28739 objects as part of root set at end of initial load.
[2016.07.02-19.41.04:102][  0]LogUObjectAllocator: 5855632 out of 0 bytes used by permanent object pool.
[2016.07.02-19.41.04:102][  0]LogUObjectArray: CloseDisregardForGC: 0/0 objects in disregard for GC pool
[2016.07.02-19.41.04:118][  0]LogInit: WinSock: version 1.1 (2.2), MaxSocks=32767, MaxUdp=65467
[2016.07.02-19.41.07:873][  0]LogSlate: SlateFontCache - WITH_FREETYPE: 1, WITH_HARFBUZZ: 1
[2016.07.02-19.41.07:873][  0]LogSlate: SlateFontCache - WITH_FREETYPE: 1, WITH_HARFBUZZ: 1
[2016.07.02-19.41.12:230][  0]LogUdpMessaging: Initializing bridge on interface 0.0.0.0:0 to multicast group 230.0.0.1:6666.
[2016.07.02-19.41.12:719][  0]SourceControl: Info Source control is disabled
[2016.07.02-19.41.12:827][  0]SourceControl: Info Source control is disabled
[2016.07.02-19.41.12:842][  0]SourceControl: Info Source control is disabled
[2016.07.02-19.41.12:857][  0]SourceControl: Info Source control is disabled
[2016.07.02-19.41.13:264][  0]LogEngine: Initializing Engine...
[2016.07.02-19.41.13:315][  0]LogHMD: SteamVR failed to initialize.  Err: 110
[2016.07.02-19.41.13:316][  0]LogHMD: SteamVR failed to initialize.  Err: 110
[2016.07.02-19.41.13:652][  0]LogAIModule: Creating AISystem for world NewWorld
[2016.07.02-19.41.13:665][  0]LogInit: XAudio2 using 'Speakers (Realtek High Definition Audio)' : 2 channels at 48 kHz using 32 bits per sample (channel mask 0x3)
[2016.07.02-19.41.14:112][  0]LogInit: FAudioDevice initialized.
[2016.07.02-19.41.14:153][  0]LogDerivedDataCache: Saved boot cache 0.04s 49MB C:/Users/RKanehisa/AppData/Local/UnrealEngine/4.12/DerivedDataCache/Boot.ddc.
[2016.07.02-19.41.14:165][  0]LogInit: Texture streaming: Enabled
[2016.07.02-19.41.14:210][  0]LogInit: Transaction tracking system initialized
[2016.07.02-19.41.14:270][  0]BlueprintLog: New page: Editor Load
[2016.07.02-19.41.14:470][  0]LocalizationService: Info Localization service is disabled
[2016.07.02-19.41.14:619][  0]LogConsoleResponse:Display: 
[2016.07.02-19.41.15:150][  0]LogCook:Display: Max memory allowance for cook 8192mb
[2016.07.02-19.41.15:150][  0]LogCook:Display: Mobile HDR setting 1
[2016.07.02-19.41.15:253][  0]LogFileCache: Scanning file cache for directory 'D:/Home/Documents/Unreal Engine Projects/LoseOrDieMultiplayer/Content/' took 0.01s
[2016.07.02-19.41.15:554][  0]SourceControl: Info Source control is disabled
[2016.07.02-19.41.15:554][  0]Cmd: MAP LOAD FILE="D:/Home/Documents/Unreal Engine Projects/LoseOrDieMultiplayer/Content/Maps/MultiplayerLevel.umap" TEMPLATE=0 SHOWPROGRESS=1 FEATURELEVEL=3
[2016.07.02-19.41.15:555][  0]LightingResults: New page: Lighting Build
[2016.07.02-19.41.15:567][  0]MapCheck: New page: Map Check
[2016.07.02-19.41.15:567][  0]LightingResults: New page: Lighting Build
[2016.07.02-19.41.17:812][  0]LogTexture:Display: Building textures: ArrowUI_Texture (BGRA8)
[2016.07.02-19.41.17:906][  0]LogTexture:Display: Building textures: Car_Normals (AutoDXT)
[2016.07.02-19.41.18:328][  0]LogMaterial: Missing cached shader map for material Metal, compiling. 
[2016.07.02-19.41.18:396][  0]LogStaticMesh: Building static mesh FloatingCar...
[2016.07.02-19.41.18:463][  0]LogStaticMesh: Built static mesh [0.07s] /Game/Assets/Car/Meshes/FloatingCar.FloatingCar
[2016.07.02-19.41.18:477][  0]LogMaterial: Missing cached shader map for material FloatingRing_Materials, compiling. 
[2016.07.02-19.41.18:538][  0]LogTexture:Display: Building textures: ThumbnailTexture (DXT1)
[2016.07.02-19.41.18:989][  0]LogStaticMesh: Building static mesh Ramp...
[2016.07.02-19.41.18:998][  0]LogStaticMesh: Built static mesh [0.01s] /Game/Assets/Tracks/Meshes/Ramp.Ramp
[2016.07.02-19.41.19:054][  0]LogMaterial: Missing cached shader map for material M_Hologram, compiling. 
[2016.07.02-19.41.19:122][  0]LogStaticMesh: Building static mesh Arrows...
[2016.07.02-19.41.19:168][  0]LogStaticMesh: Built static mesh [0.05s] /Game/Assets/Generic/Meshes/Arrows.Arrows
[2016.07.02-19.41.19:253][  0]LogMaterial: Missing cached shader map for material M_Barreira, compiling. 
[2016.07.02-19.41.19:292][  0]LogStaticMesh: Building static mesh Barreira...
[2016.07.02-19.41.19:318][  0]LogStaticMesh: Built static mesh [0.03s] /Game/Assets/Generic/Meshes/Barreira.Barreira
[2016.07.02-19.41.19:671][  0]LogMaterial: Missing cached shader map for material Track_Material, compiling. 
[2016.07.02-19.41.19:727][  0]LogStaticMesh: Building static mesh Swap...
[2016.07.02-19.41.19:850][  0]LogStaticMesh: Built static mesh [0.13s] /Game/Assets/Generic/Meshes/Swap.Swap
[2016.07.02-19.41.20:577][  0]LogTexture:Display: Building textures: HQ_Lightmap1_1 (AutoDXT)
[2016.07.02-19.41.20:599][  0]LogTexture:Display: Building textures: HQ_Lightmap1_2 (AutoDXT)
[2016.07.02-19.41.20:601][  0]LogTexture:Display: Building textures: LQ_Lightmap_1_1 (DXT1)
[2016.07.02-19.41.20:607][  0]LogTexture:Display: Building textures: LQ_Lightmap_1_2 (DXT1)
[2016.07.02-19.41.20:618][  0]LogTexture:Display: Building textures: SkyOcclusion1_1 (AutoDXT)
[2016.07.02-19.41.20:633][  0]LogTexture:Display: Building textures: SkyOcclusion1_2 (AutoDXT)
[2016.07.02-19.41.20:646][  0]LogTexture:Display: Building textures: ShadowMapTexture2D_2 (G8)
[2016.07.02-19.41.20:647][  0]LogTexture:Display: Building textures: ShadowMapTexture2D_3 (G8)
[2016.07.02-19.41.20:652][  0]LogMaterial: Missing cached shader map for material M_Distance_Sand_Material, compiling. 
[2016.07.02-19.41.20:847][  0]LogTexture:Display: Building textures: HE (BGRA8)
[2016.07.02-19.41.20:872][  0]LogMaterial: Missing cached shader map for material M_HEHologram, compiling. 
[2016.07.02-19.41.20:960][  0]LogTexture:Display: Building textures: ThumbnailTexture (DXT1)
[2016.07.02-19.41.21:418][  0]LogTexture:Display: Building textures: SkullNormals (BC5)
[2016.07.02-19.41.22:004][  0]LogTexture:Display: Building textures: CubeUV (AutoDXT)
[2016.07.02-19.41.22:639][  0]LogTexture:Display: Building textures: CubeNormals (BC5)
[2016.07.02-19.41.23:174][  0]LogMaterial: Missing cached shader map for material M_KillCube, compiling. 
[2016.07.02-19.41.23:222][  0]LogStaticMesh: Building static mesh Cube...
[2016.07.02-19.41.23:238][  0]LogStaticMesh: Built static mesh [0.02s] /Game/Assets/Generic/Meshes/Cube.Cube
[2016.07.02-19.41.23:428][  0]LogTexture:Display: Building textures: HECubeUV (AutoDXT)
[2016.07.02-19.41.24:334][  0]LogTexture:Display: Building textures: HECubeNormal (BC5)
[2016.07.02-19.41.24:845][  0]LogMaterial: Missing cached shader map for material M_HECube, compiling. 
[2016.07.02-19.41.24:940][  0]LogAIModule: Creating AISystem for world MultiplayerLevel
[2016.07.02-19.41.25:715][  0]LogEditorServer: Finished looking for orphan Actors (0.000 secs)
[2016.07.02-19.41.25:716][  0]Cmd: MAP CHECKDEP NOCLEARLOG
[2016.07.02-19.41.25:838][  0]MapCheck: Info Map check complete: 0 Error(s), 0 Warning(s), took 121.386ms to complete.
[2016.07.02-19.41.25:838][  0]LogFileHelpers: Loading map 'MultiplayerLevel' took 10.287
[2016.07.02-19.41.26:350][  0]LogCollectionManager: Loaded 0 collections in 0.004265 seconds
[2016.07.02-19.41.26:470][  0]LogFileCache: Scanning file cache for directory 'D:/Home/Documents/Unreal Engine Projects/LoseOrDieMultiplayer/Saved/Collections/' took 0.02s
[2016.07.02-19.41.26:470][  0]LogFileCache: Scanning file cache for directory 'D:/Home/Documents/Unreal Engine Projects/LoseOrDieMultiplayer/Content/Developers/RKanehisa/Collections/' took 0.01s
[2016.07.02-19.41.26:470][  0]LogFileCache: Scanning file cache for directory 'D:/Home/Documents/Unreal Engine Projects/LoseOrDieMultiplayer/Content/Collections/' took 0.01s
[2016.07.02-19.41.26:470][  0]LogCollectionManager: Rebuilt the GUID cache for 0 collections in 0.000005 seconds
[2016.07.02-19.41.26:509][  0]LogContentBrowser: Native class hierarchy populated in 0.0364 seconds. Added 2047 classes and 369 folders.
[2016.07.02-19.41.26:528][  0]LogStats: UGameplayTagsManager::ConstructGameplayTagTree: Construct from data asset -  0.000 s
[2016.07.02-19.41.26:528][  0]LogStats: UGameplayTagsManager::ConstructGameplayTagTree: GameplayTagTreeChangedEvent.Broadcast -  0.000 s
[2016.07.02-19.41.26:530][  0]LogContentBrowser: Native class hierarchy updated for 'GameplayTags' in 0.0011 seconds. Added 12 classes and 0 folders.
[2016.07.02-19.41.26:547][  0]LogContentBrowser: Native class hierarchy updated for 'WidgetCarousel' in 0.0009 seconds. Added 0 classes and 0 folders.
[2016.07.02-19.41.27:147][  0]LogContentBrowser: Native class hierarchy updated for 'AddContentDialog' in 0.0009 seconds. Added 0 classes and 0 folders.
[2016.07.02-19.41.27:164][  0]LogContentBrowser: Native class hierarchy updated for 'SceneOutliner' in 0.0024 seconds. Added 1 classes and 2 folders.
[2016.07.02-19.41.27:209][  0]LogCrashTracker: Crashtracker disabled due to settings.
[2016.07.02-19.41.27:236][  0]LogUObjectGlobals:Warning: Failed to find object 'Class None.'
[2016.07.02-19.41.27:274][  0]LogContentBrowser: Native class hierarchy updated for 'HierarchicalLODOutliner' in 0.0023 seconds. Added 1 classes and 2 folders.
[2016.07.02-19.41.27:275][  0]LogLoad: Full Startup: 44.11 seconds (BP compile: 0.83 seconds)
[2016.07.02-19.41.27:275][  0]LogExternalProfiler: Found external profiler: VSPerf
[2016.07.02-19.41.27:275][  0]LogExternalProfiler: Using external profiler: VSPerf
[2016.07.02-19.41.27:286][  0]LogOcInput: OculusInput pre-init called
[2016.07.02-19.41.27:552][  0]LogContentStreaming: Texture pool size now 1000 MB
[2016.07.02-19.41.28:531][  0]LogRenderer: Reallocating scene render targets to support 856x372 (Frame:2).
[2016.07.02-19.41.29:218][  1]LogEditorViewport: Clicking on Actor (LMB): StaticMeshActor (Floor)
[2016.07.02-19.41.30:498][  5]LogAssetRegistry: Asset discovery search completed in 26.5592 seconds
[2016.07.02-19.41.30:498][  5]LogCollectionManager: Rebuilt the object cache for 0 collections in 0.000001 seconds (found 0 objects)
[2016.07.02-19.41.30:499][  5]LogCollectionManager: Fixed up redirectors for 0 collections in 0.000336 seconds (updated 0 objects)
[2016.07.02-19.42.43:595][951]LogSynthBenchmark:Display: FSynthBenchmark (V0.95):  requested WorkScale=1.00
[2016.07.02-19.42.43:595][951]LogSynthBenchmark:Display: ===============
[2016.07.02-19.42.43:595][951]LogSynthBenchmark:Display: Main Processor:
[2016.07.02-19.42.43:701][951]LogSynthBenchmark:Display:          ... 0.056958 s/Run 'RayIntersect'
[2016.07.02-19.42.43:701][951]LogSynthBenchmark:Display:          ... 0.049298 s/Run 'Fractal'
[2016.07.02-19.42.43:701][951]LogSynthBenchmark:Display: 
[2016.07.02-19.42.43:701][951]LogSynthBenchmark:Display:   CompiledTarget_x_Bits: 64
[2016.07.02-19.42.43:701][951]LogSynthBenchmark:Display:   UE_BUILD_SHIPPING: 0
[2016.07.02-19.42.43:701][951]LogSynthBenchmark:Display:   UE_BUILD_TEST: 0
[2016.07.02-19.42.43:702][951]LogSynthBenchmark:Display:   UE_BUILD_DEBUG: 0
[2016.07.02-19.42.43:702][951]LogSynthBenchmark:Display:   TotalPhysicalGBRam: 8
[2016.07.02-19.42.43:702][951]LogSynthBenchmark:Display:   NumberOfCores (physical): 2
[2016.07.02-19.42.43:702][951]LogSynthBenchmark:Display:   NumberOfCores (logical): 4
[2016.07.02-19.42.43:702][951]LogSynthBenchmark:Display:   CPU Perf Index 0: 45.0 (weight 1.00)
[2016.07.02-19.42.43:702][951]LogSynthBenchmark:Display:   CPU Perf Index 1: 58.0 (weight 1.50)
[2016.07.02-19.42.43:702][951]LogSynthBenchmark:Display:  
[2016.07.02-19.42.43:702][951]LogSynthBenchmark:Display: Graphics:
[2016.07.02-19.42.43:702][951]LogSynthBenchmark:Display:   Adapter Name: 'NVIDIA GeForce GT 750M'
[2016.07.02-19.42.43:702][951]LogSynthBenchmark:Display:   (On Optimus the name might be wrong, memory should be ok)
[2016.07.02-19.42.43:702][951]LogSynthBenchmark:Display:   Vendor Id: 0x10de
[2016.07.02-19.42.43:702][951]LogSynthBenchmark:Display:   Device Id: 0xfe4
[2016.07.02-19.42.43:702][951]LogSynthBenchmark:Display:   GPU Memory: 1992/0/2049 MB
[2016.07.02-19.42.50:336][951]LogSynthBenchmark:Display:   GPU first test: 0.02s
[2016.07.02-19.42.50:336][951]LogSynthBenchmark:Display:          ... 0.338 GigaPix/s, Confidence=100% 'ALUHeavyNoise' (likely to be very inaccurate)
[2016.07.02-19.42.50:336][951]LogSynthBenchmark:Display:          ... 0.464 GigaPix/s, Confidence=100% 'TexHeavy' (likely to be very inaccurate)
[2016.07.02-19.42.50:336][951]LogSynthBenchmark:Display:          ... 0.271 GigaPix/s, Confidence=100% 'DepTexHeavy' (likely to be very inaccurate)
[2016.07.02-19.42.50:336][951]LogSynthBenchmark:Display:          ... 0.878 GigaPix/s, Confidence=100% 'FillOnly' (likely to be very inaccurate)
[2016.07.02-19.42.50:336][951]LogSynthBenchmark:Display:          ... 0.097 GigaPix/s, Confidence=100% 'Bandwidth' (likely to be very inaccurate)
[2016.07.02-19.42.50:464][951]LogSynthBenchmark:Display:   GPU second test: 0.12s
[2016.07.02-19.42.50:464][951]LogSynthBenchmark:Display:          ... 0.531 GigaPix/s, Confidence=100% 'ALUHeavyNoise' (likely to be inaccurate)
[2016.07.02-19.42.50:464][951]LogSynthBenchmark:Display:          ... 0.849 GigaPix/s, Confidence=100% 'TexHeavy' (likely to be inaccurate)
[2016.07.02-19.42.50:464][951]LogSynthBenchmark:Display:          ... 0.410 GigaPix/s, Confidence=100% 'DepTexHeavy' (likely to be inaccurate)
[2016.07.02-19.42.50:464][951]LogSynthBenchmark:Display:          ... 2.074 GigaPix/s, Confidence=100% 'FillOnly' (likely to be inaccurate)
[2016.07.02-19.42.50:464][951]LogSynthBenchmark:Display:          ... 0.121 GigaPix/s, Confidence=100% 'Bandwidth' (likely to be inaccurate)
[2016.07.02-19.42.50:464][951]LogSynthBenchmark:Display:          ... 0.531 GigaPix/s, Confidence=100% 'ALUHeavyNoise'
[2016.07.02-19.42.50:464][951]LogSynthBenchmark:Display:          ... 0.849 GigaPix/s, Confidence=100% 'TexHeavy'
[2016.07.02-19.42.50:464][951]LogSynthBenchmark:Display:          ... 0.410 GigaPix/s, Confidence=100% 'DepTexHeavy'
[2016.07.02-19.42.50:464][951]LogSynthBenchmark:Display:          ... 2.074 GigaPix/s, Confidence=100% 'FillOnly'
[2016.07.02-19.42.50:464][951]LogSynthBenchmark:Display:          ... 0.121 GigaPix/s, Confidence=100% 'Bandwidth'
[2016.07.02-19.42.50:465][951]LogSynthBenchmark:Display: 
[2016.07.02-19.42.50:465][951]LogSynthBenchmark:Display:   GPU Perf Index 0: 11.6 (weight 1.00)
[2016.07.02-19.42.50:465][951]LogSynthBenchmark:Display:   GPU Perf Index 1: 11.4 (weight 0.10)
[2016.07.02-19.42.50:465][951]LogSynthBenchmark:Display:   GPU Perf Index 2: 10.7 (weight 0.10)
[2016.07.02-19.42.50:465][951]LogSynthBenchmark:Display:   GPU Perf Index 3: 8.1 (weight 3.00)
[2016.07.02-19.42.50:465][951]LogSynthBenchmark:Display:   GPU Perf Index 4: 11.3 (weight 1.00)
[2016.07.02-19.42.50:465][951]LogSynthBenchmark:Display:   CPUIndex: 52.8
[2016.07.02-19.42.50:465][951]LogSynthBenchmark:Display:   GPUIndex: 9.5
[2016.07.02-19.42.50:465][951]LogSynthBenchmark:Display: 
[2016.07.02-19.42.50:465][951]LogSynthBenchmark:Display:          ... Total Time: 6.874291 sec
[2016.07.02-19.42.51:548][953]LogContentStreaming: Texture pool size now 200 MB
[2016.07.02-19.42.52:851][956]LogRenderer: Reallocating scene render targets to support 856x372 (Frame:853).
[2016.07.02-19.44.34:967][257]LogBlueprintUserMessages: Early PlayInEditor Detection: Level '/Game/Maps/MultiplayerLevel.MultiplayerLevel:PersistentLevel' has LevelScriptBlueprint '/Game/Maps/MultiplayerLevel.MultiplayerLevel:PersistentLevel.MultiplayerLevel' with GeneratedClass '/Game/Maps/MultiplayerLevel.MultiplayerLevel_C' with ClassGeneratedBy '/Game/Maps/MultiplayerLevel.MultiplayerLevel:PersistentLevel.MultiplayerLevel'
[2016.07.02-19.44.34:967][257]LogPlayLevel: PlayLevel: No blueprints needed recompiling
[2016.07.02-19.44.34:979][257]PIE: New page: PIE session: MultiplayerLevel (Jul 2, 2016, 1:44:34 PM)
[2016.07.02-19.44.34:979][257]LogPlayLevel: Creating play world package: /Game/Maps/UEDPIE_0_MultiplayerLevel
[2016.07.02-19.44.34:993][257]LogPlayLevel: PIE: StaticDuplicateObject took: (0.014329s)
[2016.07.02-19.44.34:994][257]LogAIModule: Creating AISystem for world MultiplayerLevel
[2016.07.02-19.44.34:994][257]LogPlayLevel: PIE: World Init took: (0.000791s)
[2016.07.02-19.44.34:995][257]LogPlayLevel: PIE: Created PIE world by copying editor world from /Game/Maps/MultiplayerLevel.MultiplayerLevel to /Game/Maps/UEDPIE_0_MultiplayerLevel.MultiplayerLevel (0.016026s)
[2016.07.02-19.44.35:104][257]LogInit: XAudio2 using 'Speakers (Realtek High Definition Audio)' : 2 channels at 48 kHz using 32 bits per sample (channel mask 0x3)
[2016.07.02-19.44.35:122][257]LogInit: FAudioDevice initialized.
[2016.07.02-19.44.35:283][257]LogWorld: Game class is 'ThirdPersonGameMode_C'
[2016.07.02-19.44.35:289][257]LogWorld: Bringing World /Game/Maps/UEDPIE_0_MultiplayerLevel.MultiplayerLevel up for play (max tick rate 0) at 2016.07.02-16.44.35
[2016.07.02-19.44.35:290][257]LogWorld: Bringing up level for play took: 0.003477
[2016.07.02-19.44.35:306][257]LogContentBrowser: Native class hierarchy updated for 'MovieSceneCapture' in 0.0008 seconds. Added 11 classes and 0 folders.
[2016.07.02-19.44.35:699][257]PIE: Info Play in editor start time for /Game/Maps/UEDPIE_0_MultiplayerLevel -0.027
[2016.07.02-19.44.35:700][257]LogBlueprintUserMessages: Late PlayInEditor Detection: Level '/Game/Maps/MultiplayerLevel.MultiplayerLevel:PersistentLevel' has LevelScriptBlueprint '/Game/Maps/MultiplayerLevel.MultiplayerLevel:PersistentLevel.MultiplayerLevel' with GeneratedClass '/Game/Maps/MultiplayerLevel.MultiplayerLevel_C' with ClassGeneratedBy '/Game/Maps/MultiplayerLevel.MultiplayerLevel:PersistentLevel.MultiplayerLevel'
[2016.07.02-19.44.46:374][699]LogBlueprintUserMessages: Early EndPlayMap Detection: Level '/Game/Maps/MultiplayerLevel.MultiplayerLevel:PersistentLevel' has LevelScriptBlueprint '/Game/Maps/MultiplayerLevel.MultiplayerLevel:PersistentLevel.MultiplayerLevel' with GeneratedClass '/Game/Maps/MultiplayerLevel.MultiplayerLevel_C' with ClassGeneratedBy '/Game/Maps/MultiplayerLevel.MultiplayerLevel:PersistentLevel.MultiplayerLevel'
[2016.07.02-19.44.46:546][699]LogBlueprintUserMessages: Late EndPlayMap Detection: Level '/Game/Maps/MultiplayerLevel.MultiplayerLevel:PersistentLevel' has LevelScriptBlueprint '/Game/Maps/MultiplayerLevel.MultiplayerLevel:PersistentLevel.MultiplayerLevel' with GeneratedClass '/Game/Maps/MultiplayerLevel.MultiplayerLevel_C' with ClassGeneratedBy '/Game/Maps/MultiplayerLevel.MultiplayerLevel:PersistentLevel.MultiplayerLevel'
[2016.07.02-19.44.55:871][572]LogEditorViewport: Clicking on Actor (LMB): BP_Sky_Sphere_C (BP_Sky_Sphere)
[2016.07.02-19.45.12:782][753]LogRenderer: Reallocating scene render targets to support 856x372 (Frame:1422).
[2016.07.02-19.45.12:900][756]LogContentStreaming: Texture pool size now 400 MB
[2016.07.02-19.45.14:031][813]LogRenderer: Reallocating scene render targets to support 856x372 (Frame:1424).
[2016.07.02-19.45.14:205][816]LogContentStreaming: Texture pool size now 700 MB
[2016.07.02-19.45.15:043][863]LogEditorViewport: Clicking on Actor (LMB): BP_Sky_Sphere_C (BP_Sky_Sphere)
[2016.07.02-19.45.15:692][904]LogBlueprintUserMessages: Early PlayInEditor Detection: Level '/Game/Maps/MultiplayerLevel.MultiplayerLevel:PersistentLevel' has LevelScriptBlueprint '/Game/Maps/MultiplayerLevel.MultiplayerLevel:PersistentLevel.MultiplayerLevel' with GeneratedClass '/Game/Maps/MultiplayerLevel.MultiplayerLevel_C' with ClassGeneratedBy '/Game/Maps/MultiplayerLevel.MultiplayerLevel:PersistentLevel.MultiplayerLevel'
[2016.07.02-19.45.15:692][904]LogPlayLevel: PlayLevel: No blueprints needed recompiling
[2016.07.02-19.45.15:692][904]PIE: New page: PIE session: MultiplayerLevel (Jul 2, 2016, 1:45:15 PM)
[2016.07.02-19.45.15:693][904]LogPlayLevel: Creating play world package: /Game/Maps/UEDPIE_0_MultiplayerLevel
[2016.07.02-19.45.15:712][904]LogPlayLevel: PIE: StaticDuplicateObject took: (0.018982s)
[2016.07.02-19.45.15:713][904]LogAIModule: Creating AISystem for world MultiplayerLevel
[2016.07.02-19.45.15:713][904]LogPlayLevel: PIE: World Init took: (0.000983s)
[2016.07.02-19.45.15:713][904]LogPlayLevel: PIE: Created PIE world by copying editor world from /Game/Maps/MultiplayerLevel.MultiplayerLevel to /Game/Maps/UEDPIE_0_MultiplayerLevel.MultiplayerLevel (0.020371s)
[2016.07.02-19.45.15:769][904]LogInit: XAudio2 using 'Speakers (Realtek High Definition Audio)' : 2 channels at 48 kHz using 32 bits per sample (channel mask 0x3)
[2016.07.02-19.45.15:793][904]LogInit: FAudioDevice initialized.
[2016.07.02-19.45.15:874][904]LogWorld: Game class is 'ThirdPersonGameMode_C'
[2016.07.02-19.45.15:876][904]LogWorld: Bringing World /Game/Maps/UEDPIE_0_MultiplayerLevel.MultiplayerLevel up for play (max tick rate 0) at 2016.07.02-16.45.15
[2016.07.02-19.45.15:877][904]LogWorld: Bringing up level for play took: 0.002172
[2016.07.02-19.45.16:300][904]PIE: Info Play in editor start time for /Game/Maps/UEDPIE_0_MultiplayerLevel 0.575
[2016.07.02-19.45.16:300][904]LogBlueprintUserMessages: Late PlayInEditor Detection: Level '/Game/Maps/MultiplayerLevel.MultiplayerLevel:PersistentLevel' has LevelScriptBlueprint '/Game/Maps/MultiplayerLevel.MultiplayerLevel:PersistentLevel.MultiplayerLevel' with GeneratedClass '/Game/Maps/MultiplayerLevel.MultiplayerLevel_C' with ClassGeneratedBy '/Game/Maps/MultiplayerLevel.MultiplayerLevel:PersistentLevel.MultiplayerLevel'
[2016.07.02-19.46.00:962][395]LogBlueprintUserMessages: Early EndPlayMap Detection: Level '/Game/Maps/MultiplayerLevel.MultiplayerLevel:PersistentLevel' has LevelScriptBlueprint '/Game/Maps/MultiplayerLevel.MultiplayerLevel:PersistentLevel.MultiplayerLevel' with GeneratedClass '/Game/Maps/MultiplayerLevel.MultiplayerLevel_C' with ClassGeneratedBy '/Game/Maps/MultiplayerLevel.MultiplayerLevel:PersistentLevel.MultiplayerLevel'
[2016.07.02-19.46.01:130][395]LogBlueprintUserMessages: Late EndPlayMap Detection: Level '/Game/Maps/MultiplayerLevel.MultiplayerLevel:PersistentLevel' has LevelScriptBlueprint '/Game/Maps/MultiplayerLevel.MultiplayerLevel:PersistentLevel.MultiplayerLevel' with GeneratedClass '/Game/Maps/MultiplayerLevel.MultiplayerLevel_C' with ClassGeneratedBy '/Game/Maps/MultiplayerLevel.MultiplayerLevel:PersistentLevel.MultiplayerLevel'
[2016.07.02-19.46.02:869][447]LogContentBrowser: Native class hierarchy updated for 'BlueprintGraph' in 0.0018 seconds. Added 111 classes and 0 folders.
[2016.07.02-19.46.15:199][550]Cmd: QUIT_EDITOR
[2016.07.02-19.46.15:329][550]LogExit: Preparing to exit.
[2016.07.02-19.46.16:673][550]LogExit: Editor shut down
[2016.07.02-19.46.16:674][550]LogExit: Transaction tracking system shut down
[2016.07.02-19.46.16:953][550]LogObj: Freed 0b from 0 cluster array pools.
[2016.07.02-19.46.16:954][550]LogExit: Object subsystem successfully closed.
[2016.07.02-19.46.16:975][550]LogD3D11RHI: Shutdown
[2016.07.02-19.46.16:975][550]LogD3D11RHI: CleanupD3DDevice
[2016.07.02-19.46.17:071][550]LogD3D11RHI: ~FD3D11DynamicRHI
[2016.07.02-19.46.17:101][550]LogModuleManager: Shutting down and abandoning module BlueprintGraph (216)
[2016.07.02-19.46.17:102][550]LogModuleManager: Shutting down and abandoning module MovieSceneCapture (215)
[2016.07.02-19.46.17:102][550]LogModuleManager: Shutting down and abandoning module SynthBenchmark (214)
[2016.07.02-19.46.17:102][550]LogModuleManager: Shutting down and abandoning module HierarchicalLODOutliner (213)
[2016.07.02-19.46.17:102][550]LogModuleManager: Shutting down and abandoning module CrashTracker (212)
[2016.07.02-19.46.17:102][550]LogModuleManager: Shutting down and abandoning module SceneOutliner (211)
[2016.07.02-19.46.17:102][550]LogModuleManager: Shutting down and abandoning module WidgetCarousel (210)
[2016.07.02-19.46.17:102][550]LogModuleManager: Shutting down and abandoning module AddContentDialog (209)
[2016.07.02-19.46.17:104][550]LogModuleManager: Shutting down and abandoning module GameplayTags (208)
[2016.07.02-19.46.17:104][550]LogModuleManager: Shutting down and abandoning module EditorWidgets (207)
[2016.07.02-19.46.17:104][550]LogModuleManager: Shutting down and abandoning module CollectionManager (206)
[2016.07.02-19.46.17:104][550]LogModuleManager: Shutting down and abandoning module StatsViewer (205)
[2016.07.02-19.46.17:105][550]LogModuleManager: Shutting down and abandoning module FoliageEdit (204)
[2016.07.02-19.46.17:105][550]LogModuleManager: Shutting down and abandoning module LandscapeEditor (203)
[2016.07.02-19.46.17:106][550]LogModuleManager: Shutting down and abandoning module SceneDepthPickerMode (202)
[2016.07.02-19.46.17:106][550]LogModuleManager: Shutting down and abandoning module ActorPickerMode (201)
[2016.07.02-19.46.17:106][550]LogModuleManager: Shutting down and abandoning module GeometryMode (200)
[2016.07.02-19.46.17:106][550]LogModuleManager: Shutting down and abandoning module TextureAlignMode (199)
[2016.07.02-19.46.17:107][550]LogModuleManager: Shutting down and abandoning module BspMode (198)
[2016.07.02-19.46.17:107][550]LogModuleManager: Shutting down and abandoning module HardwareSurvey (197)
[2016.07.02-19.46.17:107][550]LogModuleManager: Shutting down and abandoning module SequenceRecorderSections (196)
[2016.07.02-19.46.17:107][550]LogModuleManager: Shutting down and abandoning module SequenceRecorder (195)
[2016.07.02-19.46.17:107][550]LogModuleManager: Shutting down and abandoning module AutomationWorker (194)
[2016.07.02-19.46.17:107][550]LogModuleManager: Shutting down and abandoning module MatineeToLevelSequence (193)
[2016.07.02-19.46.17:107][550]LogModuleManager: Shutting down and abandoning module PlacementMode (192)
[2016.07.02-19.46.17:107][550]LogModuleManager: Shutting down and abandoning module LevelSequenceEditor (191)
[2016.07.02-19.46.17:107][550]LogModuleManager: Shutting down and abandoning module CharacterAI (190)
[2016.07.02-19.46.17:107][550]LogModuleManager: Shutting down and abandoning module SmartSnapping (189)
[2016.07.02-19.46.17:108][550]LogModuleManager: Shutting down and abandoning module SessionServices (188)
[2016.07.02-19.46.17:108][550]LogModuleManager: Shutting down and abandoning module ViewportSnapping (187)
[2016.07.02-19.46.17:108][550]LogModuleManager: Shutting down and abandoning module LogVisualizer (186)
[2016.07.02-19.46.17:108][550]LogModuleManager: Shutting down and abandoning module GameProjectGeneration (185)
[2016.07.02-19.46.17:109][550]LogModuleManager: Shutting down and abandoning module IntroTutorials (184)
[2016.07.02-19.46.17:109][550]LogModuleManager: Shutting down and abandoning module EditorLiveStreaming (183)
[2016.07.02-19.46.17:109][550]LogModuleManager: Shutting down and abandoning module IOSPlatformEditor (182)
[2016.07.02-19.46.17:109][550]LogModuleManager: Shutting down and abandoning module HTML5PlatformEditor (181)
[2016.07.02-19.46.17:109][550]LogModuleManager: Shutting down and abandoning module AndroidDeviceDetection (180)
[2016.07.02-19.46.17:922][550]LogModuleManager: Shutting down and abandoning module AndroidPlatformEditor (179)
[2016.07.02-19.46.17:922][550]LogModuleManager: Shutting down and abandoning module IOSRuntimeSettings (178)
[2016.07.02-19.46.17:922][550]LogModuleManager: Shutting down and abandoning module AndroidRuntimeSettings (177)
[2016.07.02-19.46.17:922][550]LogModuleManager: Shutting down and abandoning module MergeActors (176)
[2016.07.02-19.46.17:925][550]LogModuleManager: Shutting down and abandoning module SizeMap (175)
[2016.07.02-19.46.17:925][550]LogModuleManager: Shutting down and abandoning module TreeMap (174)
[2016.07.02-19.46.17:925][550]LogModuleManager: Shutting down and abandoning module ReferenceViewer (173)
[2016.07.02-19.46.17:925][550]LogModuleManager: Shutting down and abandoning module LocalizationService (172)
[2016.07.02-19.46.17:925][550]LogModuleManager: Shutting down and abandoning module LocalizationDashboard (171)
[2016.07.02-19.46.17:925][550]LogModuleManager: Shutting down and abandoning module HardwareTargeting (170)
[2016.07.02-19.46.17:926][550]LogModuleManager: Shutting down and abandoning module DeviceProfileEditor (169)
[2016.07.02-19.46.17:926][550]LogModuleManager: Shutting down and abandoning module UndoHistory (168)
[2016.07.02-19.46.17:926][550]LogModuleManager: Shutting down and abandoning module UserFeedback (167)
[2016.07.02-19.46.17:926][550]LogModuleManager: Shutting down and abandoning module XmlParser (166)
[2016.07.02-19.46.17:926][550]LogModuleManager: Shutting down and abandoning module Blutility (165)
[2016.07.02-19.46.17:926][550]LogModuleManager: Shutting down and abandoning module ProjectTargetPlatformEditor (164)
[2016.07.02-19.46.17:926][550]LogModuleManager: Shutting down and abandoning module ProjectSettingsViewer (163)
[2016.07.02-19.46.17:926][550]LogModuleManager: Shutting down and abandoning module InputBindingEditor (162)
[2016.07.02-19.46.17:927][550]LogModuleManager: Shutting down and abandoning module EditorSettingsViewer (161)
[2016.07.02-19.46.17:927][550]LogModuleManager: Shutting down and abandoning module SettingsEditor (160)
[2016.07.02-19.46.17:927][550]LogModuleManager: Shutting down and abandoning module ProjectLauncher (159)
[2016.07.02-19.46.17:927][550]LogModuleManager: Shutting down and abandoning module SessionFrontend (158)
[2016.07.02-19.46.17:927][550]LogModuleManager: Shutting down and abandoning module ProfilerClient (157)
[2016.07.02-19.46.17:928][550]LogModuleManager: Shutting down and abandoning module TargetDeviceServices (156)
[2016.07.02-19.46.17:928][550]LogModuleManager: Shutting down and abandoning module DeviceManager (155)
[2016.07.02-19.46.17:978][550]LogModuleManager: Shutting down and abandoning module AutomationController (154)
[2016.07.02-19.46.17:978][550]LogModuleManager: Shutting down and abandoning module AutomationWindow (153)
[2016.07.02-19.46.17:979][550]LogModuleManager: Shutting down and abandoning module Layers (152)
[2016.07.02-19.46.17:980][550]LogModuleManager: Shutting down and abandoning module ComponentVisualizers (151)
[2016.07.02-19.46.17:980][550]LogModuleManager: Shutting down and abandoning module DetailCustomizations (150)
[2016.07.02-19.46.17:980][550]LogModuleManager: Shutting down and abandoning module PackagesDialog (149)
[2016.07.02-19.46.17:981][550]LogModuleManager: Shutting down and abandoning module Persona (148)
[2016.07.02-19.46.17:981][550]LogModuleManager: Shutting down and abandoning module Kismet (147)
[2016.07.02-19.46.17:981][550]LogModuleManager: Shutting down and abandoning module GraphEditor (146)
[2016.07.02-19.46.17:981][550]LogModuleManager: Shutting down and abandoning module ClassViewer (145)
[2016.07.02-19.46.17:982][550]LogModuleManager: Shutting down and abandoning module Toolbox (144)
[2016.07.02-19.46.17:982][550]LogModuleManager: Shutting down and abandoning module ModuleUI (143)
[2016.07.02-19.46.17:982][550]LogModuleManager: Shutting down and abandoning module MovieSceneTools (142)
[2016.07.02-19.46.17:982][550]LogModuleManager: Shutting down and abandoning module OutputLog (141)
[2016.07.02-19.46.17:982][550]LogModuleManager: Shutting down and abandoning module GammaUI (140)
[2016.07.02-19.46.17:983][550]LogModuleManager: Shutting down and abandoning module Documentation (139)
[2016.07.02-19.46.17:983][550]LogModuleManager: Shutting down and abandoning module StreamingPauseRendering (138)
[2016.07.02-19.46.17:983][550]LogModuleManager: Shutting down and abandoning module AnalyticsET (137)
[2016.07.02-19.46.17:983][550]LogModuleManager: Shutting down and abandoning module Analytics (136)
[2016.07.02-19.46.17:983][550]LogModuleManager: Shutting down and abandoning module PortalServices (135)
[2016.07.02-19.46.17:983][550]LogModuleManager: Shutting down and abandoning module PortalRpc (134)
[2016.07.02-19.46.17:983][550]LogModuleManager: Shutting down and abandoning module MessagingRpc (133)
[2016.07.02-19.46.17:983][550]LogModuleManager: Shutting down and abandoning module GameplayDebugger (132)
[2016.07.02-19.46.17:983][550]LogModuleManager: Shutting down and abandoning module AITestSuite (131)
[2016.07.02-19.46.17:983][550]LogModuleManager: Shutting down and abandoning module AIModule (130)
[2016.07.02-19.46.17:983][550]LogModuleManager: Shutting down and abandoning module ProfilerService (129)
[2016.07.02-19.46.18:222][550]LogModuleManager: Shutting down and abandoning module TaskGraph (128)
[2016.07.02-19.46.18:224][550]LogModuleManager: Shutting down and abandoning module SlateRemote (127)
[2016.07.02-19.46.18:224][550]LogModuleManager: Shutting down and abandoning module SteamVRController (126)
[2016.07.02-19.46.18:224][550]LogModuleManager: Shutting down and abandoning module SteamVR (125)
[2016.07.02-19.46.18:224][550]LogModuleManager: Shutting down and abandoning module ProceduralMeshComponent (124)
[2016.07.02-19.46.18:224][550]LogModuleManager: Shutting down and abandoning module OculusLibrary (123)
[2016.07.02-19.46.18:224][550]LogModuleManager: Shutting down and abandoning module OculusInput (122)
[2016.07.02-19.46.18:224][550]LogModuleManager: Shutting down and abandoning module CustomMeshComponent (121)
[2016.07.02-19.46.18:224][550]LogModuleManager: Shutting down and abandoning module CableComponent (120)
[2016.07.02-19.46.18:224][550]LogModuleManager: Shutting down and abandoning module ArchVisCharacter (119)
[2016.07.02-19.46.18:224][550]LogModuleManager: Shutting down and abandoning module MediaPlayerEditor (118)
[2016.07.02-19.46.18:225][550]LogModuleManager: Shutting down and abandoning module HTML5Networking (117)
[2016.07.02-19.46.18:225][550]LogModuleManager: Shutting down and abandoning module SuperSearch (116)
[2016.07.02-19.46.18:225][550]LogModuleManager: Shutting down and abandoning module SuperSearchEditor (115)
[2016.07.02-19.46.18:225][550]LogModuleManager: Shutting down and abandoning module SpeedTreeImporter (114)
[2016.07.02-19.46.18:225][550]LogModuleManager: Shutting down and abandoning module PluginBrowser (113)
[2016.07.02-19.46.18:225][550]LogModuleManager: Shutting down and abandoning module EpicSurvey (112)
[2016.07.02-19.46.18:225][550]LogModuleManager: Shutting down and abandoning module DesktopPlatform (111)
[2016.07.02-19.46.18:225][550]LogModuleManager: Shutting down and abandoning module VisualStudioSourceCodeAccess (110)
[2016.07.02-19.46.18:225][550]LogModuleManager: Shutting down and abandoning module UObjectPlugin (109)
[2016.07.02-19.46.18:225][550]LogModuleManager: Shutting down and abandoning module SubversionSourceControl (108)
[2016.07.02-19.46.18:225][550]LogModuleManager: Shutting down and abandoning module PerforceSourceControl (107)
[2016.07.02-19.46.18:225][550]LogModuleManager: Shutting down and abandoning module SourceControl (106)
[2016.07.02-19.46.18:226][550]LogModuleManager: Shutting down and abandoning module GitSourceControl (105)
[2016.07.02-19.46.18:226][550]LogModuleManager: Shutting down and abandoning module LightPropagationVolumeEditor (104)
[2016.07.02-19.46.18:226][550]LogModuleManager: Shutting down and abandoning module PaperTiledImporter (103)
[2016.07.02-19.46.18:226][550]LogModuleManager: Shutting down and abandoning module PaperSpriteSheetImporter (102)
[2016.07.02-19.46.18:226][550]LogModuleManager: Shutting down and abandoning module MeshPaint (101)
[2016.07.02-19.46.18:226][550]LogModuleManager: Shutting down and abandoning module PixelInspectorModule (100)
[2016.07.02-19.46.18:226][550]LogModuleManager: Shutting down and abandoning module HotReload (99)
[2016.07.02-19.46.18:227][550]LogModuleManager: Shutting down and abandoning module MainFrame (98)
[2016.07.02-19.46.18:227][550]LogModuleManager: Shutting down and abandoning module LevelEditor (97)
[2016.07.02-19.46.18:228][550]LogModuleManager: Shutting down and abandoning module ContentBrowser (96)
[2016.07.02-19.46.18:229][550]LogModuleManager: Shutting down and abandoning module Paper2DEditor (95)
[2016.07.02-19.46.18:229][550]LogModuleManager: Shutting down and abandoning module UdpMessaging (94)
[2016.07.02-19.46.18:331][550]LogModuleManager: Shutting down and abandoning module LightPropagationVolumeRuntime (93)
[2016.07.02-19.46.18:331][550]LogModuleManager: Shutting down and abandoning module Paper2D (92)
[2016.07.02-19.46.18:331][550]LogModuleManager: Shutting down and abandoning module WindowsMoviePlayer (91)
[2016.07.02-19.46.18:331][550]LogModuleManager: Shutting down and abandoning module Media (90)
[2016.07.02-19.46.18:331][550]LogModuleManager: Shutting down and abandoning module WmfMedia (89)
[2016.07.02-19.46.18:333][550]LogModuleManager: Shutting down and abandoning module MediaAssets (88)
[2016.07.02-19.46.18:333][550]LogModuleManager: Shutting down and abandoning module GameLiveStreaming (87)
[2016.07.02-19.46.18:333][550]LogModuleManager: Shutting down and abandoning module GameplayTagsEditor (86)
[2016.07.02-19.46.18:333][550]LogModuleManager: Shutting down and abandoning module OnlineBlueprintSupport (85)
[2016.07.02-19.46.18:333][550]LogModuleManager: Shutting down and abandoning module VREditor (84)
[2016.07.02-19.46.18:333][550]LogModuleManager: Shutting down and abandoning module GameplayTasksEditor (83)
[2016.07.02-19.46.18:333][550]LogModuleManager: Shutting down and abandoning module PropertyEditor (82)
[2016.07.02-19.46.18:333][550]LogModuleManager: Shutting down and abandoning module BehaviorTreeEditor (81)
[2016.07.02-19.46.18:334][550]LogModuleManager: Shutting down and abandoning module FunctionalTesting (80)
[2016.07.02-19.46.18:334][550]LogModuleManager: Shutting down and abandoning module CollisionAnalyzer (79)
[2016.07.02-19.46.18:334][550]LogModuleManager: Shutting down and abandoning module Sequencer (78)
[2016.07.02-19.46.18:334][550]LogModuleManager: Shutting down and abandoning module WorkspaceMenuStructure (77)
[2016.07.02-19.46.18:334][550]LogModuleManager: Shutting down and abandoning module MessageLog (76)
[2016.07.02-19.46.18:334][550]LogModuleManager: Shutting down and abandoning module AssetTools (75)
[2016.07.02-19.46.18:337][550]LogModuleManager: Shutting down and abandoning module UMGEditor (74)
[2016.07.02-19.46.18:337][550]LogModuleManager: Shutting down and abandoning module UMG (73)
[2016.07.02-19.46.18:337][550]LogModuleManager: Shutting down and abandoning module SlateReflector (72)
[2016.07.02-19.46.18:337][550]LogModuleManager: Shutting down and abandoning module Slate (71)
[2016.07.02-19.46.18:337][550]LogModuleManager: Shutting down and abandoning module EditorStyle (70)
[2016.07.02-19.46.18:340][550]LogModuleManager: Shutting down and abandoning module SourceCodeAccess (69)
[2016.07.02-19.46.18:341][550]LogModuleManager: Shutting down and abandoning module HeadMountedDisplay (68)
[2016.07.02-19.46.18:341][550]LogModuleManager: Shutting down and abandoning module XAudio2 (67)
[2016.07.02-19.46.18:341][550]LogModuleManager: Shutting down and abandoning module Networking (65)
[2016.07.02-19.46.18:341][550]LogModuleManager: Shutting down and abandoning module Core (64)
[2016.07.02-19.46.18:341][550]LogModuleManager: Shutting down and abandoning module DirectoryWatcher (63)
[2016.07.02-19.46.18:341][550]LogModuleManager: Shutting down and abandoning module AssetRegistry (62)
[2016.07.02-19.46.18:572][550]LogModuleManager: Shutting down and abandoning module KismetCompiler (61)
[2016.07.02-19.46.18:572][550]LogModuleManager: Shutting down and abandoning module PhysXFormats (60)
[2016.07.02-19.46.18:572][550]LogModuleManager: Shutting down and abandoning module MeshUtilities (59)
[2016.07.02-19.46.18:574][550]LogModuleManager: Shutting down and abandoning module DerivedDataCache (58)
[2016.07.02-19.46.18:631][550]LogDerivedDataCache: Shutdown
[2016.07.02-19.46.18:631][550]LogModuleManager: Shutting down and abandoning module VulkanShaderFormat (57)
[2016.07.02-19.46.18:631][550]LogModuleManager: Shutting down and abandoning module ShaderFormatOpenGL (56)
[2016.07.02-19.46.18:632][550]LogModuleManager: Shutting down and abandoning module ShaderFormatD3D (55)
[2016.07.02-19.46.18:632][550]LogModuleManager: Shutting down and abandoning module MetalShaderFormat (54)
[2016.07.02-19.46.18:633][550]LogModuleManager: Shutting down and abandoning module TextureFormatUncompressed (53)
[2016.07.02-19.46.18:633][550]LogModuleManager: Shutting down and abandoning module TextureFormatPVR (52)
[2016.07.02-19.46.18:633][550]LogModuleManager: Shutting down and abandoning module TextureFormatIntelISPCTexComp (51)
[2016.07.02-19.46.18:633][550]LogModuleManager: Shutting down and abandoning module TextureFormatDXT (50)
[2016.07.02-19.46.18:633][550]LogModuleManager: Shutting down and abandoning module ImageWrapper (49)
[2016.07.02-19.46.18:633][550]LogModuleManager: Shutting down and abandoning module TextureFormatASTC (48)
[2016.07.02-19.46.18:633][550]LogModuleManager: Shutting down and abandoning module TextureFormatAndroid (47)
[2016.07.02-19.46.18:633][550]LogModuleManager: Shutting down and abandoning module AudioFormatOpus (46)
[2016.07.02-19.46.18:633][550]LogModuleManager: Shutting down and abandoning module AudioFormatOgg (45)
[2016.07.02-19.46.18:633][550]LogModuleManager: Shutting down and abandoning module AudioFormatADPCM (44)
[2016.07.02-19.46.18:633][550]LogModuleManager: Shutting down and abandoning module LinuxTargetPlatform (43)
[2016.07.02-19.46.18:633][550]LogModuleManager: Shutting down and abandoning module LinuxServerTargetPlatform (42)
[2016.07.02-19.46.18:633][550]LogModuleManager: Shutting down and abandoning module LinuxNoEditorTargetPlatform (41)
[2016.07.02-19.46.18:633][550]LogModuleManager: Shutting down and abandoning module TVOSTargetPlatform (40)
[2016.07.02-19.46.18:633][550]LogModuleManager: Shutting down and abandoning module Messaging (39)
[2016.07.02-19.46.18:633][550]LogModuleManager: Shutting down and abandoning module IOSTargetPlatform (38)
[2016.07.02-19.46.18:633][550]LogModuleManager: Shutting down and abandoning module HTML5TargetPlatform (37)
[2016.07.02-19.46.18:633][550]LogModuleManager: Shutting down and abandoning module Android_PVRTCTargetPlatform (36)
[2016.07.02-19.46.18:633][550]LogModuleManager: Shutting down and abandoning module Android_MultiTargetPlatform (35)
[2016.07.02-19.46.18:633][550]LogModuleManager: Shutting down and abandoning module Android_ETC2TargetPlatform (34)
[2016.07.02-19.46.18:633][550]LogModuleManager: Shutting down and abandoning module Android_ETC1TargetPlatform (33)
[2016.07.02-19.46.18:633][550]LogModuleManager: Shutting down and abandoning module Android_DXTTargetPlatform (32)
[2016.07.02-19.46.18:633][550]LogModuleManager: Shutting down and abandoning module Android_ATCTargetPlatform (31)
[2016.07.02-19.46.18:633][550]LogModuleManager: Shutting down and abandoning module Android_ASTCTargetPlatform (30)
[2016.07.02-19.46.18:633][550]LogModuleManager: Shutting down and abandoning module AndroidTargetPlatform (29)
[2016.07.02-19.46.18:633][550]LogModuleManager: Shutting down and abandoning module WindowsTargetPlatform (28)
[2016.07.02-19.46.18:633][550]LogModuleManager: Shutting down and abandoning module WindowsServerTargetPlatform (27)
[2016.07.02-19.46.18:633][550]LogModuleManager: Shutting down and abandoning module WindowsNoEditorTargetPlatform (26)
[2016.07.02-19.46.18:633][550]LogModuleManager: Shutting down and abandoning module WindowsClientTargetPlatform (25)
[2016.07.02-19.46.18:634][550]LogModuleManager: Shutting down and abandoning module AllDesktopTargetPlatform (24)
[2016.07.02-19.46.18:634][550]LogModuleManager: Shutting down and abandoning module TargetPlatform (23)
[2016.07.02-19.46.18:634][550]LogModuleManager: Shutting down and abandoning module InputCore (22)
[2016.07.02-19.46.18:634][550]LogModuleManager: Shutting down and abandoning module Settings (21)
[2016.07.02-19.46.18:634][550]LogModuleManager: Shutting down and abandoning module OnlineSubsystem (19)
[2016.07.02-19.46.18:634][550]LogModuleManager: Shutting down and abandoning module HTTP (18)
[2016.07.02-19.46.20:153][550]LogModuleManager: Shutting down and abandoning module XMPP (17)
[2016.07.02-19.46.20:156][550]LogModuleManager: Shutting down and abandoning module OculusRift (16)
[2016.07.02-19.46.20:157][550]LogModuleManager: Shutting down and abandoning module ExampleDeviceProfileSelector (15)
[2016.07.02-19.46.20:157][550]LogModuleManager: Shutting down and abandoning module TextureCompressor (14)
[2016.07.02-19.46.20:157][550]LogModuleManager: Shutting down and abandoning module ShaderCore (13)
[2016.07.02-19.46.20:157][550]LogModuleManager: Shutting down and abandoning module Landscape (12)
[2016.07.02-19.46.20:158][550]LogModuleManager: Shutting down and abandoning module SlateRHIRenderer (11)
[2016.07.02-19.46.20:162][550]LogModuleManager: Shutting down and abandoning module OpenGLDrv (10)
[2016.07.02-19.46.20:162][550]LogModuleManager: Shutting down and abandoning module D3D11RHI (9)
[2016.07.02-19.46.20:162][550]LogModuleManager: Shutting down and abandoning module AnimGraphRuntime (8)
[2016.07.02-19.46.20:162][550]LogModuleManager: Shutting down and abandoning module Renderer (7)
[2016.07.02-19.46.20:162][550]LogModuleManager: Shutting down and abandoning module Engine (6)
[2016.07.02-19.46.20:162][550]LogModuleManager: Shutting down and abandoning module CoreUObject (5)
[2016.07.02-19.46.20:162][550]LogModuleManager: Shutting down and abandoning module NetworkFile (4)
[2016.07.02-19.46.20:162][550]LogModuleManager: Shutting down and abandoning module StreamingFile (3)
[2016.07.02-19.46.20:162][550]LogModuleManager: Shutting down and abandoning module SandboxFile (2)
[2016.07.02-19.46.20:162][550]LogModuleManager: Shutting down and abandoning module PakFile (1)
[2016.07.02-19.46.20:164][550]LogExit: Exiting.
[2016.07.02-19.46.20:218][550]Log file closed, 07/02/16 16:46:20
