Log file open, 05/21/16 19:09:52
LogInit:Display: Running engine for game: LoseOrDie_Multi
LogPlatformFile: Not using cached read wrapper
LogInit:Display: RandInit(160653676) SRandInit(160653680).
LogTaskGraph: Started task graph with 4 named threads and 5 total threads.
LogStats: Stats thread started at 0.312665
LogInit: Version: 4.11.2-2946394+++UE4+Release-4.11
LogInit: API Version: 2927265
LogInit: Compiled (64-bit): Apr 18 2016 02:18:46
LogInit: Compiled with Visual C++: 19.00.23026.00
LogInit: Build Configuration: Development
LogInit: Branch Name: ++UE4+Release-4.11
LogInit: Command line:  
LogInit: Base directory: C:/Program Files/Epic Games/4.11/Engine/Binaries/Win64/
LogInit: Installed Engine Build: 1
LogInit: Using libcurl 7.41.0
LogInit:  - built for x86_64-pc-win32
LogInit:  - supports SSL with WinSSL
LogInit:  - other features:
LogInit:      CURL_VERSION_SSL
LogInit:      CURL_VERSION_IPV6
LogInit:      CURL_VERSION_ASYNCHDNS
LogInit:      CURL_VERSION_LARGEFILE
LogInit:      CURL_VERSION_IDN
LogInit:  CurlRequestOptions (configurable via config and command line):
LogInit:  - bVerifyPeer = true  - Libcurl will verify peer certificate
LogInit:  - bUseHttpProxy = false  - Libcurl will NOT use HTTP proxy
LogInit:  - bDontReuseConnections = false  - Libcurl will reuse connections
LogInit:  - CertBundlePath = nullptr  - Libcurl will use whatever was configured at build time.
LogInit: Presizing for max 16777216 objects, including 0 objects not considered by GC, pre-allocating 0 bytes for permanent pool.
LogInit: Object subsystem initialized
[2016.05.21-22.09.53:027][  0]LogInit: Selected Device Profile: [Windows]
[2016.05.21-22.09.53:027][  0]LogInit: Applying CVar settings loaded from the selected device profile: [Windows]
[2016.05.21-22.09.53:099][  0]LogInit: Computer: RKANEHISA-PC
[2016.05.21-22.09.53:099][  0]LogInit: User: RKanehisa
[2016.05.21-22.09.53:099][  0]LogInit: CPU Page size=65536, Cores=2
[2016.05.21-22.09.53:099][  0]LogInit: High frequency timer resolution =1.753769 MHz
[2016.05.21-22.09.53:100][  0]LogMemory: Memory total: Physical=7.9GB (8GB approx)
[2016.05.21-22.09.53:100][  0]LogMemory: Platform Memory Stats for Windows
[2016.05.21-22.09.53:100][  0]LogMemory: Process Physical Memory: 314.18 MB used, 314.18 MB peak
[2016.05.21-22.09.53:100][  0]LogMemory: Process Virtual Memory: 314.84 MB used, 314.84 MB peak
[2016.05.21-22.09.53:100][  0]LogMemory: Physical Memory: 2217.57 MB used, 8096.39 MB total
[2016.05.21-22.09.53:100][  0]LogMemory: Virtual Memory: 616.54 MB used, 8388608.00 MB total
[2016.05.21-22.09.55:635][  0]LogD3D11RHI: D3D11 adapters:
[2016.05.21-22.09.55:707][  0]LogD3D11RHI:    0. 'NVIDIA GeForce GT 750M  ' (Feature Level 11_0)
[2016.05.21-22.09.55:708][  0]LogD3D11RHI:       1991MB of dedicated video memory, 0MB of dedicated system memory, and 2048MB of shared system memory, 1 output[s]
[2016.05.21-22.09.55:758][  0]LogD3D11RHI:    1. 'NVIDIA GeForce GT 750M  ' (Feature Level 11_0)
[2016.05.21-22.09.55:758][  0]LogD3D11RHI:       1991MB of dedicated video memory, 0MB of dedicated system memory, and 2048MB of shared system memory, 0 output[s]
[2016.05.21-22.09.55:758][  0]LogD3D11RHI: Chosen D3D11 Adapter: 0
[2016.05.21-22.09.55:778][  0]LogD3D11RHI: Creating new Direct3DDevice
[2016.05.21-22.09.55:778][  0]LogD3D11RHI:     Adapter Name: Intel(R) HD Graphics Family
[2016.05.21-22.09.55:778][  0]LogD3D11RHI:   Driver Version: Unknown (internal Unknown)
[2016.05.21-22.09.55:779][  0]LogD3D11RHI:      Driver Date: Unknown
[2016.05.21-22.09.55:779][  0]LogRHI: Texture pool is 1361 MB (70% of 1945 MB)
[2016.05.21-22.09.55:825][  0]LogD3D11RHI: Async texture creation enabled
[2016.05.21-22.09.55:879][  0]LogShaderCompilers: Guid format shader working directory is -12 characters bigger than the processId version (D:/Home/Documents/Unreal Engine Projects/LoseOrDieMultiplayer/Intermediate/Shaders/WorkingDirectory/5464/).
[2016.05.21-22.09.55:879][  0]LogShaderCompilers: Cleaned the shader compiler working directory 'C:/Users/RKANEH~1/AppData/Local/Temp/UnrealShaderWorkingDir/53FFE4424F6A880B413755BA55022B86/'.
[2016.05.21-22.09.55:880][  0]LogShaderCompilers:Display: Using Local Shader Compiler.
[2016.05.21-22.10.01:896][  0]LogTemp:Display: Loaded TP AllDesktopTargetPlatform
[2016.05.21-22.10.01:914][  0]LogTemp:Display: Loaded TP WindowsClientTargetPlatform
[2016.05.21-22.10.01:932][  0]LogTemp:Display: Loaded TP WindowsNoEditorTargetPlatform
[2016.05.21-22.10.01:949][  0]LogTemp:Display: Loaded TP WindowsServerTargetPlatform
[2016.05.21-22.10.01:967][  0]LogTemp:Display: Loaded TP WindowsTargetPlatform
[2016.05.21-22.10.01:986][  0]LogTemp:Display: Loaded TP AndroidTargetPlatform
[2016.05.21-22.10.01:999][  0]LogTemp:Display: Loaded TP Android_ASTCTargetPlatform
[2016.05.21-22.10.02:010][  0]LogTemp:Display: Loaded TP Android_ATCTargetPlatform
[2016.05.21-22.10.02:023][  0]LogTemp:Display: Loaded TP Android_DXTTargetPlatform
[2016.05.21-22.10.02:035][  0]LogTemp:Display: Loaded TP Android_ETC1TargetPlatform
[2016.05.21-22.10.02:047][  0]LogTemp:Display: Loaded TP Android_ETC2TargetPlatform
[2016.05.21-22.10.02:071][  0]LogTemp:Display: Loaded TP Android_MultiTargetPlatform
[2016.05.21-22.10.02:072][  0]LogTemp:Display: Loaded TP Android_PVRTCTargetPlatform
[2016.05.21-22.10.02:074][  0]LogTemp:Display: Loaded TP HTML5TargetPlatform
[2016.05.21-22.10.02:180][  0]LogTemp:Display: Loaded TP IOSTargetPlatform
[2016.05.21-22.10.02:190][  0]LogTemp:Display: Loaded TP TVOSTargetPlatform
[2016.05.21-22.10.02:199][  0]LogTemp:Display: Loaded TP LinuxNoEditorTargetPlatform
[2016.05.21-22.10.02:210][  0]LogTemp:Display: Loaded TP LinuxServerTargetPlatform
[2016.05.21-22.10.02:228][  0]LogTemp:Display: Loaded TP LinuxTargetPlatform
[2016.05.21-22.10.02:228][  0]LogTargetPlatformManager:Display: Building Assets For Windows
[2016.05.21-22.10.03:304][  0]LogDerivedDataCache:Display: Max Cache Size: 512 MB
[2016.05.21-22.10.03:557][  0]LogDerivedDataCache: Loaded boot cache 0.25s 46MB C:/Users/RKanehisa/AppData/Local/UnrealEngine/4.11/DerivedDataCache/Boot.ddc.
[2016.05.21-22.10.03:557][  0]LogDerivedDataCache:Display: Loaded Boot cache: C:/Users/RKanehisa/AppData/Local/UnrealEngine/4.11/DerivedDataCache/Boot.ddc
[2016.05.21-22.10.03:557][  0]LogDerivedDataCache: FDerivedDataBackendGraph:  Pak pak cache file D:/Home/Documents/Unreal Engine Projects/LoseOrDieMultiplayer/DerivedDataCache/DDC.ddp not found, will not use a pak cache.
[2016.05.21-22.10.03:557][  0]LogDerivedDataCache: Unable to find inner node Pak for hierarchical cache Hierarchy.
[2016.05.21-22.10.03:557][  0]LogDerivedDataCache: FDerivedDataBackendGraph:  CompressedPak pak cache file D:/Home/Documents/Unreal Engine Projects/LoseOrDieMultiplayer/DerivedDataCache/Compressed.ddp not found, will not use a pak cache.
[2016.05.21-22.10.03:557][  0]LogDerivedDataCache: Unable to find inner node CompressedPak for hierarchical cache Hierarchy.
[2016.05.21-22.10.03:634][  0]LogDerivedDataCache:Display: Pak cache opened for reading ../../../Engine/DerivedDataCache/Compressed.ddp.
[2016.05.21-22.10.03:649][  0]LogDerivedDataCache: Using Local data cache path C:/Users/RKanehisa/AppData/Local/UnrealEngine/Common/DerivedDataCache: Writable
[2016.05.21-22.10.11:114][  0]LogInit: Selected Device Profile: [Windows]
[2016.05.21-22.10.11:122][  0]LogContentStreaming: Texture pool size is 0.00 MB
[2016.05.21-22.10.11:423][  0]LogMaterial: Uniform references updated for custom material expression Custom.
[2016.05.21-22.10.12:163][  0]LogMeshUtilities: No automatic mesh reduction module available
[2016.05.21-22.10.12:163][  0]LogMeshUtilities: No automatic mesh merging module available
[2016.05.21-22.10.12:163][  0]LogMeshUtilities: No distributed automatic mesh merging module available
[2016.05.21-22.10.13:985][  0]LogUObjectArray: 27679 objects as part of root set at end of initial load.
[2016.05.21-22.10.13:985][  0]LogUObjectAllocator: 5591592 out of 0 bytes used by permanent object pool.
[2016.05.21-22.10.13:985][  0]LogUObjectArray: CloseDisregardForGC: 0/0 objects in disregard for GC pool
[2016.05.21-22.10.14:017][  0]LogInit: WinSock: version 1.1 (2.2), MaxSocks=32767, MaxUdp=65467
[2016.05.21-22.10.14:760][  0]LogSlate: SlateFontCache - WITH_FREETYPE: 1, WITH_HARFBUZZ: 1
[2016.05.21-22.10.14:761][  0]LogSlate: SlateFontCache - WITH_FREETYPE: 1, WITH_HARFBUZZ: 1
[2016.05.21-22.10.15:879][  0]LogStreaming:Warning: Failed to read file '../../../Engine/Content/Editor/Slate/Common/Selection_16x.png' error.
[2016.05.21-22.10.15:879][  0]LogSlate: Could not find file for Slate resource: ../../../Engine/Content/Editor/Slate/Common/Selection_16x.png
[2016.05.21-22.10.15:879][  0]LogStreaming:Warning: Failed to read file '../../../Engine/Content/Editor/Slate/Common/Selection_16x.png' error.
[2016.05.21-22.10.15:879][  0]LogSlate: Could not find file for Slate resource: ../../../Engine/Content/Editor/Slate/Common/Selection_16x.png
[2016.05.21-22.10.15:879][  0]LogStreaming:Warning: Failed to read file '../../../Engine/Content/Editor/Slate/Common/Selection_16x.png' error.
[2016.05.21-22.10.15:879][  0]LogSlate: Could not find file for Slate resource: ../../../Engine/Content/Editor/Slate/Common/Selection_16x.png
[2016.05.21-22.10.19:938][  0]LogUdpMessaging: Initializing bridge on interface 0.0.0.0:0 to multicast group 230.0.0.1:6666.
[2016.05.21-22.10.20:184][  0]LogAssetRegistry: FAssetRegistry took 0.0240 seconds to start up
[2016.05.21-22.10.20:879][  0]SourceControl: Info Source control is disabled
[2016.05.21-22.10.21:309][  0]SourceControl: Info Source control is disabled
[2016.05.21-22.10.21:334][  0]SourceControl: Info Source control is disabled
[2016.05.21-22.10.21:356][  0]SourceControl: Info Source control is disabled
[2016.05.21-22.10.21:777][  0]LogHMD: Failed to initialize OpenVR with code 110
[2016.05.21-22.10.22:082][  0]LogEngine: Initializing Engine...
[2016.05.21-22.10.22:990][  0]LogAIModule: Creating AISystem for world NewWorld
[2016.05.21-22.10.23:019][  0]LogInit: XAudio2 using 'Speakers (Realtek High Definition Audio)' : 2 channels at 48 kHz using 32 bits per sample (channel mask 0x3)
[2016.05.21-22.10.23:482][  0]LogInit: FAudioDevice initialized.
[2016.05.21-22.10.23:549][  0]LogDerivedDataCache: Saved boot cache 0.07s 46MB C:/Users/RKanehisa/AppData/Local/UnrealEngine/4.11/DerivedDataCache/Boot.ddc.
[2016.05.21-22.10.23:569][  0]LogInit: Texture streaming: Enabled
[2016.05.21-22.10.23:662][  0]LogInit: Transaction tracking system initialized
[2016.05.21-22.10.23:787][  0]BlueprintLog: New page: Editor Load
[2016.05.21-22.10.24:180][  0]LocalizationService: Info Localization service is disabled
[2016.05.21-22.10.24:468][  0]LogConsoleResponse:Display: 
[2016.05.21-22.10.25:461][  0]LogCook:Display: Max memory allowance for cook 8192mb
[2016.05.21-22.10.25:461][  0]LogCook:Display: Mobile HDR setting 1
[2016.05.21-22.10.25:461][  0]LogCook:Display: Done creating registry. It took  0.00s.
[2016.05.21-22.10.25:658][  0]LogFileCache: Scanning file cache for directory 'D:/Home/Documents/Unreal Engine Projects/LoseOrDieMultiplayer/Content/' took 0.02s
[2016.05.21-22.10.25:658][  0]SourceControl: Info Source control is disabled
[2016.05.21-22.10.25:661][  0]Cmd: MAP LOAD FILE="D:/Home/Documents/Unreal Engine Projects/LoseOrDieMultiplayer/Content/Maps/MultiplayerLevel.umap" TEMPLATE=0 SHOWPROGRESS=1 FEATURELEVEL=3
[2016.05.21-22.10.25:777][  0]LightingResults: New page: Lighting Build
[2016.05.21-22.10.25:794][  0]MapCheck: New page: Map Check
[2016.05.21-22.10.25:794][  0]LightingResults: New page: Lighting Build
[2016.05.21-22.10.28:273][  0]LogAIModule: Creating AISystem for world MultiplayerLevel
[2016.05.21-22.10.28:764][  0]LogEditorServer: Finished looking for orphan Actors (0.000 secs)
[2016.05.21-22.10.28:767][  0]Cmd: MAP CHECKDEP NOCLEARLOG
[2016.05.21-22.10.28:875][  0]MapCheck: Info Map check complete: 0 Error(s), 0 Warning(s), took 107.623ms to complete.
[2016.05.21-22.10.28:875][  0]LogFileHelpers: Loading map 'MultiplayerLevel' took 3.215
[2016.05.21-22.10.29:274][  0]LogCollectionManager: Loaded 0 collections in 0.007476 seconds
[2016.05.21-22.10.29:357][  0]LogFileCache: Scanning file cache for directory 'D:/Home/Documents/Unreal Engine Projects/LoseOrDieMultiplayer/Saved/Collections/' took 0.01s
[2016.05.21-22.10.29:357][  0]LogFileCache: Scanning file cache for directory 'D:/Home/Documents/Unreal Engine Projects/LoseOrDieMultiplayer/Content/Developers/RKanehisa/Collections/' took 0.01s
[2016.05.21-22.10.29:357][  0]LogFileCache: Scanning file cache for directory 'D:/Home/Documents/Unreal Engine Projects/LoseOrDieMultiplayer/Content/Collections/' took 0.01s
[2016.05.21-22.10.29:357][  0]LogCollectionManager: Rebuilt the GUID cache for 0 collections in 0.000028 seconds
[2016.05.21-22.10.29:396][  0]LogContentBrowser: Native class hierarchy populated in 0.0381 seconds. Added 1979 classes and 343 folders.
[2016.05.21-22.10.29:422][  0]LogStats: UGameplayTagsManager::ConstructGameplayTagTree: Construct from data asset -  0.000 s
[2016.05.21-22.10.29:423][  0]LogStats: UGameplayTagsManager::ConstructGameplayTagTree: GameplayTagTreeChangedEvent.Broadcast -  0.000 s
[2016.05.21-22.10.29:424][  0]LogContentBrowser: Native class hierarchy updated for 'GameplayTags' in 0.0012 seconds. Added 12 classes and 0 folders.
[2016.05.21-22.10.29:453][  0]LogContentBrowser: Native class hierarchy updated for 'WidgetCarousel' in 0.0012 seconds. Added 0 classes and 0 folders.
[2016.05.21-22.10.29:509][  0]LogContentBrowser: Native class hierarchy updated for 'SuperSearch' in 0.0014 seconds. Added 1 classes and 2 folders.
[2016.05.21-22.10.30:389][  0]LogContentBrowser: Native class hierarchy updated for 'AddContentDialog' in 0.0011 seconds. Added 0 classes and 0 folders.
[2016.05.21-22.10.30:409][  0]LogContentBrowser: Native class hierarchy updated for 'SceneOutliner' in 0.0014 seconds. Added 1 classes and 2 folders.
[2016.05.21-22.10.30:649][  0]LogCrashTracker: Crashtracker disabled due to settings.
[2016.05.21-22.10.30:701][  0]LogUObjectGlobals:Warning: Failed to find object 'Class None.'
[2016.05.21-22.10.30:760][  0]LogContentBrowser: Native class hierarchy updated for 'HierarchicalLODOutliner' in 0.0018 seconds. Added 1 classes and 2 folders.
[2016.05.21-22.10.30:761][  0]LogLoad: Full Startup: 42.02 seconds (BP compile: 0.31 seconds)
[2016.05.21-22.10.30:761][  0]LogExternalProfiler: Found external profiler: VSPerf
[2016.05.21-22.10.30:761][  0]LogExternalProfiler: Using external profiler: VSPerf
[2016.05.21-22.10.30:774][  0]LogOcInput: OculusInput pre-init called
[2016.05.21-22.10.31:073][  0]LogContentStreaming: Texture pool size now 1000 MB
[2016.05.21-22.10.31:720][  0]LogRenderer: Reallocating scene render targets to support 856x372 (Frame:2).
[2016.05.21-22.10.32:296][  3]LogAssetRegistry: Asset discovery search completed in 12.1336 seconds
[2016.05.21-22.10.32:296][  3]LogCollectionManager: Rebuilt the object cache for 0 collections in 0.000001 seconds (found 0 objects)
[2016.05.21-22.10.32:296][  3]LogCollectionManager: Fixed up redirectors for 0 collections in 0.000437 seconds (updated 0 objects)
[2016.05.21-22.10.59:666][488]LogContentBrowser: Native class hierarchy updated for 'BlueprintGraph' in 0.0023 seconds. Added 108 classes and 0 folders.
[2016.05.21-22.11.03:963][589]LogRenderer: Reallocating scene render targets to support 856x588 (Frame:1468).
[2016.05.21-22.15.13:783][718]BlueprintLog: New page: Compile Track15LeftBP
[2016.05.21-22.15.14:009][718]BlueprintEditorCompileResults: Info [0325.27] Compile of Track15LeftBP successful! [in 226 ms]
[2016.05.21-22.15.16:427][935]LogBlueprintUserMessages: Early PlayInEditor Detection: Level '/Game/Maps/MultiplayerLevel.MultiplayerLevel:PersistentLevel' has LevelScriptBlueprint '/Game/Maps/MultiplayerLevel.MultiplayerLevel:PersistentLevel.MultiplayerLevel' with GeneratedClass '/Game/Maps/MultiplayerLevel.MultiplayerLevel_C' with ClassGeneratedBy '/Game/Maps/MultiplayerLevel.MultiplayerLevel:PersistentLevel.MultiplayerLevel'
[2016.05.21-22.15.16:427][935]LogPlayLevel: PlayLevel: No blueprints needed recompiling
[2016.05.21-22.15.16:433][935]PIE: New page: SIE session: MultiplayerLevel (May 21, 2016, 4:15:16 PM)
[2016.05.21-22.15.16:434][935]LogPlayLevel: Creating play world package: /Game/Maps/UEDPIE_0_MultiplayerLevel
[2016.05.21-22.15.16:459][935]LogPlayLevel: PIE: StaticDuplicateObject took: (0.025213s)
[2016.05.21-22.15.16:459][935]LogAIModule: Creating AISystem for world MultiplayerLevel
[2016.05.21-22.15.16:460][935]LogPlayLevel: PIE: World Init took: (0.000692s)
[2016.05.21-22.15.16:460][935]LogPlayLevel: PIE: Created PIE world by copying editor world from /Game/Maps/MultiplayerLevel.MultiplayerLevel to /Game/Maps/UEDPIE_0_MultiplayerLevel.MultiplayerLevel (0.026170s)
[2016.05.21-22.15.16:511][935]LogInit: XAudio2 using 'Speakers (Realtek High Definition Audio)' : 2 channels at 48 kHz using 32 bits per sample (channel mask 0x3)
[2016.05.21-22.15.16:525][935]LogInit: FAudioDevice initialized.
[2016.05.21-22.15.17:174][935]LogWorld: Game class is 'ThirdPersonGameMode_C'
[2016.05.21-22.15.17:177][935]LogWorld: Bringing World /Game/Maps/UEDPIE_0_MultiplayerLevel.MultiplayerLevel up for play (max tick rate 0) at 2016.05.21-19.15.17
[2016.05.21-22.15.17:178][935]LogWorld: Bringing up level for play took: 0.001452
[2016.05.21-22.15.17:183][935]LogContentBrowser: Native class hierarchy updated for 'MovieSceneCapture' in 0.0006 seconds. Added 9 classes and 0 folders.
[2016.05.21-22.15.17:214][935]PIE: Info Play in editor start time for /Game/Maps/UEDPIE_0_MultiplayerLevel 1.786
[2016.05.21-22.15.17:227][935]LogBlueprintUserMessages: Late PlayInEditor Detection: Level '/Game/Maps/MultiplayerLevel.MultiplayerLevel:PersistentLevel' has LevelScriptBlueprint '/Game/Maps/MultiplayerLevel.MultiplayerLevel:PersistentLevel.MultiplayerLevel' with GeneratedClass '/Game/Maps/MultiplayerLevel.MultiplayerLevel_C' with ClassGeneratedBy '/Game/Maps/MultiplayerLevel.MultiplayerLevel:PersistentLevel.MultiplayerLevel'
[2016.05.21-22.15.32:842][950]LogSelection:Warning: PIE object was selected: "Track15LeftBP_C /Game/Maps/UEDPIE_0_MultiplayerLevel.MultiplayerLevel:PersistentLevel.Track15LeftBP_C_12"
[2016.05.21-22.15.33:385][984]Cmd: CAMERA ALIGN ACTIVEVIEWPORTONLY
[2016.05.21-22.16.08:540][448]LogEditorViewport: Clicking on Actor (LMB): TrackBP_C (TrackBP53)
[2016.05.21-22.16.08:540][448]LogSelection:Warning: PIE object was selected: "TrackBP_C /Game/Maps/UEDPIE_0_MultiplayerLevel.MultiplayerLevel:PersistentLevel.TrackBP_C_53"
[2016.05.21-22.16.10:236][536]LogEditorViewport: Clicking on Actor (LMB): Track15LeftBP_C (Track15LeftBP12)
[2016.05.21-22.16.10:236][536]LogSelection:Warning: PIE object was selected: "Track15LeftBP_C /Game/Maps/UEDPIE_0_MultiplayerLevel.MultiplayerLevel:PersistentLevel.Track15LeftBP_C_12"
[2016.05.21-22.16.10:831][565]LogEditorViewport: Clicking on Actor (LMB): TrackBP_C (TrackBP53)
[2016.05.21-22.16.10:831][565]LogSelection:Warning: PIE object was selected: "TrackBP_C /Game/Maps/UEDPIE_0_MultiplayerLevel.MultiplayerLevel:PersistentLevel.TrackBP_C_53"
[2016.05.21-22.16.11:313][588]LogEditorViewport: Clicking on Actor (LMB): Track15LeftBP_C (Track15LeftBP12)
[2016.05.21-22.16.11:313][588]LogSelection:Warning: PIE object was selected: "Track15LeftBP_C /Game/Maps/UEDPIE_0_MultiplayerLevel.MultiplayerLevel:PersistentLevel.Track15LeftBP_C_12"
[2016.05.21-22.16.13:812][708]LogEditorViewport: Clicking on Actor (LMB): TrackBP_C (TrackBP53)
[2016.05.21-22.16.13:812][708]LogSelection:Warning: PIE object was selected: "TrackBP_C /Game/Maps/UEDPIE_0_MultiplayerLevel.MultiplayerLevel:PersistentLevel.TrackBP_C_53"
[2016.05.21-22.16.14:428][738]LogEditorViewport: Clicking on Actor (LMB): TrackBP_C (TrackBP53)
[2016.05.21-22.16.14:428][738]LogSelection:Warning: PIE object was selected: "TrackBP_C /Game/Maps/UEDPIE_0_MultiplayerLevel.MultiplayerLevel:PersistentLevel.TrackBP_C_53"
[2016.05.21-22.17.04:265][982]LogBlueprintUserMessages: Early EndPlayMap Detection: Level '/Game/Maps/MultiplayerLevel.MultiplayerLevel:PersistentLevel' has LevelScriptBlueprint '/Game/Maps/MultiplayerLevel.MultiplayerLevel:PersistentLevel.MultiplayerLevel' with GeneratedClass '/Game/Maps/MultiplayerLevel.MultiplayerLevel_C' with ClassGeneratedBy '/Game/Maps/MultiplayerLevel.MultiplayerLevel:PersistentLevel.MultiplayerLevel'
[2016.05.21-22.17.04:325][982]LogBlueprintUserMessages: Late EndPlayMap Detection: Level '/Game/Maps/MultiplayerLevel.MultiplayerLevel:PersistentLevel' has LevelScriptBlueprint '/Game/Maps/MultiplayerLevel.MultiplayerLevel:PersistentLevel.MultiplayerLevel' with GeneratedClass '/Game/Maps/MultiplayerLevel.MultiplayerLevel_C' with ClassGeneratedBy '/Game/Maps/MultiplayerLevel.MultiplayerLevel:PersistentLevel.MultiplayerLevel'
[2016.05.21-22.18.22:128][639]BlueprintLog: New page: Compile Track15LeftBP
[2016.05.21-22.18.22:231][639]BlueprintEditorCompileResults: Info [0513.48] Compile of Track15LeftBP successful! [in 103 ms]
[2016.05.21-22.18.23:145][689]Cmd: OBJ SAVEPACKAGE PACKAGE="/Game/Assets/Tracks/BP/Track15LeftBP" FILE="D:/Home/Documents/Unreal Engine Projects/LoseOrDieMultiplayer/Content/Assets/Tracks/BP/Track15LeftBP.uasset" SILENT=true
[2016.05.21-22.18.23:540][689]LogSavePackage: Save=31.34ms
[2016.05.21-22.18.23:540][689]LogSavePackage: Moving 'D:/Home/Documents/Unreal Engine Projects/LoseOrDieMultiplayer/Saved/Track15LeftBP8BBD5563449928118FEDDBB5033238B7.tmp' to 'D:/Home/Documents/Unreal Engine Projects/LoseOrDieMultiplayer/Content/Assets/Tracks/BP/Track15LeftBP.uasset'
[2016.05.21-22.18.23:545][689]LogSavePackage: Total save time: 399.87ms
[2016.05.21-22.18.23:546][689]LogSavePackage:Display: Finished SavePackage D:/Home/Documents/Unreal Engine Projects/LoseOrDieMultiplayer/Content/Assets/Tracks/BP/Track15LeftBP.uasset
[2016.05.21-22.18.42:884][784]BlueprintLog: New page: Compile Track15RightBP
[2016.05.21-22.18.43:064][784]BlueprintEditorCompileResults: Info [0534.32] Compile of Track15RightBP successful! [in 179 ms]
[2016.05.21-22.18.43:851][826]Cmd: OBJ SAVEPACKAGE PACKAGE="/Game/Assets/Tracks/BP/Track15RightBP" FILE="D:/Home/Documents/Unreal Engine Projects/LoseOrDieMultiplayer/Content/Assets/Tracks/BP/Track15RightBP.uasset" SILENT=true
[2016.05.21-22.18.43:922][826]LogSavePackage: Save=62.65ms
[2016.05.21-22.18.43:922][826]LogSavePackage: Moving 'D:/Home/Documents/Unreal Engine Projects/LoseOrDieMultiplayer/Saved/Track15RightBPD067B3C7423DE19A851853885B8CEA88.tmp' to 'D:/Home/Documents/Unreal Engine Projects/LoseOrDieMultiplayer/Content/Assets/Tracks/BP/Track15RightBP.uasset'
[2016.05.21-22.18.43:923][826]LogSavePackage: Total save time: 70.70ms
[2016.05.21-22.18.43:923][826]LogSavePackage:Display: Finished SavePackage D:/Home/Documents/Unreal Engine Projects/LoseOrDieMultiplayer/Content/Assets/Tracks/BP/Track15RightBP.uasset
[2016.05.21-22.20.29:581][137]BlueprintLog: New page: Compile Track15RightBP
[2016.05.21-22.20.29:755][137]BlueprintEditorCompileResults: Info [0641.01] Compile of Track15RightBP successful! [in 173 ms]
[2016.05.21-22.20.35:439][451]Cmd: OBJ SAVEPACKAGE PACKAGE="/Game/Assets/Tracks/BP/Track15RightBP" FILE="D:/Home/Documents/Unreal Engine Projects/LoseOrDieMultiplayer/Content/Assets/Tracks/BP/Track15RightBP.uasset" SILENT=true
[2016.05.21-22.20.35:463][451]LogSavePackage: Save=20.51ms
[2016.05.21-22.20.35:463][451]LogSavePackage: Moving 'D:/Home/Documents/Unreal Engine Projects/LoseOrDieMultiplayer/Saved/Track15RightBPA33972834335C62DE6171CBD22062EBB.tmp' to 'D:/Home/Documents/Unreal Engine Projects/LoseOrDieMultiplayer/Content/Assets/Tracks/BP/Track15RightBP.uasset'
[2016.05.21-22.20.35:465][451]LogSavePackage: Total save time: 24.25ms
[2016.05.21-22.20.35:465][451]LogSavePackage:Display: Finished SavePackage D:/Home/Documents/Unreal Engine Projects/LoseOrDieMultiplayer/Content/Assets/Tracks/BP/Track15RightBP.uasset
[2016.05.21-22.21.05:554][245]LogActorComponent: UnregisterComponent: (/Engine/Transient.EditorFloorComp) Not registered. Aborting.
[2016.05.21-22.21.50:035][854]BlueprintLog: New page: Compile Track30LeftBP
[2016.05.21-22.21.50:211][854]BlueprintEditorCompileResults: Info [0721.46] Compile of Track30LeftBP successful! [in 175 ms]
[2016.05.21-22.22.57:672][827]LogActorComponent: UnregisterComponent: (/Engine/Transient.CharMoveComp) Not registered. Aborting.
[2016.05.21-22.22.57:728][827]Cmd: OBJ SAVEPACKAGE PACKAGE="/Game/Assets/Tracks/BP/Track15LeftBP" FILE="D:/Home/Documents/Unreal Engine Projects/LoseOrDieMultiplayer/Content/Assets/Tracks/BP/Track15LeftBP.uasset" SILENT=true
[2016.05.21-22.22.57:755][827]LogSavePackage: Save=22.45ms
[2016.05.21-22.22.57:755][827]LogSavePackage: Moving 'D:/Home/Documents/Unreal Engine Projects/LoseOrDieMultiplayer/Saved/Track15LeftBP7A8966AD4D6B5165B288518990B6136A.tmp' to 'D:/Home/Documents/Unreal Engine Projects/LoseOrDieMultiplayer/Content/Assets/Tracks/BP/Track15LeftBP.uasset'
[2016.05.21-22.22.57:756][827]LogSavePackage: Total save time: 26.40ms
[2016.05.21-22.22.57:756][827]LogSavePackage:Display: Finished SavePackage D:/Home/Documents/Unreal Engine Projects/LoseOrDieMultiplayer/Content/Assets/Tracks/BP/Track15LeftBP.uasset
[2016.05.21-22.22.57:763][827]Cmd: OBJ SAVEPACKAGE PACKAGE="/Game/Assets/Tracks/BP/Track30LeftBP" FILE="D:/Home/Documents/Unreal Engine Projects/LoseOrDieMultiplayer/Content/Assets/Tracks/BP/Track30LeftBP.uasset" SILENT=true
[2016.05.21-22.22.57:796][827]LogSavePackage: Save=24.60ms
[2016.05.21-22.22.57:796][827]LogSavePackage: Moving 'D:/Home/Documents/Unreal Engine Projects/LoseOrDieMultiplayer/Saved/Track30LeftBP29455958425F0552A770A088827E9890.tmp' to 'D:/Home/Documents/Unreal Engine Projects/LoseOrDieMultiplayer/Content/Assets/Tracks/BP/Track30LeftBP.uasset'
[2016.05.21-22.22.57:798][827]LogSavePackage: Total save time: 33.91ms
[2016.05.21-22.22.57:798][827]LogSavePackage:Display: Finished SavePackage D:/Home/Documents/Unreal Engine Projects/LoseOrDieMultiplayer/Content/Assets/Tracks/BP/Track30LeftBP.uasset
[2016.05.21-22.23.00:129][966]BlueprintLog: New page: Compile Track15LeftBP
[2016.05.21-22.23.00:315][966]BlueprintEditorCompileResults: Info [0791.57] Compile of Track15LeftBP successful! [in 185 ms]
[2016.05.21-22.23.06:240][313]LogActorComponent: UnregisterComponent: (/Engine/Transient.EditorFloorComp) Not registered. Aborting.
[2016.05.21-22.23.07:346][376]LogActorComponent: UnregisterComponent: (/Engine/Transient.EditorFloorComp) Not registered. Aborting.
[2016.05.21-22.25.04:462][621]LogActorComponent: UnregisterComponent: (/Engine/Transient.CharMoveComp) Not registered. Aborting.
[2016.05.21-22.25.04:513][621]LogFileHelpers: Editor autosave (incl. sublevels) for '/Game/Maps/MultiplayerLevel' took 0.052
[2016.05.21-22.25.04:796][621]OBJ SavePackage: Generating thumbnails for [0] asset(s) in package [/Game/Assets/Tracks/BP/Track30RightBP] ([1] browsable assets)...
[2016.05.21-22.25.04:797][621]OBJ SavePackage: Finished generating thumbnails for package [/Game/Assets/Tracks/BP/Track30RightBP]
[2016.05.21-22.25.04:825][621]LogSavePackage: Save=19.36ms
[2016.05.21-22.25.04:825][621]LogSavePackage: Moving 'D:/Home/Documents/Unreal Engine Projects/LoseOrDieMultiplayer/Saved/Track30RightBP_Auto16003D6784A3BFAD3CA6B7C8E14013962.tmp' to 'D:/Home/Documents/Unreal Engine Projects/LoseOrDieMultiplayer/Saved/Autosaves/Game/Assets/Tracks/BP/Track30RightBP_Auto1.uasset'
[2016.05.21-22.25.04:826][621]LogSavePackage: Total save time: 27.72ms
[2016.05.21-22.25.04:826][621]LogSavePackage:Display: Finished SavePackage D:/Home/Documents/Unreal Engine Projects/LoseOrDieMultiplayer/Saved/Autosaves/Game/Assets/Tracks/BP/Track30RightBP_Auto1.uasset
[2016.05.21-22.25.04:826][621]LogFileHelpers: Auto-saving content packages took 0.311
[2016.05.21-22.25.14:662][203]Cmd: OBJ SAVEPACKAGE PACKAGE="/Game/Assets/Tracks/BP/Track30RightBP" FILE="D:/Home/Documents/Unreal Engine Projects/LoseOrDieMultiplayer/Content/Assets/Tracks/BP/Track30RightBP.uasset" SILENT=true
[2016.05.21-22.25.14:684][203]LogSavePackage: Save=16.95ms
[2016.05.21-22.25.14:684][203]LogSavePackage: Moving 'D:/Home/Documents/Unreal Engine Projects/LoseOrDieMultiplayer/Saved/Track30RightBP8A0F35C641338226B95A0CA7EC057D32.tmp' to 'D:/Home/Documents/Unreal Engine Projects/LoseOrDieMultiplayer/Content/Assets/Tracks/BP/Track30RightBP.uasset'
[2016.05.21-22.25.14:686][203]LogSavePackage: Total save time: 22.13ms
[2016.05.21-22.25.14:686][203]LogSavePackage:Display: Finished SavePackage D:/Home/Documents/Unreal Engine Projects/LoseOrDieMultiplayer/Content/Assets/Tracks/BP/Track30RightBP.uasset
[2016.05.21-22.25.15:318][241]BlueprintLog: New page: Compile Track30RightBP
[2016.05.21-22.25.15:498][241]BlueprintEditorCompileResults: Info [0926.75] Compile of Track30RightBP successful! [in 180 ms]
[2016.05.21-22.25.50:955][335]BlueprintLog: New page: Compile Track45LeftBP
[2016.05.21-22.25.51:130][335]BlueprintEditorCompileResults: Info [0962.38] Compile of Track45LeftBP successful! [in 174 ms]
[2016.05.21-22.25.55:884][603]Cmd: OBJ SAVEPACKAGE PACKAGE="/Game/Assets/Tracks/BP/Track45LeftBP" FILE="D:/Home/Documents/Unreal Engine Projects/LoseOrDieMultiplayer/Content/Assets/Tracks/BP/Track45LeftBP.uasset" SILENT=true
[2016.05.21-22.25.55:914][603]LogSavePackage: Save=20.52ms
[2016.05.21-22.25.55:914][603]LogSavePackage: Moving 'D:/Home/Documents/Unreal Engine Projects/LoseOrDieMultiplayer/Saved/Track45LeftBPC5E1F04741069E404B2F33AA4261E4A8.tmp' to 'D:/Home/Documents/Unreal Engine Projects/LoseOrDieMultiplayer/Content/Assets/Tracks/BP/Track45LeftBP.uasset'
[2016.05.21-22.25.55:915][603]LogSavePackage: Total save time: 30.53ms
[2016.05.21-22.25.55:915][603]LogSavePackage:Display: Finished SavePackage D:/Home/Documents/Unreal Engine Projects/LoseOrDieMultiplayer/Content/Assets/Tracks/BP/Track45LeftBP.uasset
[2016.05.21-22.26.20:608][ 56]BlueprintLog: New page: Compile Track45RightBP
[2016.05.21-22.26.20:884][ 56]BlueprintEditorCompileResults: Info [0992.14] Compile of Track45RightBP successful! [in 275 ms]
[2016.05.21-22.26.23:690][209]Cmd: OBJ SAVEPACKAGE PACKAGE="/Game/Assets/Tracks/BP/Track45RightBP" FILE="D:/Home/Documents/Unreal Engine Projects/LoseOrDieMultiplayer/Content/Assets/Tracks/BP/Track45RightBP.uasset" SILENT=true
[2016.05.21-22.26.23:785][209]LogSavePackage: Save=71.03ms
[2016.05.21-22.26.23:785][209]LogSavePackage: Moving 'D:/Home/Documents/Unreal Engine Projects/LoseOrDieMultiplayer/Saved/Track45RightBP694B8F9840D2992D2A0290ACA719F2CB.tmp' to 'D:/Home/Documents/Unreal Engine Projects/LoseOrDieMultiplayer/Content/Assets/Tracks/BP/Track45RightBP.uasset'
[2016.05.21-22.26.23:789][209]LogSavePackage: Total save time: 95.30ms
[2016.05.21-22.26.23:789][209]LogSavePackage:Display: Finished SavePackage D:/Home/Documents/Unreal Engine Projects/LoseOrDieMultiplayer/Content/Assets/Tracks/BP/Track45RightBP.uasset
[2016.05.21-22.27.31:002][176]BlueprintLog: New page: Compile Track45LeftBP
[2016.05.21-22.27.31:293][176]BlueprintEditorCompileResults: Info [1062.55] Compile of Track45LeftBP successful! [in 291 ms]
[2016.05.21-22.27.31:693][194]Cmd: OBJ SAVEPACKAGE PACKAGE="/Game/Assets/Tracks/BP/Track45LeftBP" FILE="D:/Home/Documents/Unreal Engine Projects/LoseOrDieMultiplayer/Content/Assets/Tracks/BP/Track45LeftBP.uasset" SILENT=true
[2016.05.21-22.27.31:728][194]LogSavePackage: Save=27.52ms
[2016.05.21-22.27.31:728][194]LogSavePackage: Moving 'D:/Home/Documents/Unreal Engine Projects/LoseOrDieMultiplayer/Saved/Track45LeftBPE2593FE64F596007B1BA33BC88A65706.tmp' to 'D:/Home/Documents/Unreal Engine Projects/LoseOrDieMultiplayer/Content/Assets/Tracks/BP/Track45LeftBP.uasset'
[2016.05.21-22.27.31:730][194]LogSavePackage: Total save time: 35.72ms
[2016.05.21-22.27.31:730][194]LogSavePackage:Display: Finished SavePackage D:/Home/Documents/Unreal Engine Projects/LoseOrDieMultiplayer/Content/Assets/Tracks/BP/Track45LeftBP.uasset
[2016.05.21-22.27.58:344][169]LogActorComponent: UnregisterComponent: (/Engine/Transient.CharMoveComp) Not registered. Aborting.
[2016.05.21-22.28.01:909][541]LogActorComponent: UnregisterComponent: (/Engine/Transient.CharacterMovementComponent_0) Not registered. Aborting.
[2016.05.21-22.28.04:365][787]BlueprintLog: New page: Compile ThirdPersonCharacter
[2016.05.21-22.28.04:404][787]LogActorComponent: UnregisterComponent: (/Engine/Transient.CharacterMovementComponent_1) Not registered. Aborting.
[2016.05.21-22.28.04:683][787]BlueprintEditorCompileResults: Info [1095.94] Compile of ThirdPersonCharacter successful! [in 318 ms]
[2016.05.21-22.28.07:903][114]LogActorComponent: UnregisterComponent: (/Engine/Transient.CharMoveComp) Not registered. Aborting.
[2016.05.21-22.28.13:911][731]LogActorComponent: UnregisterComponent: (/Engine/Transient.CharacterMovementComponent_2) Not registered. Aborting.
[2016.05.21-22.28.14:465][771]BlueprintLog: New page: Compile ThirdPersonCharacter
[2016.05.21-22.28.14:503][771]LogActorComponent: UnregisterComponent: (/Engine/Transient.CharacterMovementComponent_3) Not registered. Aborting.
[2016.05.21-22.28.14:804][771]BlueprintEditorCompileResults: Info [1106.06] Compile of ThirdPersonCharacter successful! [in 338 ms]
[2016.05.21-22.28.20:386][353]LogActorComponent: UnregisterComponent: (/Engine/Transient.CharMoveComp) Not registered. Aborting.
[2016.05.21-22.28.20:499][354]BlueprintLog: New page: Compile ThirdPersonCharacter
[2016.05.21-22.28.20:536][354]LogActorComponent: UnregisterComponent: (/Engine/Transient.CharacterMovementComponent_4) Not registered. Aborting.
[2016.05.21-22.28.20:815][354]BlueprintEditorCompileResults: Info [1112.07] Compile of ThirdPersonCharacter successful! [in 315 ms]
[2016.05.21-22.28.21:002][369]BlueprintLog: New page: Compile ThirdPersonCharacter
[2016.05.21-22.28.21:042][369]LogActorComponent: UnregisterComponent: (/Engine/Transient.CharMoveComp) Not registered. Aborting.
[2016.05.21-22.28.21:215][369]BlueprintEditorCompileResults: Info [1112.47] Compile of ThirdPersonCharacter successful! [in 212 ms]
[2016.05.21-22.28.28:751][ 78]BlueprintLog: New page: Compile ThirdPersonCharacter
[2016.05.21-22.28.28:791][ 78]LogActorComponent: UnregisterComponent: (/Engine/Transient.CharMoveComp) Not registered. Aborting.
[2016.05.21-22.28.28:961][ 78]BlueprintEditorCompileResults: Info [1120.22] Compile of ThirdPersonCharacter successful! [in 209 ms]
[2016.05.21-22.28.31:859][370]LogActorComponent: UnregisterComponent: (/Engine/Transient.CharMoveComp) Not registered. Aborting.
[2016.05.21-22.28.32:127][370]LogSavePackage: Save=135.18ms
[2016.05.21-22.28.32:127][370]LogSavePackage: Moving 'D:/Home/Documents/Unreal Engine Projects/LoseOrDieMultiplayer/Saved/ThirdPersonCharacterF065FC8B47F506C0D3E3F4AF3E3EC588.tmp' to 'D:/Home/Documents/Unreal Engine Projects/LoseOrDieMultiplayer/Content/ThirdPersonBP/Blueprints/ThirdPersonCharacter.uasset'
[2016.05.21-22.28.32:129][370]LogSavePackage: Total save time: 148.96ms
[2016.05.21-22.28.32:129][370]LogSavePackage:Display: Finished SavePackage D:/Home/Documents/Unreal Engine Projects/LoseOrDieMultiplayer/Content/ThirdPersonBP/Blueprints/ThirdPersonCharacter.uasset
[2016.05.21-19.45.03:374][714]LogActorComponent: UnregisterComponent: (/Engine/Transient.CharMoveComp) Not registered. Aborting.
[2016.05.21-19.45.03:643][714]LogMetaData: Removing '/Game/ThirdPersonBP/Blueprints/CarPlayerCaracter.CarPlayerCaracter_C' ref from Metadata '/Game/ThirdPersonBP/Blueprints/ThirdPersonCharacter.PackageMetaData'
[2016.05.21-19.45.03:643][714]LogMetaData: Removing '/Game/ThirdPersonBP/Blueprints/CarPlayerCaracter.SKEL_CarPlayerCaracter_C' ref from Metadata '/Game/ThirdPersonBP/Blueprints/ThirdPersonCharacter.PackageMetaData'
[2016.05.21-19.45.03:875][714]LogSavePackage: Save=161.66ms
[2016.05.21-19.45.03:877][714]LogSavePackage: Moving 'D:/Home/Documents/Unreal Engine Projects/LoseOrDieMultiplayer/Saved/CarPlayerCaracter009DED3144236BB96A3C1FB5419A955F.tmp' to 'D:/Home/Documents/Unreal Engine Projects/LoseOrDieMultiplayer/Content/ThirdPersonBP/Blueprints/CarPlayerCaracter.uasset'
[2016.05.21-19.45.03:879][714]LogSavePackage: Total save time: 165.58ms
[2016.05.21-19.45.03:879][714]LogSavePackage:Display: Finished SavePackage D:/Home/Documents/Unreal Engine Projects/LoseOrDieMultiplayer/Content/ThirdPersonBP/Blueprints/CarPlayerCaracter.uasset
[2016.05.21-19.45.03:934][714]LogActorComponent: UnregisterComponent: (/Engine/Transient.CharMoveComp) Not registered. Aborting.
[2016.05.21-19.45.04:437][714]LogSavePackage: Save=15.96ms
[2016.05.21-19.45.04:437][714]LogSavePackage: Moving 'D:/Home/Documents/Unreal Engine Projects/LoseOrDieMultiplayer/Saved/ThirdPersonGameMode0720028B4ADD40EC3A49C29B4E40C6AF.tmp' to 'D:/Home/Documents/Unreal Engine Projects/LoseOrDieMultiplayer/Content/ThirdPersonBP/Blueprints/ThirdPersonGameMode.uasset'
[2016.05.21-19.45.04:438][714]LogSavePackage: Total save time: 89.50ms
[2016.05.21-19.45.04:438][714]LogSavePackage:Display: Finished SavePackage D:/Home/Documents/Unreal Engine Projects/LoseOrDieMultiplayer/Content/ThirdPersonBP/Blueprints/ThirdPersonGameMode.uasset
[2016.05.21-19.45.29:863][672]LogActorComponent: UnregisterComponent: (/Engine/Transient.CharMoveComp) Not registered. Aborting.
[2016.05.21-19.45.29:929][672]LogFileHelpers: Editor autosave (incl. sublevels) for '/Game/Maps/MultiplayerLevel' took 0.066
[2016.05.21-19.45.29:936][672]OBJ SavePackage: Generating thumbnails for [0] asset(s) in package [/Game/Assets/Tracks/BP/Track15RightBP] ([1] browsable assets)...
[2016.05.21-19.45.29:936][672]OBJ SavePackage: Finished generating thumbnails for package [/Game/Assets/Tracks/BP/Track15RightBP]
[2016.05.21-19.45.29:979][672]LogSavePackage: Save=34.25ms
[2016.05.21-19.45.29:979][672]LogSavePackage: Moving 'D:/Home/Documents/Unreal Engine Projects/LoseOrDieMultiplayer/Saved/Track15RightBP_Auto24E3083D647F8D76CB920639F5DA97BB3.tmp' to 'D:/Home/Documents/Unreal Engine Projects/LoseOrDieMultiplayer/Saved/Autosaves/Game/Assets/Tracks/BP/Track15RightBP_Auto2.uasset'
[2016.05.21-19.45.29:988][672]LogSavePackage: Total save time: 50.66ms
[2016.05.21-19.45.29:988][672]LogSavePackage:Display: Finished SavePackage D:/Home/Documents/Unreal Engine Projects/LoseOrDieMultiplayer/Saved/Autosaves/Game/Assets/Tracks/BP/Track15RightBP_Auto2.uasset
[2016.05.21-19.45.29:988][672]LogFileHelpers: Auto-saving content packages took 0.057
[2016.05.21-19.46.45:175][821]LogActorComponent: UnregisterComponent: (/Engine/Transient.CharMoveComp) Not registered. Aborting.
[2016.05.21-19.46.45:427][821]LogMetaData: Removing '/Game/ThirdPersonBP/Blueprints/CarPlayerCharacter.CarPlayerCharacter_C' ref from Metadata '/Game/ThirdPersonBP/Blueprints/CarPlayerCaracter.PackageMetaData'
[2016.05.21-19.46.45:427][821]LogMetaData: Removing '/Game/ThirdPersonBP/Blueprints/CarPlayerCharacter.SKEL_CarPlayerCharacter_C' ref from Metadata '/Game/ThirdPersonBP/Blueprints/CarPlayerCaracter.PackageMetaData'
[2016.05.21-19.46.45:618][821]LogSavePackage: Save=130.81ms
[2016.05.21-19.46.45:618][821]LogSavePackage: Moving 'D:/Home/Documents/Unreal Engine Projects/LoseOrDieMultiplayer/Saved/CarPlayerCharacterACB6822C4D4B6654FA647C96EB51A858.tmp' to 'D:/Home/Documents/Unreal Engine Projects/LoseOrDieMultiplayer/Content/ThirdPersonBP/Blueprints/CarPlayerCharacter.uasset'
[2016.05.21-19.46.45:620][821]LogSavePackage: Total save time: 133.36ms
[2016.05.21-19.46.45:620][821]LogSavePackage:Display: Finished SavePackage D:/Home/Documents/Unreal Engine Projects/LoseOrDieMultiplayer/Content/ThirdPersonBP/Blueprints/CarPlayerCharacter.uasset
[2016.05.21-19.46.45:672][821]LogActorComponent: UnregisterComponent: (/Engine/Transient.CharMoveComp) Not registered. Aborting.
[2016.05.21-19.46.45:987][821]LogSavePackage: Save=18.57ms
[2016.05.21-19.46.45:987][821]LogSavePackage: Moving 'D:/Home/Documents/Unreal Engine Projects/LoseOrDieMultiplayer/Saved/ThirdPersonGameMode6FF7F4CE44D60E2B6F51B495C8940E4F.tmp' to 'D:/Home/Documents/Unreal Engine Projects/LoseOrDieMultiplayer/Content/ThirdPersonBP/Blueprints/ThirdPersonGameMode.uasset'
[2016.05.21-19.46.45:989][821]LogSavePackage: Total save time: 27.10ms
[2016.05.21-19.46.45:989][821]LogSavePackage:Display: Finished SavePackage D:/Home/Documents/Unreal Engine Projects/LoseOrDieMultiplayer/Content/ThirdPersonBP/Blueprints/ThirdPersonGameMode.uasset
[2016.05.21-19.47.34:980][861]LogActorComponent: UnregisterComponent: (/Engine/Transient.CharMoveComp) Not registered. Aborting.
[2016.05.21-19.47.37:556][114]LogActorComponent: UnregisterComponent: (/Engine/Transient.CharacterMovementComponent_5) Not registered. Aborting.
[2016.05.21-19.47.43:585][688]LogActorComponent: UnregisterComponent: (/Engine/Transient.CharacterMovementComponent_6) Not registered. Aborting.
[2016.05.21-19.55.30:747][753]LogActorComponent: UnregisterComponent: (/Engine/Transient.CharacterMovementComponent_7) Not registered. Aborting.
[2016.05.21-19.55.30:829][753]LogFileHelpers: Editor autosave (incl. sublevels) for '/Game/Maps/MultiplayerLevel' took 0.083
[2016.05.21-19.55.30:837][753]OBJ SavePackage: Generating thumbnails for [0] asset(s) in package [/Game/Assets/Tracks/BP/Track15RightBP] ([1] browsable assets)...
[2016.05.21-19.55.30:837][753]OBJ SavePackage: Finished generating thumbnails for package [/Game/Assets/Tracks/BP/Track15RightBP]
[2016.05.21-19.55.30:964][753]LogSavePackage: Save=62.74ms
[2016.05.21-19.55.30:964][753]LogSavePackage: Moving 'D:/Home/Documents/Unreal Engine Projects/LoseOrDieMultiplayer/Saved/Track15RightBP_Auto38CBB9AE14CFB5A1C9035DA9626F898C8.tmp' to 'D:/Home/Documents/Unreal Engine Projects/LoseOrDieMultiplayer/Saved/Autosaves/Game/Assets/Tracks/BP/Track15RightBP_Auto3.uasset'
[2016.05.21-19.55.30:970][753]LogSavePackage: Total save time: 131.01ms
[2016.05.21-19.55.30:971][753]LogSavePackage:Display: Finished SavePackage D:/Home/Documents/Unreal Engine Projects/LoseOrDieMultiplayer/Saved/Autosaves/Game/Assets/Tracks/BP/Track15RightBP_Auto3.uasset
[2016.05.21-19.55.30:982][753]OBJ SavePackage: Generating thumbnails for [1] asset(s) in package [/Game/ThirdPersonBP/Blueprints/CarPlayerCharacter] ([1] browsable assets)...
[2016.05.21-19.55.31:042][753]OBJ SavePackage:     Rendered thumbnail for [Blueprint /Game/ThirdPersonBP/Blueprints/CarPlayerCharacter.CarPlayerCharacter]
[2016.05.21-19.55.31:042][753]OBJ SavePackage: Finished generating thumbnails for package [/Game/ThirdPersonBP/Blueprints/CarPlayerCharacter]
[2016.05.21-19.55.31:271][753]LogSavePackage: Save=152.40ms
[2016.05.21-19.55.31:271][753]LogSavePackage: Moving 'D:/Home/Documents/Unreal Engine Projects/LoseOrDieMultiplayer/Saved/CarPlayerCharacter_Auto3B9915ACD48EE8A549422E88F44F59269.tmp' to 'D:/Home/Documents/Unreal Engine Projects/LoseOrDieMultiplayer/Saved/Autosaves/Game/ThirdPersonBP/Blueprints/CarPlayerCharacter_Auto3.uasset'
[2016.05.21-19.55.31:272][753]LogSavePackage: Total save time: 227.35ms
[2016.05.21-19.55.31:272][753]LogSavePackage:Display: Finished SavePackage D:/Home/Documents/Unreal Engine Projects/LoseOrDieMultiplayer/Saved/Autosaves/Game/ThirdPersonBP/Blueprints/CarPlayerCharacter_Auto3.uasset
[2016.05.21-19.55.31:272][753]LogFileHelpers: Auto-saving content packages took 0.439
[2016.05.21-19.56.34:940][335]BlueprintLog: New page: Compile Track15RightBP
[2016.05.21-19.56.34:962][335]LogActorComponent: UnregisterComponent: (/Engine/Transient.CharMoveComp) Not registered. Aborting.
[2016.05.21-19.56.35:250][335]BlueprintEditorCompileResults: Info [2807.82] Compile of Track15RightBP successful! [in 309 ms]
[2016.05.21-19.56.40:388][642]BlueprintLog: New page: Compile Track15RightBP
[2016.05.21-19.56.40:588][642]BlueprintEditorCompileResults: Info [2813.16] Compile of Track15RightBP successful! [in 199 ms]
[2016.05.21-19.56.41:185][673]Cmd: OBJ SAVEPACKAGE PACKAGE="/Game/Assets/Tracks/BP/Track15RightBP" FILE="D:/Home/Documents/Unreal Engine Projects/LoseOrDieMultiplayer/Content/Assets/Tracks/BP/Track15RightBP.uasset" SILENT=true
[2016.05.21-19.56.41:242][673]LogSavePackage: Save=52.23ms
[2016.05.21-19.56.41:242][673]LogSavePackage: Moving 'D:/Home/Documents/Unreal Engine Projects/LoseOrDieMultiplayer/Saved/Track15RightBP6D3FDB784ADAE9AA79CF24A9FE882F71.tmp' to 'D:/Home/Documents/Unreal Engine Projects/LoseOrDieMultiplayer/Content/Assets/Tracks/BP/Track15RightBP.uasset'
[2016.05.21-19.56.41:249][673]LogSavePackage: Total save time: 62.54ms
[2016.05.21-19.56.41:249][673]LogSavePackage:Display: Finished SavePackage D:/Home/Documents/Unreal Engine Projects/LoseOrDieMultiplayer/Content/Assets/Tracks/BP/Track15RightBP.uasset
[2016.05.21-19.56.41:387][673]LogSavePackage: Save=121.78ms
[2016.05.21-19.56.41:387][673]LogSavePackage: Moving 'D:/Home/Documents/Unreal Engine Projects/LoseOrDie