Log file open, 06/21/16 17:37:48
LogInit:Display: Running engine for game: LoseOrDie_Multi
LogPlatformFile: Not using cached read wrapper
LogInit:Display: RandInit(-868596787) SRandInit(-868596786).
LogTaskGraph: Started task graph with 4 named threads and 7 total threads with 1 sets of task threads.
LogStats: Stats thread started at 0.092633
LogHMD: Can't find Oculus library dev build: is proper Runtime installed? Version: 1.3.2
LogInit: Version: 4.12.3-3013449+++UE4+Release-4.12
LogInit: API Version: 2992821
LogInit: Net Version: 3013449
LogDevObjectVersion: Number of dev versions registered: 13
LogDevObjectVersion:   Dev-Blueprints (B0D832E4-1F89-4F0D-ACCF-7EB736FD4AA2): 3
LogDevObjectVersion:   Dev-Build (E1C64328-A22C-4D53-A36C-8E866417BD8C): 0
LogDevObjectVersion:   Dev-Core (375EC13C-06E4-48FB-B500-84F0262A717E): 1
LogDevObjectVersion:   Dev-Editor (E4B068ED-F494-42E9-A231-DA0B2E46BB41): 2
LogDevObjectVersion:   Dev-Framework (CFFC743F-43B0-4480-9391-14DF171D2073): 6
LogDevObjectVersion:   Dev-Mobile (B02B49B5-BB20-44E9-A304-32B752E40360): 0
LogDevObjectVersion:   Dev-Networking (A4E4105C-59A1-49B5-A7C5-40C4547EDFEE): 0
LogDevObjectVersion:   Dev-Online (39C831C9-5AE6-47DC-9A44-9C173E1C8E7C): 0
LogDevObjectVersion:   Dev-Physics (78F01B33-EBEA-4F98-B9B4-84EACCB95AA2): 0
LogDevObjectVersion:   Dev-Platform (6631380F-2D4D-43E0-8009-CF276956A95A): 0
LogDevObjectVersion:   Dev-Rendering (12F88B9F-8875-4AFC-A67C-D90C383ABD29): 2
LogDevObjectVersion:   Dev-Sequencer (7B5AE74C-D270-4C10-A958-57980B212A5A): 0
LogDevObjectVersion:   Dev-VR (D7296918-1DD6-4BDD-9DE2-64A83CC13884): 0
LogInit: Compiled (64-bit): Jun 14 2016 17:53:16
LogInit: Compiled with Visual C++: 19.00.23026.00
LogInit: Build Configuration: Development
LogInit: Branch Name: ++UE4+Release-4.12
LogInit: Command line:  
LogInit: Base directory: C:/Gabriel/Programs/Unreal4/Epic Games/4.12/Engine/Binaries/Win64/
LogInit: Installed Engine Build: 1
LogInit: Using libcurl 7.41.0
LogInit:  - built for x86_64-pc-win32
LogInit:  - supports SSL with WinSSL
LogInit:  - other features:
LogInit:      CURL_VERSION_SSL
LogInit:      CURL_VERSION_IPV6
LogInit:      CURL_VERSION_ASYNCHDNS
LogInit:      CURL_VERSION_LARGEFILE
LogInit:      CURL_VERSION_IDN
LogInit:  CurlRequestOptions (configurable via config and command line):
LogInit:  - bVerifyPeer = true  - Libcurl will verify peer certificate
LogInit:  - bUseHttpProxy = false  - Libcurl will NOT use HTTP proxy
LogInit:  - bDontReuseConnections = false  - Libcurl will reuse connections
LogInit:  - CertBundlePath = nullptr  - Libcurl will use whatever was configured at build time.
LogInit: Presizing for max 8388607 objects, including 0 objects not considered by GC, pre-allocating 0 bytes for permanent pool.
LogInit: Object subsystem initialized
[2016.06.21-20.37.48:426][  0]LogInit: Selected Device Profile: [Windows]
[2016.06.21-20.37.48:426][  0]LogInit: Applying CVar settings loaded from the selected device profile: [Windows]
[2016.06.21-20.37.48:436][  0]LogInit: Computer: HP
[2016.06.21-20.37.48:436][  0]LogInit: User: SAA
[2016.06.21-20.37.48:436][  0]LogInit: CPU Page size=65536, Cores=4
[2016.06.21-20.37.48:436][  0]LogInit: High frequency timer resolution =2.435779 MHz
[2016.06.21-20.37.48:436][  0]LogMemory: Memory total: Physical=15.9GB (16GB approx)
[2016.06.21-20.37.48:436][  0]LogMemory: Platform Memory Stats for Windows
[2016.06.21-20.37.48:436][  0]LogMemory: Process Physical Memory: 190.34 MB used, 190.34 MB peak
[2016.06.21-20.37.48:436][  0]LogMemory: Process Virtual Memory: 195.04 MB used, 195.04 MB peak
[2016.06.21-20.37.48:436][  0]LogMemory: Physical Memory: 7588.07 MB used, 16316.02 MB total
[2016.06.21-20.37.48:436][  0]LogMemory: Virtual Memory: 539.54 MB used, 134217728.00 MB total
[2016.06.21-20.37.48:587][  0]LogTextLocalizationManager: No specific translations for ('en-CA') exist, so ('en') translations will be used.
[2016.06.21-20.37.48:991][  0]LogD3D11RHI: D3D11 adapters:
[2016.06.21-20.37.49:020][  0]LogD3D11RHI:    0. 'NVIDIA GeForce 840M' (Feature Level 11_0)
[2016.06.21-20.37.49:020][  0]LogD3D11RHI:       1995/0/8158 MB DedicatedVideo/DedicatedSystem/SharedSystem, Outputs:1, VendorId:0x10de
[2016.06.21-20.37.49:139][  0]LogD3D11RHI:    1. 'Intel(R) HD Graphics 4600' (Feature Level 11_0)
[2016.06.21-20.37.49:139][  0]LogD3D11RHI:       112/0/8158 MB DedicatedVideo/DedicatedSystem/SharedSystem, Outputs:0, VendorId:0x8086
[2016.06.21-20.37.49:141][  0]LogD3D11RHI:    2. 'Microsoft Basic Render Driver' (Feature Level 11_0)
[2016.06.21-20.37.49:141][  0]LogD3D11RHI:       0/0/8158 MB DedicatedVideo/DedicatedSystem/SharedSystem, Outputs:0, VendorId:0x1414
[2016.06.21-20.37.49:141][  0]LogD3D11RHI: Chosen D3D11 Adapter: 0
[2016.06.21-20.37.49:147][  0]LogD3D11RHI: Creating new Direct3DDevice
[2016.06.21-20.37.49:148][  0]LogD3D11RHI:     GPU DeviceId: 0x1341 (for the marketing name, search the web for "GPU Device Id")
[2016.06.21-20.37.49:148][  0]LogWindows: EnumDisplayDevices:
[2016.06.21-20.37.49:148][  0]LogWindows:    0. 'Intel(R) HD Graphics 4600' (P:1 D:1)
[2016.06.21-20.37.49:148][  0]LogWindows:    1. 'Intel(R) HD Graphics 4600' (P:0 D:0)
[2016.06.21-20.37.49:148][  0]LogWindows:    2. 'Intel(R) HD Graphics 4600' (P:0 D:0)
[2016.06.21-20.37.49:148][  0]LogWindows: DebugString: PrimaryIsNotTheChoosenAdapter PrimaryIsNotTheChoosenAdapter PrimaryIsNotTheChoosenAdapter FoundDriverCount:0 
[2016.06.21-20.37.49:148][  0]LogD3D11RHI:     Adapter Name: NVIDIA GeForce 840M
[2016.06.21-20.37.49:148][  0]LogD3D11RHI:   Driver Version: Unknown (internal:Unknown, unified:Unknown)
[2016.06.21-20.37.49:148][  0]LogD3D11RHI:      Driver Date: Unknown
[2016.06.21-20.37.49:148][  0]LogRHI: Texture pool is 1361 MB (70% of 1945 MB)
[2016.06.21-20.37.49:161][  0]LogD3D11RHI: Async texture creation enabled
[2016.06.21-20.37.49:176][  0]LogD3D11RHI: GPU Timing Frequency: 1000.000000 (Debug: 2 2)
[2016.06.21-20.37.49:177][  0]LogShaderCompilers: Guid format shader working directory is -44 characters bigger than the processId version (../../../../../../../../Users/SAA/Documents/Unreal Projects/LoseOrDieMultiplayer-master/Intermediate/Shaders/WorkingDirectory/21188/).
[2016.06.21-20.37.49:177][  0]LogShaderCompilers: Cleaned the shader compiler working directory 'C:/Users/SAA/AppData/Local/Temp/UnrealShaderWorkingDir/E15CDB2E4FCCBCF3778043BB2E8577A7/'.
[2016.06.21-20.37.49:177][  0]LogShaderCompilers:Display: Using Local Shader Compiler.
[2016.06.21-20.37.52:003][  0]LogTemp:Display: Loaded TP AllDesktopTargetPlatform
[2016.06.21-20.37.52:020][  0]LogTemp:Display: Loaded TP WindowsClientTargetPlatform
[2016.06.21-20.37.52:037][  0]LogTemp:Display: Loaded TP WindowsNoEditorTargetPlatform
[2016.06.21-20.37.52:053][  0]LogTemp:Display: Loaded TP WindowsServerTargetPlatform
[2016.06.21-20.37.52:070][  0]LogTemp:Display: Loaded TP WindowsTargetPlatform
[2016.06.21-20.37.52:086][  0]LogTemp:Display: Loaded TP AndroidTargetPlatform
[2016.06.21-20.37.52:101][  0]LogTemp:Display: Loaded TP Android_ASTCTargetPlatform
[2016.06.21-20.37.52:116][  0]LogTemp:Display: Loaded TP Android_ATCTargetPlatform
[2016.06.21-20.37.52:131][  0]LogTemp:Display: Loaded TP Android_DXTTargetPlatform
[2016.06.21-20.37.52:146][  0]LogTemp:Display: Loaded TP Android_ETC1TargetPlatform
[2016.06.21-20.37.52:160][  0]LogTemp:Display: Loaded TP Android_ETC2TargetPlatform
[2016.06.21-20.37.52:191][  0]LogTemp:Display: Loaded TP Android_MultiTargetPlatform
[2016.06.21-20.37.52:191][  0]LogTemp:Display: Loaded TP Android_PVRTCTargetPlatform
[2016.06.21-20.37.52:198][  0]LogTemp:Display: Loaded TP HTML5TargetPlatform
[2016.06.21-20.37.52:241][  0]LogTemp:Display: Loaded TP IOSTargetPlatform
[2016.06.21-20.37.52:255][  0]LogTemp:Display: Loaded TP TVOSTargetPlatform
[2016.06.21-20.37.52:270][  0]LogTemp:Display: Loaded TP LinuxNoEditorTargetPlatform
[2016.06.21-20.37.52:284][  0]LogTemp:Display: Loaded TP LinuxServerTargetPlatform
[2016.06.21-20.37.52:300][  0]LogTemp:Display: Loaded TP LinuxTargetPlatform
[2016.06.21-20.37.52:300][  0]LogTargetPlatformManager:Display: Building Assets For Windows
[2016.06.21-20.37.52:591][  0]LogDerivedDataCache:Display: Max Cache Size: 512 MB
[2016.06.21-20.37.52:645][  0]LogDerivedDataCache: Loaded boot cache 0.05s 48MB C:/Users/SAA/AppData/Local/UnrealEngine/4.12/DerivedDataCache/Boot.ddc.
[2016.06.21-20.37.52:645][  0]LogDerivedDataCache:Display: Loaded Boot cache: C:/Users/SAA/AppData/Local/UnrealEngine/4.12/DerivedDataCache/Boot.ddc
[2016.06.21-20.37.52:645][  0]LogDerivedDataCache: FDerivedDataBackendGraph:  Pak pak cache file ../../../../../../../../Users/SAA/Documents/Unreal Projects/LoseOrDieMultiplayer-master/DerivedDataCache/DDC.ddp not found, will not use a pak cache.
[2016.06.21-20.37.52:645][  0]LogDerivedDataCache: Unable to find inner node Pak for hierarchical cache Hierarchy.
[2016.06.21-20.37.52:645][  0]LogDerivedDataCache: FDerivedDataBackendGraph:  CompressedPak pak cache file ../../../../../../../../Users/SAA/Documents/Unreal Projects/LoseOrDieMultiplayer-master/DerivedDataCache/Compressed.ddp not found, will not use a pak cache.
[2016.06.21-20.37.52:645][  0]LogDerivedDataCache: Unable to find inner node CompressedPak for hierarchical cache Hierarchy.
[2016.06.21-20.37.52:666][  0]LogDerivedDataCache:Display: Pak cache opened for reading ../../../Engine/DerivedDataCache/Compressed.ddp.
[2016.06.21-20.37.52:678][  0]LogDerivedDataCache: Using Local data cache path C:/Users/SAA/AppData/Local/UnrealEngine/Common/DerivedDataCache: Writable
[2016.06.21-20.37.52:887][  0]LogInit: Selected Device Profile: [Windows]
[2016.06.21-20.37.52:887][  0]LogContentStreaming: Texture pool size is 0.00 MB
[2016.06.21-20.37.53:064][  0]LogMeshUtilities: No automatic mesh reduction module available
[2016.06.21-20.37.53:064][  0]LogMeshUtilities: No automatic mesh merging module available
[2016.06.21-20.37.53:064][  0]LogMeshUtilities: No distributed automatic mesh merging module available
[2016.06.21-20.37.53:343][  0]LogAssetRegistry: FAssetRegistry took 0.0212 seconds to start up
[2016.06.21-20.37.53:381][  0]LogPackageLocalizationCache: Processed 4 localized package path(s) for 2 prioritized culture(s) in 0.034648 seconds
[2016.06.21-20.37.53:387][  0]LogUObjectArray: 28739 objects as part of root set at end of initial load.
[2016.06.21-20.37.53:387][  0]LogUObjectAllocator: 5855632 out of 0 bytes used by permanent object pool.
[2016.06.21-20.37.53:387][  0]LogUObjectArray: CloseDisregardForGC: 0/0 objects in disregard for GC pool
[2016.06.21-20.37.53:402][  0]LogInit: WinSock: version 1.1 (2.2), MaxSocks=32767, MaxUdp=65467
[2016.06.21-20.37.54:226][  0]LogSlate: SlateFontCache - WITH_FREETYPE: 1, WITH_HARFBUZZ: 1
[2016.06.21-20.37.54:226][  0]LogSlate: SlateFontCache - WITH_FREETYPE: 1, WITH_HARFBUZZ: 1
[2016.06.21-20.37.55:173][  0]LogUdpMessaging: Initializing bridge on interface 0.0.0.0:0 to multicast group 230.0.0.1:6666.
[2016.06.21-20.37.55:523][  0]SourceControl: Info Source control is disabled
[2016.06.21-20.37.58:242][  0]SourceControl: Info Source control is disabled
[2016.06.21-20.37.58:273][  0]SourceControl: Info Source control is disabled
[2016.06.21-20.37.58:300][  0]SourceControl: Info Source control is disabled
[2016.06.21-20.37.58:808][  0]LogEngine: Initializing Engine...
[2016.06.21-20.37.58:866][  0]LogHMD: SteamVR failed to initialize.  Err: 108
[2016.06.21-20.37.58:871][  0]LogHMD: SteamVR failed to initialize.  Err: 108
[2016.06.21-20.37.59:018][  0]LogAIModule: Creating AISystem for world NewWorld
[2016.06.21-20.37.59:029][  0]LogInit: XAudio2 using 'Speakers / HP (IDT High Definition Audio CODEC)' : 2 channels at 48 kHz using 16 bits per sample (channel mask 0x3)
[2016.06.21-20.37.59:079][  0]LogInit: FAudioDevice initialized.
[2016.06.21-20.37.59:102][  0]LogDerivedDataCache: Saved boot cache 0.02s 48MB C:/Users/SAA/AppData/Local/UnrealEngine/4.12/DerivedDataCache/Boot.ddc.
[2016.06.21-20.37.59:108][  0]LogInit: Texture streaming: Enabled
[2016.06.21-20.37.59:178][  0]LogInit: Transaction tracking system initialized
[2016.06.21-20.37.59:250][  0]BlueprintLog: New page: Editor Load
[2016.06.21-20.37.59:600][  0]LocalizationService: Info Localization service is disabled
[2016.06.21-20.37.59:788][  0]LogConsoleResponse:Display: 
[2016.06.21-20.37.59:903][  0]LogCook:Display: Max memory allowance for cook 8192mb
[2016.06.21-20.37.59:903][  0]LogCook:Display: Mobile HDR setting 1
[2016.06.21-20.38.00:169][  0]LogFileCache: Scanning file cache for directory 'C:/Users/SAA/Documents/Unreal Projects/LoseOrDieMultiplayer-master/Content/' took 0.01s
[2016.06.21-20.38.00:169][  0]SourceControl: Info Source control is disabled
[2016.06.21-20.38.00:169][  0]Cmd: MAP LOAD FILE="../../../../../../../../Users/SAA/Documents/Unreal Projects/LoseOrDieMultiplayer-master/Content/Maps/MultiplayerLevel.umap" TEMPLATE=0 SHOWPROGRESS=1 FEATURELEVEL=3
[2016.06.21-20.38.00:170][  0]LightingResults: New page: Lighting Build
[2016.06.21-20.38.00:173][  0]MapCheck: New page: Map Check
[2016.06.21-20.38.00:173][  0]LightingResults: New page: Lighting Build
[2016.06.21-20.38.00:743][  0]LogAIModule: Creating AISystem for world MultiplayerLevel
[2016.06.21-20.38.00:749][  0]LogEditorServer: Finished looking for orphan Actors (0.000 secs)
[2016.06.21-20.38.00:749][  0]Cmd: MAP CHECKDEP NOCLEARLOG
[2016.06.21-20.38.00:839][  0]MapCheck: Info Map check complete: 0 Error(s), 0 Warning(s), took 89.381ms to complete.
[2016.06.21-20.38.00:839][  0]LogFileHelpers: Loading map 'MultiplayerLevel' took 0.669
[2016.06.21-20.38.00:960][  0]LogCollectionManager: Loaded 0 collections in 0.002543 seconds
[2016.06.21-20.38.01:001][  0]LogFileCache: Scanning file cache for directory 'C:/Users/SAA/Documents/Unreal Projects/LoseOrDieMultiplayer-master/Saved/Collections/' took 0.01s
[2016.06.21-20.38.01:001][  0]LogFileCache: Scanning file cache for directory 'C:/Users/SAA/Documents/Unreal Projects/LoseOrDieMultiplayer-master/Content/Developers/SAA/Collections/' took 0.01s
[2016.06.21-20.38.01:001][  0]LogFileCache: Scanning file cache for directory 'C:/Users/SAA/Documents/Unreal Projects/LoseOrDieMultiplayer-master/Content/Collections/' took 0.01s
[2016.06.21-20.38.01:001][  0]LogCollectionManager: Rebuilt the GUID cache for 0 collections in 0.000002 seconds
[2016.06.21-20.38.01:009][  0]LogContentBrowser: Native class hierarchy populated in 0.0079 seconds. Added 2066 classes and 378 folders.
[2016.06.21-20.38.01:013][  0]LogStats: UGameplayTagsManager::ConstructGameplayTagTree: Construct from data asset -  0.000 s
[2016.06.21-20.38.01:013][  0]LogStats: UGameplayTagsManager::ConstructGameplayTagTree: GameplayTagTreeChangedEvent.Broadcast -  0.000 s
[2016.06.21-20.38.01:014][  0]LogContentBrowser: Native class hierarchy updated for 'GameplayTags' in 0.0005 seconds. Added 12 classes and 0 folders.
[2016.06.21-20.38.01:020][  0]LogContentBrowser: Native class hierarchy updated for 'WidgetCarousel' in 0.0004 seconds. Added 0 classes and 0 folders.
[2016.06.21-20.38.01:082][  0]LogContentBrowser: Native class hierarchy updated for 'AddContentDialog' in 0.0004 seconds. Added 0 classes and 0 folders.
[2016.06.21-20.38.01:105][  0]LogContentBrowser: Native class hierarchy updated for 'SceneOutliner' in 0.0004 seconds. Added 1 classes and 2 folders.
[2016.06.21-20.38.01:163][  0]LogCrashTracker: Crashtracker disabled due to settings.
[2016.06.21-20.38.01:167][  0]LogWindowsTextInputMethodSystem:Display: IME system now deactivated.
[2016.06.21-20.38.01:167][  0]LogWindowsTextInputMethodSystem:Display: IME system now deactivated.
[2016.06.21-20.38.01:194][  0]LogUObjectGlobals:Warning: Failed to find object 'Class None.'
[2016.06.21-20.38.01:232][  0]LogContentBrowser: Native class hierarchy updated for 'HierarchicalLODOutliner' in 0.0006 seconds. Added 1 classes and 2 folders.
[2016.06.21-20.38.01:232][  0]LogLoad: Full Startup: 13.86 seconds (BP compile: 0.15 seconds)
[2016.06.21-20.38.01:232][  0]LogExternalProfiler: No external profilers were discovered.  External profiling features will not be available.
[2016.06.21-20.38.01:246][  0]LogOcInput: OculusInput pre-init called
[2016.06.21-20.38.01:248][  0]LogOcInput: Can't find Oculus library dev build: is proper Runtime installed? Version: 1.3.2
[2016.06.21-20.38.01:266][  0]LogContentStreaming: Texture pool size now 1000 MB
[2016.06.21-20.38.01:428][  0]LogRenderer: Reallocating scene render targets to support 1256x632 (Frame:2).
[2016.06.21-20.38.01:559][  2]LogAssetRegistry: Asset discovery search completed in 8.2371 seconds
[2016.06.21-20.38.01:559][  2]LogCollectionManager: Rebuilt the object cache for 0 collections in 0.000000 seconds (found 0 objects)
[2016.06.21-20.38.01:559][  2]LogCollectionManager: Fixed up redirectors for 0 collections in 0.000020 seconds (updated 0 objects)
[2016.06.21-20.38.04:348][165]LogEditorViewport: Clicking on Actor (LMB): BP_Sky_Sphere_C (BP_Sky_Sphere)
[2016.06.21-20.38.06:623][266]LogBlueprintUserMessages: Early PlayInEditor Detection: Level '/Game/Maps/MultiplayerLevel.MultiplayerLevel:PersistentLevel' has LevelScriptBlueprint '/Game/Maps/MultiplayerLevel.MultiplayerLevel:PersistentLevel.MultiplayerLevel' with GeneratedClass '/Game/Maps/MultiplayerLevel.MultiplayerLevel_C' with ClassGeneratedBy '/Game/Maps/MultiplayerLevel.MultiplayerLevel:PersistentLevel.MultiplayerLevel'
[2016.06.21-20.38.06:623][266]LogPlayLevel: PlayLevel: No blueprints needed recompiling
[2016.06.21-20.38.06:624][266]PIE: New page: PIE session: MultiplayerLevel (Jun 21, 2016, 2:38:06 PM)
[2016.06.21-20.38.06:624][266]LogPlayLevel: Creating play world package: /Game/Maps/UEDPIE_0_MultiplayerLevel
[2016.06.21-20.38.06:631][266]LogPlayLevel: PIE: StaticDuplicateObject took: (0.006636s)
[2016.06.21-20.38.06:632][266]LogAIModule: Creating AISystem for world MultiplayerLevel
[2016.06.21-20.38.06:632][266]LogPlayLevel: PIE: World Init took: (0.000603s)
[2016.06.21-20.38.06:632][266]LogPlayLevel: PIE: Created PIE world by copying editor world from /Game/Maps/MultiplayerLevel.MultiplayerLevel to /Game/Maps/UEDPIE_0_MultiplayerLevel.MultiplayerLevel (0.007456s)
[2016.06.21-20.38.06:663][266]LogInit: XAudio2 using 'Speakers / HP (IDT High Definition Audio CODEC)' : 2 channels at 48 kHz using 16 bits per sample (channel mask 0x3)
[2016.06.21-20.38.06:679][266]LogInit: FAudioDevice initialized.
[2016.06.21-20.38.06:745][266]LogWorld: Game class is 'ThirdPersonGameMode_C'
[2016.06.21-20.38.06:749][266]LogWorld: Bringing World /Game/Maps/UEDPIE_0_MultiplayerLevel.MultiplayerLevel up for play (max tick rate 0) at 2016.06.21-17.38.06
[2016.06.21-20.38.06:749][266]LogWorld: Bringing up level for play took: 0.002247
[2016.06.21-20.38.06:754][266]LogContentBrowser: Native class hierarchy updated for 'MovieSceneCapture' in 0.0004 seconds. Added 11 classes and 0 folders.
[2016.06.21-20.38.06:781][266]PIE: Info Play in editor start time for /Game/Maps/UEDPIE_0_MultiplayerLevel 0.921
[2016.06.21-20.38.06:781][266]LogBlueprintUserMessages: Late PlayInEditor Detection: Level '/Game/Maps/MultiplayerLevel.MultiplayerLevel:PersistentLevel' has LevelScriptBlueprint '/Game/Maps/MultiplayerLevel.MultiplayerLevel:PersistentLevel.MultiplayerLevel' with GeneratedClass '/Game/Maps/MultiplayerLevel.MultiplayerLevel_C' with ClassGeneratedBy '/Game/Maps/MultiplayerLevel.MultiplayerLevel:PersistentLevel.MultiplayerLevel'
[2016.06.21-20.38.38:976][916]LogBlueprintUserMessages: Early EndPlayMap Detection: Level '/Game/Maps/MultiplayerLevel.MultiplayerLevel:PersistentLevel' has LevelScriptBlueprint '/Game/Maps/MultiplayerLevel.MultiplayerLevel:PersistentLevel.MultiplayerLevel' with GeneratedClass '/Game/Maps/MultiplayerLevel.MultiplayerLevel_C' with ClassGeneratedBy '/Game/Maps/MultiplayerLevel.MultiplayerLevel:PersistentLevel.MultiplayerLevel'
[2016.06.21-20.38.39:032][916]LogBlueprintUserMessages: Late EndPlayMap Detection: Level '/Game/Maps/MultiplayerLevel.MultiplayerLevel:PersistentLevel' has LevelScriptBlueprint '/Game/Maps/MultiplayerLevel.MultiplayerLevel:PersistentLevel.MultiplayerLevel' with GeneratedClass '/Game/Maps/MultiplayerLevel.MultiplayerLevel_C' with ClassGeneratedBy '/Game/Maps/MultiplayerLevel.MultiplayerLevel:PersistentLevel.MultiplayerLevel'
[2016.06.21-20.38.43:670][132]LogBlueprintUserMessages: Early PlayInEditor Detection: Level '/Game/Maps/MultiplayerLevel.MultiplayerLevel:PersistentLevel' has LevelScriptBlueprint '/Game/Maps/MultiplayerLevel.MultiplayerLevel:PersistentLevel.MultiplayerLevel' with GeneratedClass '/Game/Maps/MultiplayerLevel.MultiplayerLevel_C' with ClassGeneratedBy '/Game/Maps/MultiplayerLevel.MultiplayerLevel:PersistentLevel.MultiplayerLevel'
[2016.06.21-20.38.43:670][132]LogPlayLevel: PlayLevel: No blueprints needed recompiling
[2016.06.21-20.38.43:670][132]PIE: New page: PIE session: MultiplayerLevel (Jun 21, 2016, 2:38:43 PM)
[2016.06.21-20.38.43:670][132]LogPlayLevel: Creating play world package: /Game/Maps/UEDPIE_0_MultiplayerLevel
[2016.06.21-20.38.43:678][132]LogPlayLevel: PIE: StaticDuplicateObject took: (0.007781s)
[2016.06.21-20.38.43:679][132]LogAIModule: Creating AISystem for world MultiplayerLevel
[2016.06.21-20.38.43:679][132]LogPlayLevel: PIE: World Init took: (0.000836s)
[2016.06.21-20.38.43:679][132]LogPlayLevel: PIE: Created PIE world by copying editor world from /Game/Maps/MultiplayerLevel.MultiplayerLevel to /Game/Maps/UEDPIE_0_MultiplayerLevel.MultiplayerLevel (0.008948s)
[2016.06.21-20.38.43:704][132]LogInit: XAudio2 using 'Speakers / HP (IDT High Definition Audio CODEC)' : 2 channels at 48 kHz using 16 bits per sample (channel mask 0x3)
[2016.06.21-20.38.43:726][132]LogInit: FAudioDevice initialized.
[2016.06.21-20.38.43:786][132]LogWorld: Game class is 'ThirdPersonGameMode_C'
[2016.06.21-20.38.43:789][132]LogWorld: Bringing World /Game/Maps/UEDPIE_0_MultiplayerLevel.MultiplayerLevel up for play (max tick rate 0) at 2016.06.21-17.38.43
[2016.06.21-20.38.43:790][132]LogWorld: Bringing up level for play took: 0.002870
[2016.06.21-20.38.43:831][132]PIE: Info Play in editor start time for /Game/Maps/UEDPIE_0_MultiplayerLevel -0.029
[2016.06.21-20.38.43:831][132]LogBlueprintUserMessages: Late PlayInEditor Detection: Level '/Game/Maps/MultiplayerLevel.MultiplayerLevel:PersistentLevel' has LevelScriptBlueprint '/Game/Maps/MultiplayerLevel.MultiplayerLevel:PersistentLevel.MultiplayerLevel' with GeneratedClass '/Game/Maps/MultiplayerLevel.MultiplayerLevel_C' with ClassGeneratedBy '/Game/Maps/MultiplayerLevel.MultiplayerLevel:PersistentLevel.MultiplayerLevel'
[2016.06.21-20.39.14:131][689]LogBlueprintUserMessages: Early EndPlayMap Detection: Level '/Game/Maps/MultiplayerLevel.MultiplayerLevel:PersistentLevel' has LevelScriptBlueprint '/Game/Maps/MultiplayerLevel.MultiplayerLevel:PersistentLevel.MultiplayerLevel' with GeneratedClass '/Game/Maps/MultiplayerLevel.MultiplayerLevel_C' with ClassGeneratedBy '/Game/Maps/MultiplayerLevel.MultiplayerLevel:PersistentLevel.MultiplayerLevel'
[2016.06.21-20.39.14:189][689]LogBlueprintUserMessages: Late EndPlayMap Detection: Level '/Game/Maps/MultiplayerLevel.MultiplayerLevel:PersistentLevel' has LevelScriptBlueprint '/Game/Maps/MultiplayerLevel.MultiplayerLevel:PersistentLevel.MultiplayerLevel' with GeneratedClass '/Game/Maps/MultiplayerLevel.MultiplayerLevel_C' with ClassGeneratedBy '/Game/Maps/MultiplayerLevel.MultiplayerLevel:PersistentLevel.MultiplayerLevel'
[2016.06.21-20.39.14:283][691]Cmd: SELECT NONE
[2016.06.21-20.39.18:688][853]LogContentBrowser: Native class hierarchy updated for 'BlueprintGraph' in 0.0018 seconds. Added 111 classes and 0 folders.
[2016.06.21-20.40.18:173][ 78]LogBlueprintUserMessages: Early PlayInEditor Detection: Level '/Game/Maps/MultiplayerLevel.MultiplayerLevel:PersistentLevel' has LevelScriptBlueprint '/Game/Maps/MultiplayerLevel.MultiplayerLevel:PersistentLevel.MultiplayerLevel' with GeneratedClass '/Game/Maps/MultiplayerLevel.MultiplayerLevel_C' with ClassGeneratedBy '/Game/Maps/MultiplayerLevel.MultiplayerLevel:PersistentLevel.MultiplayerLevel'
[2016.06.21-20.40.18:173][ 78]LogPlayLevel: PlayLevel: No blueprints needed recompiling
[2016.06.21-20.40.18:173][ 78]PIE: New page: PIE session: MultiplayerLevel (Jun 21, 2016, 2:40:18 PM)
[2016.06.21-20.40.18:173][ 78]LogPlayLevel: Creating play world package: /Game/Maps/UEDPIE_0_MultiplayerLevel
[2016.06.21-20.40.18:183][ 78]LogPlayLevel: PIE: StaticDuplicateObject took: (0.009472s)
[2016.06.21-20.40.18:184][ 78]LogAIModule: Creating AISystem for world MultiplayerLevel
[2016.06.21-20.40.18:184][ 78]LogPlayLevel: PIE: World Init took: (0.001050s)
[2016.06.21-20.40.18:184][ 78]LogPlayLevel: PIE: Created PIE world by copying editor world from /Game/Maps/MultiplayerLevel.MultiplayerLevel to /Game/Maps/UEDPIE_0_MultiplayerLevel.MultiplayerLevel (0.010827s)
[2016.06.21-20.40.18:242][ 78]LogInit: XAudio2 using 'Speakers / HP (IDT High Definition Audio CODEC)' : 2 channels at 48 kHz using 16 bits per sample (channel mask 0x3)
[2016.06.21-20.40.18:266][ 78]LogInit: FAudioDevice initialized.
[2016.06.21-20.40.18:335][ 78]LogWorld: Game class is 'ThirdPersonGameMode_C'
[2016.06.21-20.40.18:340][ 78]LogWorld: Bringing World /Game/Maps/UEDPIE_0_MultiplayerLevel.MultiplayerLevel up for play (max tick rate 0) at 2016.06.21-17.40.18
[2016.06.21-20.40.18:340][ 78]LogWorld: Bringing up level for play took: 0.003451
[2016.06.21-20.40.18:388][ 78]PIE: Info Play in editor start time for /Game/Maps/UEDPIE_0_MultiplayerLevel 0.527
[2016.06.21-20.40.18:388][ 78]LogBlueprintUserMessages: Late PlayInEditor Detection: Level '/Game/Maps/MultiplayerLevel.MultiplayerLevel:PersistentLevel' has LevelScriptBlueprint '/Game/Maps/MultiplayerLevel.MultiplayerLevel:PersistentLevel.MultiplayerLevel' with GeneratedClass '/Game/Maps/MultiplayerLevel.MultiplayerLevel_C' with ClassGeneratedBy '/Game/Maps/MultiplayerLevel.MultiplayerLevel:PersistentLevel.MultiplayerLevel'
[2016.06.21-20.40.41:116][249]LogBlueprintUserMessages: Early EndPlayMap Detection: Level '/Game/Maps/MultiplayerLevel.MultiplayerLevel:PersistentLevel' has LevelScriptBlueprint '/Game/Maps/MultiplayerLevel.MultiplayerLevel:PersistentLevel.MultiplayerLevel' with GeneratedClass '/Game/Maps/MultiplayerLevel.MultiplayerLevel_C' with ClassGeneratedBy '/Game/Maps/MultiplayerLevel.MultiplayerLevel:PersistentLevel.MultiplayerLevel'
[2016.06.21-20.40.41:164][249]LogBlueprintUserMessages: Late EndPlayMap Detection: Level '/Game/Maps/MultiplayerLevel.MultiplayerLevel:PersistentLevel' has LevelScriptBlueprint '/Game/Maps/MultiplayerLevel.MultiplayerLevel:PersistentLevel.MultiplayerLevel' with GeneratedClass '/Game/Maps/MultiplayerLevel.MultiplayerLevel_C' with ClassGeneratedBy '/Game/Maps/MultiplayerLevel.MultiplayerLevel:PersistentLevel.MultiplayerLevel'
[2016.06.21-20.42.04:436][687]BlueprintLog: New page: Compile CarPlayerCharacter
[2016.06.21-20.42.04:594][687]BlueprintEditorCompileResults: Info The execution path doesn't end with a return node.  Cast Failed 
[2016.06.21-20.42.04:594][687]BlueprintEditorCompileResults: Info The execution path doesn't end with a return node.  False 
[2016.06.21-20.42.04:594][687]BlueprintEditorCompileResults: Info [0257.22] Compile of CarPlayerCharacter successful! [in 157 ms] (/Game/ThirdPersonBP/Blueprints/CarPlayerCharacter.CarPlayerCharacter)
[2016.06.21-20.42.05:741][760]LogBlueprintUserMessages: Early PlayInEditor Detection: Level '/Game/Maps/MultiplayerLevel.MultiplayerLevel:PersistentLevel' has LevelScriptBlueprint '/Game/Maps/MultiplayerLevel.MultiplayerLevel:PersistentLevel.MultiplayerLevel' with GeneratedClass '/Game/Maps/MultiplayerLevel.MultiplayerLevel_C' with ClassGeneratedBy '/Game/Maps/MultiplayerLevel.MultiplayerLevel:PersistentLevel.MultiplayerLevel'
[2016.06.21-20.42.05:741][760]LogPlayLevel: PlayLevel: No blueprints needed recompiling
[2016.06.21-20.42.05:741][760]PIE: New page: PIE session: MultiplayerLevel (Jun 21, 2016, 2:42:05 PM)
[2016.06.21-20.42.05:742][760]LogPlayLevel: Creating play world package: /Game/Maps/UEDPIE_0_MultiplayerLevel
[2016.06.21-20.42.05:750][760]LogPlayLevel: PIE: StaticDuplicateObject took: (0.008626s)
[2016.06.21-20.42.05:751][760]LogAIModule: Creating AISystem for world MultiplayerLevel
[2016.06.21-20.42.05:751][760]LogPlayLevel: PIE: World Init took: (0.000862s)
[2016.06.21-20.42.05:751][760]LogPlayLevel: PIE: Created PIE world by copying editor world from /Game/Maps/MultiplayerLevel.MultiplayerLevel to /Game/Maps/UEDPIE_0_MultiplayerLevel.MultiplayerLevel (0.009741s)
[2016.06.21-20.42.05:780][760]LogInit: XAudio2 using 'Speakers / HP (IDT High Definition Audio CODEC)' : 2 channels at 48 kHz using 16 bits per sample (channel mask 0x3)
[2016.06.21-20.42.05:795][760]LogInit: FAudioDevice initialized.
[2016.06.21-20.42.05:848][760]LogWorld: Game class is 'ThirdPersonGameMode_C'
[2016.06.21-20.42.05:852][760]LogWorld: Bringing World /Game/Maps/UEDPIE_0_MultiplayerLevel.MultiplayerLevel up for play (max tick rate 0) at 2016.06.21-17.42.05
[2016.06.21-20.42.05:852][760]LogWorld: Bringing up level for play took: 0.002951
[2016.06.21-20.42.05:881][760]PIE: Info Play in editor start time for /Game/Maps/UEDPIE_0_MultiplayerLevel 0.021
[2016.06.21-20.42.05:882][760]LogBlueprintUserMessages: Late PlayInEditor Detection: Level '/Game/Maps/MultiplayerLevel.MultiplayerLevel:PersistentLevel' has LevelScriptBlueprint '/Game/Maps/MultiplayerLevel.MultiplayerLevel:PersistentLevel.MultiplayerLevel' with GeneratedClass '/Game/Maps/MultiplayerLevel.MultiplayerLevel_C' with ClassGeneratedBy '/Game/Maps/MultiplayerLevel.MultiplayerLevel:PersistentLevel.MultiplayerLevel'
[2016.06.21-20.42.39:629][493]LogBlueprintUserMessages: Early EndPlayMap Detection: Level '/Game/Maps/MultiplayerLevel.MultiplayerLevel:PersistentLevel' has LevelScriptBlueprint '/Game/Maps/MultiplayerLevel.MultiplayerLevel:PersistentLevel.MultiplayerLevel' with GeneratedClass '/Game/Maps/MultiplayerLevel.MultiplayerLevel_C' with ClassGeneratedBy '/Game/Maps/MultiplayerLevel.MultiplayerLevel:PersistentLevel.MultiplayerLevel'
[2016.06.21-20.42.39:674][493]LogBlueprintUserMessages: Late EndPlayMap Detection: Level '/Game/Maps/MultiplayerLevel.MultiplayerLevel:PersistentLevel' has LevelScriptBlueprint '/Game/Maps/MultiplayerLevel.MultiplayerLevel:PersistentLevel.MultiplayerLevel' with GeneratedClass '/Game/Maps/MultiplayerLevel.MultiplayerLevel_C' with ClassGeneratedBy '/Game/Maps/MultiplayerLevel.MultiplayerLevel:PersistentLevel.MultiplayerLevel'
[2016.06.21-20.42.56:347][187]LogRenderer: Reallocating scene render targets to support 1256x712 (Frame:9825).
[2016.06.21-20.43.55:204][739]LogEditorTransaction: Undo Modify Component(s)
[2016.06.21-20.45.10:330][231]BlueprintLog: New page: Compile TrackBP
[2016.06.21-20.45.10:547][231]BlueprintEditorCompileResults: Info [0443.17] Compile of TrackBP successful! [in 216 ms] (/Game/Assets/Tracks/BP/TrackBP.TrackBP)
[2016.06.21-20.45.11:810][295]LogBlueprintUserMessages: Early PlayInEditor Detection: Level '/Game/Maps/MultiplayerLevel.MultiplayerLevel:PersistentLevel' has LevelScriptBlueprint '/Game/Maps/MultiplayerLevel.MultiplayerLevel:PersistentLevel.MultiplayerLevel' with GeneratedClass '/Game/Maps/MultiplayerLevel.MultiplayerLevel_C' with ClassGeneratedBy '/Game/Maps/MultiplayerLevel.MultiplayerLevel:PersistentLevel.MultiplayerLevel'
[2016.06.21-20.45.11:810][295]LogPlayLevel: PlayLevel: No blueprints needed recompiling
[2016.06.21-20.45.11:810][295]PIE: New page: PIE session: MultiplayerLevel (Jun 21, 2016, 2:45:11 PM)
[2016.06.21-20.45.11:810][295]LogPlayLevel: Creating play world package: /Game/Maps/UEDPIE_0_MultiplayerLevel
[2016.06.21-20.45.11:817][295]LogPlayLevel: PIE: StaticDuplicateObject took: (0.006287s)
[2016.06.21-20.45.11:817][295]LogAIModule: Creating AISystem for world MultiplayerLevel
[2016.06.21-20.45.11:817][295]LogPlayLevel: PIE: World Init took: (0.000685s)
[2016.06.21-20.45.11:818][295]LogPlayLevel: PIE: Created PIE world by copying editor world from /Game/Maps/MultiplayerLevel.MultiplayerLevel to /Game/Maps/UEDPIE_0_MultiplayerLevel.MultiplayerLevel (0.007324s)
[2016.06.21-20.45.11:854][295]LogInit: XAudio2 using 'Speakers / HP (IDT High Definition Audio CODEC)' : 2 channels at 48 kHz using 16 bits per sample (channel mask 0x3)
[2016.06.21-20.45.11:871][295]LogInit: FAudioDevice initialized.
[2016.06.21-20.45.11:920][295]LogWorld: Game class is 'ThirdPersonGameMode_C'
[2016.06.21-20.45.11:923][295]LogWorld: Bringing World /Game/Maps/UEDPIE_0_MultiplayerLevel.MultiplayerLevel up for play (max tick rate 0) at 2016.06.21-17.45.11
[2016.06.21-20.45.11:923][295]LogWorld: Bringing up level for play took: 0.002359
[2016.06.21-20.45.11:994][295]PIE: Info Play in editor start time for /Game/Maps/UEDPIE_0_MultiplayerLevel 0.133
[2016.06.21-20.45.11:994][295]LogBlueprintUserMessages: Late PlayInEditor Detection: Level '/Game/Maps/MultiplayerLevel.MultiplayerLevel:PersistentLevel' has LevelScriptBlueprint '/Game/Maps/MultiplayerLevel.MultiplayerLevel:PersistentLevel.MultiplayerLevel' with GeneratedClass '/Game/Maps/MultiplayerLevel.MultiplayerLevel_C' with ClassGeneratedBy '/Game/Maps/MultiplayerLevel.MultiplayerLevel:PersistentLevel.MultiplayerLevel'
[2016.06.21-20.46.06:654][862]LogBlueprintUserMessages: Early EndPlayMap Detection: Level '/Game/Maps/MultiplayerLevel.MultiplayerLevel:PersistentLevel' has LevelScriptBlueprint '/Game/Maps/MultiplayerLevel.MultiplayerLevel:PersistentLevel.MultiplayerLevel' with GeneratedClass '/Game/Maps/MultiplayerLevel.MultiplayerLevel_C' with ClassGeneratedBy '/Game/Maps/MultiplayerLevel.MultiplayerLevel:PersistentLevel.MultiplayerLevel'
[2016.06.21-20.46.06:704][862]LogBlueprintUserMessages: Late EndPlayMap Detection: Level '/Game/Maps/MultiplayerLevel.MultiplayerLevel:PersistentLevel' has LevelScriptBlueprint '/Game/Maps/MultiplayerLevel.MultiplayerLevel:PersistentLevel.MultiplayerLevel' with GeneratedClass '/Game/Maps/MultiplayerLevel.MultiplayerLevel_C' with ClassGeneratedBy '/Game/Maps/MultiplayerLevel.MultiplayerLevel:PersistentLevel.MultiplayerLevel'
[2016.06.21-20.46.26:628][859]LogSavePackage: Save=225.04ms
[2016.06.21-20.46.26:628][859]LogSavePackage: Moving '../../../../../../../../Users/SAA/Documents/Unreal Projects/LoseOrDieMultiplayer-master/Saved/CarPlayerCharacterD6332E594256E5C84CA190BD78CF8F94.tmp' to '../../../../../../../../Users/SAA/Documents/Unreal Projects/LoseOrDieMultiplayer-master/Content/ThirdPersonBP/Blueprints/CarPlayerCharacter.uasset'
[2016.06.21-20.46.26:636][859]LogSavePackage:Display: Finished SavePackage ../../../../../../../../Users/SAA/Documents/Unreal Projects/LoseOrDieMultiplayer-master/Content/ThirdPersonBP/Blueprints/CarPlayerCharacter.uasset
[2016.06.21-20.46.26:736][859]LogSavePackage: Save=21.95ms
[2016.06.21-20.46.26:736][859]LogSavePackage: Moving '../../../../../../../../Users/SAA/Documents/Unreal Projects/LoseOrDieMultiplayer-master/Saved/TrackBP967F24C64E78B2631E79C2BAE369670E.tmp' to '../../../../../../../../Users/SAA/Documents/Unreal Projects/LoseOrDieMultiplayer-master/Content/Assets/Tracks/BP/TrackBP.uasset'
[2016.06.21-20.46.26:739][859]LogSavePackage:Display: Finished SavePackage ../../../../../../../../Users/SAA/Documents/Unreal Projects/LoseOrDieMultiplayer-master/Content/Assets/Tracks/BP/TrackBP.uasset
[2016.06.21-20.46.27:465][896]LogBlueprintUserMessages: Early PlayInEditor Detection: Level '/Game/Maps/MultiplayerLevel.MultiplayerLevel:PersistentLevel' has LevelScriptBlueprint '/Game/Maps/MultiplayerLevel.MultiplayerLevel:PersistentLevel.MultiplayerLevel' with GeneratedClass '/Game/Maps/MultiplayerLevel.MultiplayerLevel_C' with ClassGeneratedBy '/Game/Maps/MultiplayerLevel.MultiplayerLevel:PersistentLevel.MultiplayerLevel'
[2016.06.21-20.46.27:465][896]LogPlayLevel: PlayLevel: No blueprints needed recompiling
[2016.06.21-20.46.27:465][896]PIE: New page: PIE session: MultiplayerLevel (Jun 21, 2016, 2:46:27 PM)
[2016.06.21-20.46.27:466][896]LogPlayLevel: Creating play world package: /Game/Maps/UEDPIE_0_MultiplayerLevel
[2016.06.21-20.46.27:473][896]LogPlayLevel: PIE: StaticDuplicateObject took: (0.007067s)
[2016.06.21-20.46.27:473][896]LogAIModule: Creating AISystem for world MultiplayerLevel
[2016.06.21-20.46.27:473][896]LogPlayLevel: PIE: World Init took: (0.000529s)
[2016.06.21-20.46.27:473][896]LogPlayLevel: PIE: Created PIE world by copying editor world from /Game/Maps/MultiplayerLevel.MultiplayerLevel to /Game/Maps/UEDPIE_0_MultiplayerLevel.MultiplayerLevel (0.007784s)
[2016.06.21-20.46.27:507][896]LogInit: XAudio2 using 'Speakers / HP (IDT High Definition Audio CODEC)' : 2 channels at 48 kHz using 16 bits per sample (channel mask 0x3)
[2016.06.21-20.46.27:524][896]LogInit: FAudioDevice initialized.
[2016.06.21-20.46.27:575][896]LogWorld: Game class is 'ThirdPersonGameMode_C'
[2016.06.21-20.46.27:578][896]LogWorld: Bringing World /Game/Maps/UEDPIE_0_MultiplayerLevel.MultiplayerLevel up for play (max tick rate 0) at 2016.06.21-17.46.27
[2016.06.21-20.46.27:578][896]LogWorld: Bringing up level for play took: 0.002432
[2016.06.21-20.46.27:640][896]PIE: Info Play in editor start time for /Game/Maps/UEDPIE_0_MultiplayerLevel -0.22
[2016.06.21-20.46.27:640][896]LogBlueprintUserMessages: Late PlayInEditor Detection: Level '/Game/Maps/MultiplayerLevel.MultiplayerLevel:PersistentLevel' has LevelScriptBlueprint '/Game/Maps/MultiplayerLevel.MultiplayerLevel:PersistentLevel.MultiplayerLevel' with GeneratedClass '/Game/Maps/MultiplayerLevel.MultiplayerLevel_C' with ClassGeneratedBy '/Game/Maps/MultiplayerLevel.MultiplayerLevel:PersistentLevel.MultiplayerLevel'
[2016.06.21-20.47.22:322][447]LogBlueprintUserMessages: Early EndPlayMap Detection: Level '/Game/Maps/MultiplayerLevel.MultiplayerLevel:PersistentLevel' has LevelScriptBlueprint '/Game/Maps/MultiplayerLevel.MultiplayerLevel:PersistentLevel.MultiplayerLevel' with GeneratedClass '/Game/Maps/MultiplayerLevel.MultiplayerLevel_C' with ClassGeneratedBy '/Game/Maps/MultiplayerLevel.MultiplayerLevel:PersistentLevel.MultiplayerLevel'
[2016.06.21-20.47.22:371][447]LogBlueprintUserMessages: Late EndPlayMap Detection: Level '/Game/Maps/MultiplayerLevel.MultiplayerLevel:PersistentLevel' has LevelScriptBlueprint '/Game/Maps/MultiplayerLevel.MultiplayerLevel:PersistentLevel.MultiplayerLevel' with GeneratedClass '/Game/Maps/MultiplayerLevel.MultiplayerLevel_C' with ClassGeneratedBy '/Game/Maps/MultiplayerLevel.MultiplayerLevel:PersistentLevel.MultiplayerLevel'
[2016.06.21-20.47.24:783][604]LogActorComponent: UnregisterComponent: (/Engine/Transient.EditorFloorComp) Not registered. Aborting.
[2016.06.21-20.47.24:849][604]LogWindowsTextInputMethodSystem:Display: IME system now deactivated.
[2016.06.21-20.47.24:849][604]LogWindowsTextInputMethodSystem:Display: IME system now deactivated.
[2016.06.21-20.47.25:041][605]Cmd: QUIT_EDITOR
[2016.06.21-20.47.25:543][605]LogExit: Preparing to exit.
[2016.06.21-20.47.26:505][605]LogExit: Editor shut down
[2016.06.21-20.47.26:505][605]LogExit: Transaction tracking system shut down
[2016.06.21-20.47.26:646][605]LogObj: Freed 0b from 0 cluster array pools.
[2016.06.21-20.47.26:646][605]LogExit: Object subsystem successfully closed.
[2016.06.21-20.47.26:660][605]LogD3D11RHI: Shutdown
[2016.06.21-20.47.26:660][605]LogD3D11RHI: CleanupD3DDevice
[2016.06.21-20.47.26:733][605]LogD3D11RHI: ~FD3D11DynamicRHI
[2016.06.21-20.47.26:755][605]LogModuleManager: Shutting down and abandoning module HierarchicalLODUtilities (219)
[2016.06.21-20.47.26:755][605]LogModuleManager: Shutting down and abandoning module BlueprintGraph (218)
[2016.06.21-20.47.26:755][605]LogModuleManager: Shutting down and abandoning module MovieSceneCapture (217)
[2016.06.21-20.47.26:755][605]LogModuleManager: Shutting down and abandoning module HierarchicalLODOutliner (216)
[2016.06.21-20.47.26:755][605]LogModuleManager: Shutting down and abandoning module ExternalImagePicker (215)
[2016.06.21-20.47.26:755][605]LogModuleManager: Shutting down and abandoning module CrashTracker (214)
[2016.06.21-20.47.26:755][605]LogModuleManager: Shutting down and abandoning module SceneOutliner (213)
[2016.06.21-20.47.26:755][605]LogModuleManager: Shutting down and abandoning module WidgetCarousel (212)
[2016.06.21-20.47.26:755][605]LogModuleManager: Shutting down and abandoning module AddContentDialog (211)
[2016.06.21-20.47.26:756][605]LogModuleManager: Shutting down and abandoning module GameplayTags (210)
[2016.06.21-20.47.26:756][605]LogModuleManager: Shutting down and abandoning module EditorWidgets (209)
[2016.06.21-20.47.26:756][605]LogModuleManager: Shutting down and abandoning module CollectionManager (208)
[2016.06.21-20.47.26:756][605]LogModuleManager: Shutting down and abandoning module StatsViewer (207)
[2016.06.21-20.47.26:756][605]LogModuleManager: Shutting down and abandoning module FoliageEdit (206)
[2016.06.21-20.47.26:756][605]LogModuleManager: Shutting down and abandoning module LandscapeEditor (205)
[2016.06.21-20.47.26:756][605]LogModuleManager: Shutting down and abandoning module SceneDepthPickerMode (204)
[2016.06.21-20.47.26:756][605]LogModuleManager: Shutting down and abandoning module ActorPickerMode (203)
[2016.06.21-20.47.26:756][605]LogModuleManager: Shutting down and abandoning module GeometryMode (202)
[2016.06.21-20.47.26:756][605]LogModuleManager: Shutting down and abandoning module TextureAlignMode (201)
[2016.06.21-20.47.26:756][605]LogModuleManager: Shutting down and abandoning module BspMode (200)
[2016.06.21-20.47.26:756][605]LogModuleManager: Shutting down and abandoning module HardwareSurvey (199)
[2016.06.21-20.47.26:756][605]LogModuleManager: Shutting down and abandoning module SequenceRecorderSections (198)
[2016.06.21-20.47.26:756][605]LogModuleManager: Shutting down and abandoning module SequenceRecorder (197)
[2016.06.21-20.47.26:756][605]LogModuleManager: Shutting down and abandoning module AutomationWorker (196)
[2016.06.21-20.47.26:756][605]LogModuleManager: Shutting down and abandoning module MatineeToLevelSequence (195)
[2016.06.21-20.47.26:756][605]LogModuleManager: Shutting down and abandoning module PlacementMode (194)
[2016.06.21-20.47.26:756][605]LogModuleManager: Shutting down and abandoning module LevelSequenceEditor (193)
[2016.06.21-20.47.26:757][605]LogModuleManager: Shutting down and abandoning module CharacterAI (192)
[2016.06.21-20.47.26:757][605]LogModuleManager: Shutting down and abandoning module SmartSnapping (191)
[2016.06.21-20.47.26:757][605]LogModuleManager: Shutting down and abandoning module SessionServices (190)
[2016.06.21-20.47.26:757][605]LogModuleManager: Shutting down and abandoning module ViewportSnapping (189)
[2016.06.21-20.47.26:757][605]LogModuleManager: Shutting down and abandoning module LogVisualizer (188)
[2016.06.21-20.47.26:757][605]LogModuleManager: Shutting down and abandoning module GameProjectGeneration (187)
[2016.06.21-20.47.26:757][605]LogModuleManager: Shutting down and abandoning module IntroTutorials (186)
[2016.06.21-20.47.26:757][605]LogModuleManager: Shutting down and abandoning module EditorLiveStreaming (185)
[2016.06.21-20.47.26:757][605]LogModuleManager: Shutting down and abandoning module IOSPlatformEditor (184)
[2016.06.21-20.47.26:757][605]LogModuleManager: Shutting down and abandoning module HTML5PlatformEditor (183)
[2016.06.21-20.47.26:757][605]LogModuleManager: Shutting down and abandoning module AndroidDeviceDetection (182)
[2016.06.21-20.47.27:378][605]LogModuleManager: Shutting down and abandoning module AndroidPlatformEditor (181)
[2016.06.21-20.47.27:378][605]LogModuleManager: Shutting down and abandoning module IOSRuntimeSettings (180)
[2016.06.21-20.47.27:378][605]LogModuleManager: Shutting down and abandoning module AndroidRuntimeSettings (179)
[2016.06.21-20.47.27:378][605]LogModuleManager: Shutting down and abandoning module MergeActors (178)
[2016.06.21-20.47.27:378][605]LogModuleManager: Shutting down and abandoning module SizeMap (177)
[2016.06.21-20.47.27:378][605]LogModuleManager: Shutting down and abandoning module TreeMap (176)
[2016.06.21-20.47.27:378][605]LogModuleManager: Shutting down and abandoning module ReferenceViewer (175)
[2016.06.21-20.47.27:378][605]LogModuleManager: Shutting down and abandoning module LocalizationService (174)
[2016.06.21-20.47.27:378][605]LogModuleManager: Shutting down and abandoning module LocalizationDashboard (173)
[2016.06.21-20.47.27:378][605]LogModuleManager: Shutting down and abandoning module HardwareTargeting (172)
[2016.06.21-20.47.27:378][605]LogModuleManager: Shutting down and abandoning module DeviceProfileEditor (171)
[2016.06.21-20.47.27:378][605]LogModuleManager: Shutting down and abandoning module UndoHistory (170)
[2016.06.21-20.47.27:378][605]LogModuleManager: Shutting down and abandoning module UserFeedback (169)
[2016.06.21-20.47.27:378][605]LogModuleManager: Shutting down and abandoning module XmlParser (168)
[2016.06.21-20.47.27:378][605]LogModuleManager: Shutting down and abandoning module Blutility (167)
[2016.06.21-20.47.27:378][605]LogModuleManager: Shutting down and abandoning module ProjectTargetPlatformEditor (166)
[2016.06.21-20.47.27:378][605]LogModuleManager: Shutting down and abandoning module ProjectSettingsViewer (165)
[2016.06.21-20.47.27:378][605]LogModuleManager: Shutting down and abandoning module InputBindingEditor (164)
[2016.06.21-20.47.27:378][605]LogModuleManager: Shutting down and abandoning module EditorSettingsViewer (163)
[2016.06.21-20.47.27:378][605]LogModuleManager: Shutting down and abandoning module SettingsEditor (162)
[2016.06.21-20.47.27:378][605]LogModuleManager: Shutting down and abandoning module ProjectLauncher (161)
[2016.06.21-20.47.27:378][605]LogModuleManager: Shutting down and abandoning module SessionFrontend (160)
[2016.06.21-20.47.27:378][605]LogModuleManager: Shutting down and abandoning module ProfilerClient (159)
[2016.06.21-20.47.27:378][605]LogModuleManager: Shutting down and abandoning module TargetDeviceServices (158)
[2016.06.21-20.47.27:378][605]LogModuleManager: Shutting down and abandoning module DeviceManager (157)
[2016.06.21-20.47.27:421][605]LogModuleManager: Shutting down and abandoning module AutomationController (156)
[2016.06.21-20.47.27:421][605]LogModuleManager: Shutting down and abandoning module AutomationWindow (155)
[2016.06.21-20.47.27:421][605]LogModuleManager: Shutting down and abandoning module Layers (154)
[2016.06.21-20.47.27:421][605]LogModuleManager: Shutting down and abandoning module ComponentVisualizers (153)
[2016.06.21-20.47.27:421][605]LogModuleManager: Shutting down and abandoning module DetailCustomizations (152)
[2016.06.21-20.47.27:421][605]LogModuleManager: Shutting down and abandoning module PackagesDialog (151)
[2016.06.21-20.47.27:421][605]LogModuleManager: Shutting down and abandoning module Persona (150)
[2016.06.21-20.47.27:422][605]LogModuleManager: Shutting down and abandoning module Kismet (149)
[2016.06.21-20.47.27:422][605]LogModuleManager: Shutting down and abandoning module GraphEditor (148)
[2016.06.21-20.47.27:422][605]LogModuleManager: Shutting down and abandoning module ClassViewer (147)
[2016.06.21-20.47.27:422][605]LogModuleManager: Shutting down and abandoning module Toolbox (146)
[2016.06.21-20.47.27:422][605]LogModuleManager: Shutting down and abandoning module ModuleUI (145)
[2016.06.21-20.47.27:422][605]LogModuleManager: Shutting down and abandoning module MovieSceneTools (144)
[2016.06.21-20.47.27:422][605]LogModuleManager: Shutting down and abandoning module OutputLog (143)
[2016.06.21-20.47.27:422][605]LogModuleManager: Shutting down and abandoning module GammaUI (142)
[2016.06.21-20.47.27:422][605]LogModuleManager: Shutting down and abandoning module Documentation (141)
[2016.06.21-20.47.27:422][605]LogModuleManager: Shutting down and abandoning module StreamingPauseRendering (140)
[2016.06.21-20.47.27:422][605]LogModuleManager: Shutting down and abandoning module AnalyticsET (139)
[2016.06.21-20.47.27:422][605]LogModuleManager: Shutting down and abandoning module Analytics (138)
[2016.06.21-20.47.27:422][605]LogModuleManager: Shutting down and abandoning module PortalServices (137)
[2016.06.21-20.47.27:422][605]LogModuleManager: Shutting down and abandoning module PortalRpc (136)
[2016.06.21-20.47.27:422][605]LogModuleManager: Shutting down and abandoning module MessagingRpc (135)
[2016.06.21-20.47.27:422][605]LogModuleManager: Shutting down and abandoning module GameplayDebugger (134)
[2016.06.21-20.47.27:422][605]LogModuleManager: Shutting down and abandoning module AITestSuite (133)
[2016.06.21-20.47.27:422][605]LogModuleManager: Shutting down and abandoning module AIModule (132)
[2016.06.21-20.47.27:422][605]LogModuleManager: Shutting down and abandoning module ProfilerService (131)
[2016.06.21-20.47.27:569][605]LogModuleManager: Shutting down and abandoning module TaskGraph (130)
[2016.06.21-20.47.27:569][605]LogModuleManager: Shutting down and abandoning module SlateRemote (129)
[2016.06.21-20.47.27:569][605]LogModuleManager: Shutting down and abandoning module SteamVRController (128)
[2016.06.21-20.47.27:569][605]LogModuleManager: Shutting down and abandoning module SteamVR (127)
[2016.06.21-20.47.27:569][605]LogModuleManager: Shutting down and abandoning module ProceduralMeshComponent (126)
[2016.06.21-20.47.27:569][605]LogModuleManager: Shutting down and abandoning module OculusLibrary (125)
[2016.06.21-20.47.27:569][605]LogModuleManager: Shutting down and abandoning module OculusInput (124)
[2016.06.21-20.47.27:569][605]LogModuleManager: Shutting down and abandoning module CustomMeshComponent (123)
[2016.06.21-20.47.27:569][605]LogModuleManager: Shutting down and abandoning module CableComponent (122)
[2016.06.21-20.47.27:569][605]LogModuleManager: Shutting down and abandoning module ArchVisCharacter (121)
[2016.06.21-20.47.27:569][605]LogModuleManager: Shutting down and abandoning module MediaPlayerEditor (120)
[2016.06.21-20.47.27:569][605]LogModuleManager: Shutting down and abandoning module LowEntryExtendedStandardLibraryEditor (119)
[2016.06.21-20.47.27:569][605]LogModuleManager: Shutting down and abandoning module LowEntryExtendedStandardLibrary (118)
[2016.06.21-20.47.27:569][605]LogModuleManager: Shutting down and abandoning module HTML5Networking (117)
[2016.06.21-20.47.27:569][605]LogModuleManager: Shutting down and abandoning module SuperSearch (116)
[2016.06.21-20.47.27:569][605]LogModuleManager: Shutting down and abandoning module SuperSearchEditor (115)
[2016.06.21-20.47.27:569][605]LogModuleManager: Shutting down and abandoning module SpeedTreeImporter (114)
[2016.06.21-20.47.27:569][605]LogModuleManager: Shutting down and abandoning module PluginBrowser (113)
[2016.06.21-20.47.27:569][605]LogModuleManager: Shutting down and abandoning module EpicSurvey (112)
[2016.06.21-20.47.27:569][605]LogModuleManager: Shutting down and abandoning module DesktopPlatform (111)
[2016.06.21-20.47.27:569][605]LogModuleManager: Shutting down and abandoning module VisualStudioSourceCodeAccess (110)
[2016.06.21-20.47.27:569][605]LogModuleManager: Shutting down and abandoning module UObjectPlugin (109)
[2016.06.21-20.47.27:569][605]LogModuleManager: Shutting down and abandoning module SubversionSourceControl (108)
[2016.06.21-20.47.27:569][605]LogModuleManager: Shutting down and abandoning module PerforceSourceControl (107)
[2016.06.21-20.47.27:569][605]LogModuleManager: Shutting down and abandoning module SourceControl (106)
[2016.06.21-20.47.27:569][605]LogModuleManager: Shutting down and abandoning module GitSourceControl (105)
[2016.06.21-20.47.27:569][605]LogModuleManager: Shutting down and abandoning module LightPropagationVolumeEditor (104)
[2016.06.21-20.47.27:569][605]LogModuleManager: Shutting down and abandoning module PaperTiledImporter (103)
[2016.06.21-20.47.27:569][605]LogModuleManager: Shutting down and abandoning module PaperSpriteSheetImporter (102)
[2016.06.21-20.47.27:569][605]LogModuleManager: Shutting down and abandoning module MeshPaint (101)
[2016.06.21-20.47.27:569][605]LogModuleManager: Shutting down and abandoning module PixelInspectorModule (100)
[2016.06.21-20.47.27:569][605]LogModuleManager: Shutting down and abandoning module HotReload (99)
[2016.06.21-20.47.27:570][605]LogModuleManager: Shutting down and abandoning module MainFrame (98)
[2016.06.21-20.47.27:570][605]LogModuleManager: Shutting down and abandoning module LevelEditor (97)
[2016.06.21-20.47.27:571][605]LogModuleManager: Shutting down and abandoning module ContentBrowser (96)
[2016.06.21-20.47.27:572][605]LogModuleManager: Shutting down and abandoning module Paper2DEditor (95)
[2016.06.21-20.47.27:572][605]LogModuleManager: Shutting down and abandoning module UdpMessaging (94)
[2016.06.21-20.47.27:672][605]LogModuleManager: Shutting down and abandoning module LightPropagationVolumeRuntime (93)
[2016.06.21-20.47.27:672][605]LogModuleManager: Shutting down and abandoning module Paper2D (92)
[2016.06.21-20.47.27:672][605]LogModuleManager: Shutting down and abandoning module WindowsMoviePlayer (91)
[2016.06.21-20.47.27:672][605]LogModuleManager: Shutting down and abandoning module Media (90)
[2016.06.21-20.47.27:672][605]LogModuleManager: Shutting down and abandoning module WmfMedia (89)
[2016.06.21-20.47.27:672][605]LogModuleManager: Shutting down and abandoning module MediaAssets (88)
[2016.06.21-20.47.27:672][605]LogModuleManager: Shutting down and abandoning module GameLiveStreaming (87)
[2016.06.21-20.47.27:672][605]LogModuleManager: Shutting down and abandoning module GameplayTagsEditor (86)
[2016.06.21-20.47.27:672][605]LogModuleManager: Shutting down and abandoning module OnlineBlueprintSupport (85)
[2016.06.21-20.47.27:672][605]LogModuleManager: Shutting down and abandoning module VREditor (84)
[2016.06.21-20.47.27:672][605]LogModuleManager: Shutting down and abandoning module GameplayTasksEditor (83)
[2016.06.21-20.47.27:672][605]LogModuleManager: Shutting down and abandoning module PropertyEditor (82)
[2016.06.21-20.47.27:672][605]LogModuleManager: Shutting down and abandoning module BehaviorTreeEditor (81)
[2016.06.21-20.47.27:673][605]LogModuleManager: Shutting down and abandoning module FunctionalTesting (80)
[2016.06.21-20.47.27:673][605]LogModuleManager: Shutting down and abandoning module CollisionAnalyzer (79)
[2016.06.21-20.47.27:673][605]LogModuleManager: Shutting down and abandoning module Sequencer (78)
[2016.06.21-20.47.27:673][605]LogModuleManager: Shutting down and abandoning module WorkspaceMenuStructure (77)
[2016.06.21-20.47.27:673][605]LogModuleManager: Shutting down and abandoning module MessageLog (76)
[2016.06.21-20.47.27:673][605]LogModuleManager: Shutting down and abandoning module AssetTools (75)
[2016.06.21-20.47.27:673][605]LogModuleManager: Shutting down and abandoning module UMGEditor (74)
[2016.06.21-20.47.27:673][605]LogModuleManager: Shutting down and abandoning module UMG (73)
[2016.06.21-20.47.27:673][605]LogModuleManager: Shutting down and abandoning module SlateReflector (72)
[2016.06.21-20.47.27:673][605]LogModuleManager: Shutting down and abandoning module Slate (71)
[2016.06.21-20.47.27:673][605]LogModuleManager: Shutting down and abandoning module EditorStyle (70)
[2016.06.21-20.47.27:676][605]LogModuleManager: Shutting down and abandoning module SourceCodeAccess (69)
[2016.06.21-20.47.27:676][605]LogModuleManager: Shutting down and abandoning module HeadMountedDisplay (68)
[2016.06.21-20.47.27:676][605]LogModuleManager: Shutting down and abandoning module XAudio2 (67)
[2016.06.21-20.47.27:676][605]LogModuleManager: Shutting down and abandoning module Networking (65)
[2016.06.21-20.47.27:676][605]LogModuleManager: Shutting down and abandoning module Core (64)
[2016.06.21-20.47.27:676][605]LogModuleManager: Shutting down and abandoning module DirectoryWatcher (63)
[2016.06.21-20.47.27:676][605]LogModuleManager: Shutting down and abandoning module AssetRegistry (62)
[2016.06.21-20.47.27:807][605]LogModuleManager: Shutting down and abandoning module KismetCompiler (61)
[2016.06.21-20.47.27:807][605]LogModuleManager: Shutting down and abandoning module PhysXFormats (60)
[2016.06.21-20.47.27:807][605]LogModuleManager: Shutting down and abandoning module MeshUtilities (59)
[2016.06.21-20.47.27:807][605]LogModuleManager: Shutting down and abandoning module DerivedDataCache (58)
[2016.06.21-20.47.27:871][605]LogDerivedDataCache: Shutdown
[2016.06.21-20.47.27:871][605]LogModuleManager: Shutting down and abandoning module VulkanShaderFormat (57)
[2016.06.21-20.47.27:871][605]LogModuleManager: Shutting down and abandoning module ShaderFormatOpenGL (56)
[2016.06.21-20.47.27:871][605]LogModuleManager: Shutting down and abandoning module ShaderFormatD3D (55)
[2016.06.21-20.47.27:871][605]LogModuleManager: Shutting down and abandoning module MetalShaderFormat (54)
[2016.06.21-20.47.27:871][605]LogModuleManager: Shutting down and abandoning module TextureFormatUncompressed (53)
[2016.06.21-20.47.27:871][605]LogModuleManager: Shutting down and abandoning module TextureFormatPVR (52)
[2016.06.21-20.47.27:871][605]LogModuleManager: Shutting down and abandoning module TextureFormatIntelISPCTexComp (51)
[2016.06.21-20.47.27:871][605]LogModuleManager: Shutting down and abandoning module TextureFormatDXT (50)
[2016.06.21-20.47.27:871][605]LogModuleManager: Shutting down and abandoning module ImageWrapper (49)
[2016.06.21-20.47.27:871][605]LogModuleManager: Shutting down and abandoning module TextureFormatASTC (48)
[2016.06.21-20.47.27:871][605]LogModuleManager: Shutting down and abandoning module TextureFormatAndroid (47)
[2016.06.21-20.47.27:871][605]LogModuleManager: Shutting down and abandoning module AudioFormatOpus (46)
[2016.06.21-20.47.27:871][605]LogModuleManager: Shutting down and abandoning module AudioFormatOgg (45)
[2016.06.21-20.47.27:871][605]LogModuleManager: Shutting down and abandoning module AudioFormatADPCM (44)
[2016.06.21-20.47.27:871][605]LogModuleManager: Shutting down and abandoning module LinuxTargetPlatform (43)
[2016.06.21-20.47.27:871][605]LogModuleManager: Shutting down and abandoning module LinuxServerTargetPlatform (42)
[2016.06.21-20.47.27:871][605]LogModuleManager: Shutting down and abandoning module LinuxNoEditorTargetPlatform (41)
[2016.06.21-20.47.27:871][605]LogModuleManager: Shutting down and abandoning module TVOSTargetPlatform (40)
[2016.06.21-20.47.27:871][605]LogModuleManager: Shutting down and abandoning module Messaging (39)
[2016.06.21-20.47.27:871][605]LogModuleManager: Shutting down and abandoning module IOSTargetPlatform (38)
[2016.06.21-20.47.27:871][605]LogModuleManager: Shutting down and abandoning module HTML5TargetPlatform (37)
[2016.06.21-20.47.27:871][605]LogModuleManager: Shutting down and abandoning module Android_PVRTCTargetPlatform (36)
[2016.06.21-20.47.27:871][605]LogModuleManager: Shutting down and abandoning module Android_MultiTargetPlatform (35)
[2016.06.21-20.47.27:871][605]LogModuleManager: Shutting down and abandoning module Android_ETC2TargetPlatform (34)
[2016.06.21-20.47.27:871][605]LogModuleManager: Shutting down and abandoning module Android_ETC1TargetPlatform (33)
[2016.06.21-20.47.27:871][605]LogModuleManager: Shutting down and abandoning module Android_DXTTargetPlatform (32)
[2016.06.21-20.47.27:871][605]LogModuleManager: Shutting down and abandoning module Android_ATCTargetPlatform (31)
[2016.06.21-20.47.27:871][605]LogModuleManager: Shutting down and abandoning module Android_ASTCTargetPlatform (30)
[2016.06.21-20.47.27:871][605]LogModuleManager: Shutting down and abandoning module AndroidTargetPlatform (29)
[2016.06.21-20.47.27:871][605]LogModuleManager: Shutting down and abandoning module WindowsTargetPlatform (28)
[2016.06.21-20.47.27:871][605]LogModuleManager: Shutting down and abandoning module WindowsServerTargetPlatform (27)
[2016.06.21-20.47.27:871][605]LogModuleManager: Shutting down and abandoning module WindowsNoEditorTargetPlatform (26)
[2016.06.21-20.47.27:871][605]LogModuleManager: Shutting down and abandoning module WindowsClientTargetPlatform (25)
[2016.06.21-20.47.27:871][605]LogModuleManager: Shutting down and abandoning module AllDesktopTargetPlatform (24)
[2016.06.21-20.47.27:871][605]LogModuleManager: Shutting down and abandoning module TargetPlatform (23)
[2016.06.21-20.47.27:871][605]LogModuleManager: Shutting down and abandoning module InputCore (22)
[2016.06.21-20.47.27:871][605]LogModuleManager: Shutting down and abandoning module Settings (21)
[2016.06.21-20.47.27:871][605]LogModuleManager: Shutting down and abandoning module OnlineSubsystem (19)
[2016.06.21-20.47.27:871][605]LogModuleManager: Shutting down and abandoning module HTTP (18)
[2016.06.21-20.47.32:485][605]LogModuleManager: Shutting down and abandoning module XMPP (17)
[2016.06.21-20.47.32:485][605]LogModuleManager: Shutting down and abandoning module OculusRift (16)
[2016.06.21-20.47.32:485][605]LogModuleManager: Shutting down and abandoning module ExampleDeviceProfileSelector (15)
[2016.06.21-20.47.32:485][605]LogModuleManager: Shutting down and abandoning module TextureCompressor (14)
[2016.06.21-20.47.32:486][605]LogModuleManager: Shutting down and abandoning module ShaderCore (13)
[2016.06.21-20.47.32:486][605]LogModuleManager: Shutting down and abandoning module Landscape (12)
[2016.06.21-20.47.32:486][605]LogModuleManager: Shutting down and abandoning module SlateRHIRenderer (11)
[2016.06.21-20.47.32:497][605]LogModuleManager: Shutting down and abandoning module OpenGLDrv (10)
[2016.06.21-20.47.32:497][605]LogModuleManager: Shutting down and abandoning module D3D11RHI (9)
[2016.06.21-20.47.32:497][605]LogModuleManager: Shutting down and abandoning module AnimGraphRuntime (8)
[2016.06.21-20.47.32:497][605]LogModuleManager: Shutting down and abandoning module Renderer (7)
[2016.06.21-20.47.32:497][605]LogModuleManager: Shutting down and abandoning module Engine (6)
[2016.06.21-20.47.32:497][605]LogModuleManager: Shutting down and abandoning module CoreUObject (5)
[2016.06.21-20.47.32:497][605]LogModuleManager: Shutting down and abandoning module NetworkFile (4)
[2016.06.21-20.47.32:497][605]LogModuleManager: Shutting down and abandoning module StreamingFile (3)
[2016.06.21-20.47.32:497][605]LogModuleManager: Shutting down and abandoning module SandboxFile (2)
[2016.06.21-20.47.32:497][605]LogModuleManager: Shutting down and abandoning module PakFile (1)
[2016.06.21-20.47.32:504][605]LogExit: Exiting.
[2016.06.21-20.47.32:586][605]Log file closed, 06/21/16 17:47:32
